<?xml version="1.0" encoding="UTF-8"?>
<!-- Generated by org.testng.reporters.JUnitReportReporter -->
<testsuite hostname="IBM-GPXTCF4" failures="0" tests="6" name="com.example.hometest" time="47.875" errors="0" timestamp="2026-02-23T15:29:37 IST" skipped="0">
  <testcase classname="com.example.hometest" name="verifyHomePageTitle" time="10.759"/>
  <testcase classname="com.example.hometest" name="verifyNavigationLinksVisible" time="6.304"/>
  <testcase classname="com.example.hometest" name="verifySearchBarPresent" time="6.620"/>
  <testcase classname="com.example.hometest" name="verifyMovieGridVisible" time="6.171"/>
  <testcase classname="com.example.hometest" name="verifyCartCountVisible" time="11.353"/>
  <testcase classname="com.example.hometest" name="verifyLogoutRedirectsToIndex" time="6.668"/>
</testsuite> <!-- com.example.hometest -->
