<?xml version="1.0" encoding="UTF-8"?>
<!-- Generated by org.testng.reporters.JUnitReportReporter -->
<testsuite hostname="IBM-GPXTCF4" failures="0" tests="11" name="com.example.carttest" time="177.465" errors="0" timestamp="2026-02-23T09:48:44 IST" skipped="0">
  <testcase classname="com.example.carttest" name="verifyCartPageTitle" time="16.106"/>
  <testcase classname="com.example.carttest" name="verifyCartUrlContainsCartHtml" time="16.120"/>
  <testcase classname="com.example.carttest" name="verifyCartHeadingVisible" time="16.090"/>
  <testcase classname="com.example.carttest" name="verifyNavigationLinksVisibleOnCartPage" time="16.265"/>
  <testcase classname="com.example.carttest" name="verifyCartContainerVisible" time="16.114"/>
  <testcase classname="com.example.carttest" name="verifyCartItemsAreaOrEmptyStateVisible" time="16.180"/>
  <testcase classname="com.example.carttest" name="verifyQuantityControlsWhenItemsExist" time="16.083"/>
  <testcase classname="com.example.carttest" name="verifyPriceOrSubtotalVisibleForItems" time="16.071"/>
  <testcase classname="com.example.carttest" name="verifyTotalSectionVisible" time="16.115"/>
  <testcase classname="com.example.carttest" name="verifyCheckoutButtonPresence" time="16.114"/>
  <testcase classname="com.example.carttest" name="verifyLogoutRedirectFromCart" time="16.207"/>
</testsuite> <!-- com.example.carttest -->
