<?xml version="1.0" encoding="UTF-8"?>
<!-- Generated by org.testng.reporters.JUnitReportReporter -->
<testsuite hostname="IBM-GPXTCF4" failures="0" tests="12" name="com.example.ordertest" time="2.412" errors="0" timestamp="2026-02-23T15:29:37 IST" skipped="0">
  <testcase classname="com.example.ordertest" name="verifyOrdersPageTitle" time="0.158"/>
  <testcase classname="com.example.ordertest" name="verifyOrdersUrlContainsOrdersHtml" time="0.168"/>
  <testcase classname="com.example.ordertest" name="verifyNavigationLinksVisible" time="0.221"/>
  <testcase classname="com.example.ordertest" name="verifyOrdersHeadingVisible" time="0.194"/>
  <testcase classname="com.example.ordertest" name="verifyOrdersListContainerPresent" time="0.169"/>
  <testcase classname="com.example.ordertest" name="verifyEmptyStateVisibleWhenNoOrders" time="0.245"/>
  <testcase classname="com.example.ordertest" name="verifyEmptyStateHasBrowseMoviesLink" time="0.174"/>
  <testcase classname="com.example.ordertest" name="verifyOrderCardVisibleWhenOrdersExist" time="0.186"/>
  <testcase classname="com.example.ordertest" name="verifyOrderCardShowsIdDateAndTotal" time="0.322"/>
  <testcase classname="com.example.ordertest" name="verifyOrderItemLineIsRendered" time="0.204"/>
  <testcase classname="com.example.ordertest" name="verifySuccessToastShownWhenSuccessQueryPresent" time="0.210"/>
  <testcase classname="com.example.ordertest" name="verifyNavCartCountUpdatesFromStoredCart" time="0.161"/>
</testsuite> <!-- com.example.ordertest -->
