<?xml version="1.0" encoding="UTF-8"?>
<!-- Generated by org.testng.reporters.JUnitReportReporter -->
<testsuite hostname="IBM-GPXTCF4" failures="0" tests="11" name="com.example.carttest" time="187.118" errors="0" timestamp="2026-02-23T15:29:37 IST" skipped="0">
  <testcase classname="com.example.carttest" name="verifyCartPageTitle" time="17.024"/>
  <testcase classname="com.example.carttest" name="verifyCartUrlContainsCartHtml" time="17.101"/>
  <testcase classname="com.example.carttest" name="verifyCartHeadingVisible" time="16.925"/>
  <testcase classname="com.example.carttest" name="verifyNavigationLinksVisibleOnCartPage" time="16.716"/>
  <testcase classname="com.example.carttest" name="verifyCartContainerVisible" time="16.795"/>
  <testcase classname="com.example.carttest" name="verifyCartItemsAreaOrEmptyStateVisible" time="17.187"/>
  <testcase classname="com.example.carttest" name="verifyQuantityControlsWhenItemsExist" time="17.158"/>
  <testcase classname="com.example.carttest" name="verifyPriceOrSubtotalVisibleForItems" time="17.120"/>
  <testcase classname="com.example.carttest" name="verifyTotalSectionVisible" time="16.977"/>
  <testcase classname="com.example.carttest" name="verifyCheckoutButtonPresence" time="16.999"/>
  <testcase classname="com.example.carttest" name="verifyLogoutRedirectFromCart" time="17.116"/>
</testsuite> <!-- com.example.carttest -->
