<?xml version="1.0" encoding="UTF-8"?>
<!-- Generated by org.testng.reporters.JUnitReportReporter -->
<testsuite hostname="IBM-GPXTCF4" failures="0" tests="12" name="com.example.paymenttest" time="9.344" errors="0" timestamp="2026-02-23T15:29:37 IST" skipped="0">
  <testcase classname="com.example.paymenttest" name="verifyRedirectToCartWhenCartIsEmpty" time="0.178"/>
  <testcase classname="com.example.paymenttest" name="verifyPaymentPageTitle" time="0.162"/>
  <testcase classname="com.example.paymenttest" name="verifyPaymentFormVisible" time="0.215"/>
  <testcase classname="com.example.paymenttest" name="verifyOrderSummaryVisible" time="0.215"/>
  <testcase classname="com.example.paymenttest" name="verifyNavLinksVisible" time="0.182"/>
  <testcase classname="com.example.paymenttest" name="verifyCardNumberAutoFormatting" time="0.352"/>
  <testcase classname="com.example.paymenttest" name="verifyExpiryAutoFormatting" time="0.317"/>
  <testcase classname="com.example.paymenttest" name="verifyCvvAllowsDigitsOnly" time="0.295"/>
  <testcase classname="com.example.paymenttest" name="verifyErrorForEmptyName" time="1.869"/>
  <testcase classname="com.example.paymenttest" name="verifyErrorForInvalidCardNumber" time="1.944"/>
  <testcase classname="com.example.paymenttest" name="verifyErrorForInvalidExpiry" time="1.807"/>
  <testcase classname="com.example.paymenttest" name="verifySuccessfulPaymentRedirectsToOrdersAndClearsCart" time="1.808"/>
</testsuite> <!-- com.example.paymenttest -->
