<?xml version="1.0" encoding="UTF-8"?>
<!-- Generated by org.testng.reporters.JUnitReportReporter -->
<testsuite hostname="IBM-GPXTCF4" failures="0" tests="12" name="com.example.moviedetailstest" time="2.374" errors="0" timestamp="2026-02-23T09:48:44 IST" skipped="0">
  <testcase classname="com.example.moviedetailstest" name="verifyMovieDetailsPageTitle" time="0.559"/>
  <testcase classname="com.example.moviedetailstest" name="verifyNavigationLinksVisible" time="0.173"/>
  <testcase classname="com.example.moviedetailstest" name="verifyDetailContentVisibleForValidMovieId" time="0.171"/>
  <testcase classname="com.example.moviedetailstest" name="verifyMovieTitleIsDisplayed" time="0.167"/>
  <testcase classname="com.example.moviedetailstest" name="verifyMoviePosterImageLoaded" time="0.160"/>
  <testcase classname="com.example.moviedetailstest" name="verifyMoviePriceFormat" time="0.170"/>
  <testcase classname="com.example.moviedetailstest" name="verifyAddToCartButtonVisibleAndEnabled" time="0.134"/>
  <testcase classname="com.example.moviedetailstest" name="verifyBackToHomeLinkPresent" time="0.125"/>
  <testcase classname="com.example.moviedetailstest" name="verifyAddToCartUpdatesNavbarCountAndShowsToast" time="0.260"/>
  <testcase classname="com.example.moviedetailstest" name="verifyAddToCartPersistsCartItemInLocalStorage" time="0.188"/>
  <testcase classname="com.example.moviedetailstest" name="verifyInvalidMovieIdShowsNotFoundMessage" time="0.139"/>
  <testcase classname="com.example.moviedetailstest" name="verifyMissingMovieIdShowsNotFoundMessage" time="0.128"/>
</testsuite> <!-- com.example.moviedetailstest -->
