<?xml version="1.0" encoding="UTF-8"?>
<!-- Generated by org.testng.reporters.JUnitReportReporter -->
<testsuite hostname="IBM-GPXTCF4" failures="0" tests="6" name="com.example.hometest" time="42.513" errors="0" timestamp="2026-02-23T09:48:44 IST" skipped="0">
  <testcase classname="com.example.hometest" name="verifyHomePageTitle" time="9.421"/>
  <testcase classname="com.example.hometest" name="verifyNavigationLinksVisible" time="5.647"/>
  <testcase classname="com.example.hometest" name="verifySearchBarPresent" time="10.537"/>
  <testcase classname="com.example.hometest" name="verifyMovieGridVisible" time="5.623"/>
  <testcase classname="com.example.hometest" name="verifyCartCountVisible" time="5.589"/>
  <testcase classname="com.example.hometest" name="verifyLogoutRedirectsToIndex" time="5.696"/>
</testsuite> <!-- com.example.hometest -->
