<?xml version="1.0" encoding="UTF-8"?>
<!-- Generated by org.testng.reporters.JUnitReportReporter -->
<testsuite hostname="IBM-GPXTCF4" failures="0" tests="12" name="com.example.ordertest" time="1.747" errors="0" timestamp="2026-02-23T09:48:44 IST" skipped="0">
  <testcase classname="com.example.ordertest" name="verifyOrdersPageTitle" time="0.176"/>
  <testcase classname="com.example.ordertest" name="verifyOrdersUrlContainsOrdersHtml" time="0.124"/>
  <testcase classname="com.example.ordertest" name="verifyNavigationLinksVisible" time="0.146"/>
  <testcase classname="com.example.ordertest" name="verifyOrdersHeadingVisible" time="0.145"/>
  <testcase classname="com.example.ordertest" name="verifyOrdersListContainerPresent" time="0.114"/>
  <testcase classname="com.example.ordertest" name="verifyEmptyStateVisibleWhenNoOrders" time="0.153"/>
  <testcase classname="com.example.ordertest" name="verifyEmptyStateHasBrowseMoviesLink" time="0.163"/>
  <testcase classname="com.example.ordertest" name="verifyOrderCardVisibleWhenOrdersExist" time="0.143"/>
  <testcase classname="com.example.ordertest" name="verifyOrderCardShowsIdDateAndTotal" time="0.190"/>
  <testcase classname="com.example.ordertest" name="verifyOrderItemLineIsRendered" time="0.118"/>
  <testcase classname="com.example.ordertest" name="verifySuccessToastShownWhenSuccessQueryPresent" time="0.139"/>
  <testcase classname="com.example.ordertest" name="verifyNavCartCountUpdatesFromStoredCart" time="0.136"/>
</testsuite> <!-- com.example.ordertest -->
