<?xml version="1.0" encoding="UTF-8"?>
<!-- Generated by org.testng.reporters.JUnitReportReporter -->
<testsuite hostname="IBM-GPXTCF4" failures="0" tests="12" name="com.example.indextest" time="4.313" errors="0" timestamp="2026-02-23T15:29:37 IST" skipped="0">
  <testcase classname="com.example.indextest" name="verifyLoginTabDefault" time="0.228"/>
  <testcase classname="com.example.indextest" name="verifySignupTabSwitch" time="0.347"/>
  <testcase classname="com.example.indextest" name="verifyLoginEmptyFields" time="0.526"/>
  <testcase classname="com.example.indextest" name="verifySuccessfulSignup" time="0.962"/>
  <testcase classname="com.example.indextest" name="verifySuccessfulLogin" time="0.617"/>
  <testcase classname="com.example.indextest" name="verifyIndexPageTitle" time="0.095"/>
  <testcase classname="com.example.indextest" name="verifyLoginFieldsTypeAndRequired" time="0.241"/>
  <testcase classname="com.example.indextest" name="verifySignupFieldsTypeAndRequired" time="0.284"/>
  <testcase classname="com.example.indextest" name="verifySwitchBackToLoginTab" time="0.396"/>
  <testcase classname="com.example.indextest" name="verifyLoginSubmitButtonPresent" time="0.174"/>
  <testcase classname="com.example.indextest" name="verifySignupSubmitButtonPresent" time="0.304"/>
  <testcase classname="com.example.indextest" name="verifyLoginTabButtonIsDisplayed" time="0.139"/>
</testsuite> <!-- com.example.indextest -->
