<?xml version="1.0" encoding="UTF-8"?>
<!-- Generated by org.testng.reporters.JUnitReportReporter -->
<testsuite hostname="IBM-GPXTCF4" failures="0" tests="12" name="com.example.paymenttest" time="7.092" errors="0" timestamp="2026-02-23T09:48:44 IST" skipped="0">
  <testcase classname="com.example.paymenttest" name="verifyRedirectToCartWhenCartIsEmpty" time="0.189"/>
  <testcase classname="com.example.paymenttest" name="verifyPaymentPageTitle" time="0.114"/>
  <testcase classname="com.example.paymenttest" name="verifyPaymentFormVisible" time="0.147"/>
  <testcase classname="com.example.paymenttest" name="verifyOrderSummaryVisible" time="0.130"/>
  <testcase classname="com.example.paymenttest" name="verifyNavLinksVisible" time="0.156"/>
  <testcase classname="com.example.paymenttest" name="verifyCardNumberAutoFormatting" time="0.222"/>
  <testcase classname="com.example.paymenttest" name="verifyExpiryAutoFormatting" time="0.195"/>
  <testcase classname="com.example.paymenttest" name="verifyCvvAllowsDigitsOnly" time="0.178"/>
  <testcase classname="com.example.paymenttest" name="verifyErrorForEmptyName" time="1.455"/>
  <testcase classname="com.example.paymenttest" name="verifyErrorForInvalidCardNumber" time="1.417"/>
  <testcase classname="com.example.paymenttest" name="verifyErrorForInvalidExpiry" time="1.442"/>
  <testcase classname="com.example.paymenttest" name="verifySuccessfulPaymentRedirectsToOrdersAndClearsCart" time="1.447"/>
</testsuite> <!-- com.example.paymenttest -->
