<?xml version="1.0" encoding="UTF-8"?>
<!-- Generated by org.testng.reporters.JUnitReportReporter -->
<testsuite hostname="IBM-GPXTCF4" failures="0" tests="12" name="com.example.indextest" time="2.358" errors="0" timestamp="2026-02-23T09:48:44 IST" skipped="0">
  <testcase classname="com.example.indextest" name="verifyLoginTabDefault" time="0.165"/>
  <testcase classname="com.example.indextest" name="verifySignupTabSwitch" time="0.186"/>
  <testcase classname="com.example.indextest" name="verifyLoginEmptyFields" time="0.278"/>
  <testcase classname="com.example.indextest" name="verifySuccessfulSignup" time="0.318"/>
  <testcase classname="com.example.indextest" name="verifySuccessfulLogin" time="0.328"/>
  <testcase classname="com.example.indextest" name="verifyIndexPageTitle" time="0.062"/>
  <testcase classname="com.example.indextest" name="verifyLoginFieldsTypeAndRequired" time="0.189"/>
  <testcase classname="com.example.indextest" name="verifySignupFieldsTypeAndRequired" time="0.295"/>
  <testcase classname="com.example.indextest" name="verifySwitchBackToLoginTab" time="0.208"/>
  <testcase classname="com.example.indextest" name="verifyLoginSubmitButtonPresent" time="0.083"/>
  <testcase classname="com.example.indextest" name="verifySignupSubmitButtonPresent" time="0.170"/>
  <testcase classname="com.example.indextest" name="verifyLoginTabButtonIsDisplayed" time="0.076"/>
</testsuite> <!-- com.example.indextest -->
