<?xml version="1.0" encoding="UTF-8"?>
<!-- Generated by org.testng.reporters.JUnitReportReporter -->
<testsuite hostname="IBM-GPXTCF4" failures="0" tests="12" name="com.example.moviedetailstest" time="2.841" errors="0" timestamp="2026-02-23T15:29:37 IST" skipped="0">
  <testcase classname="com.example.moviedetailstest" name="verifyMovieDetailsPageTitle" time="0.502"/>
  <testcase classname="com.example.moviedetailstest" name="verifyNavigationLinksVisible" time="0.203"/>
  <testcase classname="com.example.moviedetailstest" name="verifyDetailContentVisibleForValidMovieId" time="0.197"/>
  <testcase classname="com.example.moviedetailstest" name="verifyMovieTitleIsDisplayed" time="0.191"/>
  <testcase classname="com.example.moviedetailstest" name="verifyMoviePosterImageLoaded" time="0.194"/>
  <testcase classname="com.example.moviedetailstest" name="verifyMoviePriceFormat" time="0.181"/>
  <testcase classname="com.example.moviedetailstest" name="verifyAddToCartButtonVisibleAndEnabled" time="0.171"/>
  <testcase classname="com.example.moviedetailstest" name="verifyBackToHomeLinkPresent" time="0.178"/>
  <testcase classname="com.example.moviedetailstest" name="verifyAddToCartUpdatesNavbarCountAndShowsToast" time="0.404"/>
  <testcase classname="com.example.moviedetailstest" name="verifyAddToCartPersistsCartItemInLocalStorage" time="0.274"/>
  <testcase classname="com.example.moviedetailstest" name="verifyInvalidMovieIdShowsNotFoundMessage" time="0.170"/>
  <testcase classname="com.example.moviedetailstest" name="verifyMissingMovieIdShowsNotFoundMessage" time="0.176"/>
</testsuite> <!-- com.example.moviedetailstest -->
