{"id":"302d8911926d14ee6d5be41e5ad1286e","name":"verifySearchBarPresent","start":1771840544671,"stop":1771840550960,"duration":6289,"status":"passed","fullName":"com.example.hometest.verifySearchBarPresent","historyId":"736fc95eeb70bfc554d9edd519923c07.d41d8cd98f00b204e9800998ecf8427e","flaky":false,"muted":false,"known":false,"hidden":false,"labels":[{"name":"package","value":"com.example.hometest"},{"name":"testClass","value":"com.example.hometest"},{"name":"testMethod","value":"verifySearchBarPresent"},{"name":"parentSuite","value":"Auth Suite"},{"name":"suite","value":"Auth Tests"},{"name":"subSuite","value":"com.example.hometest"},{"name":"host","value":"IBM-GPXTCF4"},{"name":"thread","value":"30368@IBM-GPXTCF4.main(1)"},{"name":"framework","value":"testng"},{"name":"language","value":"java"}],"groupedLabels":{"package":["com.example.hometest"],"testClass":["com.example.hometest"],"testMethod":["verifySearchBarPresent"],"parentSuite":["Auth Suite"],"suite":["Auth Tests"],"subSuite":["com.example.hometest"],"host":["IBM-GPXTCF4"],"thread":["30368@IBM-GPXTCF4.main(1)"],"framework":["testng"],"language":["java"]},"parameters":[],"links":[],"steps":[],"error":{},"testCase":{"id":"736fc95eeb70bfc554d9edd519923c07","name":"verifySearchBarPresent","fullName":"com.example.hometest.verifySearchBarPresent"},"environment":"default","setup":[{"id":"ce51be6ae38c1506bc77018c338ce59b","type":"before","name":"setup","status":"passed","steps":[],"duration":926},{"id":"7a34a928427d1402cc0a3f35440da7e0","type":"before","name":"loadIndexPage","status":"passed","steps":[],"duration":224}],"teardown":[{"id":"0f6e46e9e2a9997be20f3e1f13bfeaaf","type":"after","name":"tearDown","status":"passed","steps":[],"duration":198}],"history":[],"retries":[{"id":"535c4c7a8cedcf1d93463b75e7b2a268","name":"verifySearchBarPresent","testCase":{"id":"736fc95eeb70bfc554d9edd519923c07","name":"verifySearchBarPresent","fullName":"com.example.hometest.verifySearchBarPresent"},"fullName":"com.example.hometest.verifySearchBarPresent","historyId":"736fc95eeb70bfc554d9edd519923c07.d41d8cd98f00b204e9800998ecf8427e","status":"passed","error":{},"start":1771840349037,"stop":1771840355218,"duration":6181,"flaky":false,"muted":false,"known":false,"hidden":true,"labels":[{"name":"package","value":"com.example.hometest"},{"name":"testClass","value":"com.example.hometest"},{"name":"testMethod","value":"verifySearchBarPresent"},{"name":"parentSuite","value":"Auth Suite"},{"name":"suite","value":"Auth Tests"},{"name":"subSuite","value":"com.example.hometest"},{"name":"host","value":"IBM-GPXTCF4"},{"name":"thread","value":"25364@IBM-GPXTCF4.main(1)"},{"name":"framework","value":"testng"},{"name":"language","value":"java"}],"steps":[],"parameters":[],"links":[],"hostId":"IBM-GPXTCF4","threadId":"25364@IBM-GPXTCF4.main(1)","sourceMetadata":{"readerId":"allure2","metadata":{"originalFileName":"4048840f-2717-4230-a206-82105e394595-result.json"}},"titlePath":[],"environment":"default"},{"id":"ddd800e71b6860450d123c167063d2d9","name":"verifySearchBarPresent","testCase":{"id":"736fc95eeb70bfc554d9edd519923c07","name":"verifySearchBarPresent","fullName":"com.example.hometest.verifySearchBarPresent"},"fullName":"com.example.hometest.verifySearchBarPresent","historyId":"736fc95eeb70bfc554d9edd519923c07.d41d8cd98f00b204e9800998ecf8427e","status":"skipped","error":{"message":"no such window: target window already closed\nfrom unknown error: web view not found\n  (Session info: MicrosoftEdge=145.0.3800.70)\nBuild info: version: '4.40.0', revision: 'b3333f1'\nSystem info: os.name: 'Windows 11', os.arch: 'amd64', os.version: '10.0', java.version: '21.0.10'\nDriver info: org.openqa.selenium.edge.EdgeDriver\nCommand: [6b7d866962f1cf226a9e23a532017510, getCurrentUrl {}]\nCapabilities {acceptInsecureCerts: false, browserName: MicrosoftEdge, browserVersion: 145.0.3800.70, fedcm:accounts: true, goog:processID: 32800, ms:edgeOptions: {debuggerAddress: localhost:54687}, msedge: {msedgedriverVersion: 145.0.3800.70 (57ed5ba8de27..., userDataDir: C:\\Users\\SaiTejaN\\AppData\\L...}, networkConnectionEnabled: false, pageLoadStrategy: normal, platformName: windows, proxy: Proxy(), se:cdp: ws://localhost:54687/devtoo..., se:cdpVersion: 145.0.3800.70, setWindowRect: true, strictFileInteractability: false, timeouts: {implicit: 0, pageLoad: 300000, script: 30000}, unhandledPromptBehavior: dismiss and notify, webauthn:extension:credBlob: true, webauthn:extension:largeBlob: true, webauthn:extension:minPinLength: true, webauthn:extension:prf: true, webauthn:virtualAuthenticators: true}\nSession ID: 6b7d866962f1cf226a9e23a532017510","trace":"org.openqa.selenium.NoSuchWindowException: no such window: target window already closed\nfrom unknown error: web view not found\n  (Session info: MicrosoftEdge=145.0.3800.70)\nBuild info: version: '4.40.0', revision: 'b3333f1'\nSystem info: os.name: 'Windows 11', os.arch: 'amd64', os.version: '10.0', java.version: '21.0.10'\nDriver info: org.openqa.selenium.edge.EdgeDriver\nCommand: [6b7d866962f1cf226a9e23a532017510, getCurrentUrl {}]\nCapabilities {acceptInsecureCerts: false, browserName: MicrosoftEdge, browserVersion: 145.0.3800.70, fedcm:accounts: true, goog:processID: 32800, ms:edgeOptions: {debuggerAddress: localhost:54687}, msedge: {msedgedriverVersion: 145.0.3800.70 (57ed5ba8de27..., userDataDir: C:\\Users\\SaiTejaN\\AppData\\L...}, networkConnectionEnabled: false, pageLoadStrategy: normal, platformName: windows, proxy: Proxy(), se:cdp: ws://localhost:54687/devtoo..., se:cdpVersion: 145.0.3800.70, setWindowRect: true, strictFileInteractability: false, timeouts: {implicit: 0, pageLoad: 300000, script: 30000}, unhandledPromptBehavior: dismiss and notify, webauthn:extension:credBlob: true, webauthn:extension:largeBlob: true, webauthn:extension:minPinLength: true, webauthn:extension:prf: true, webauthn:virtualAuthenticators: true}\nSession ID: 6b7d866962f1cf226a9e23a532017510\r\n\tat org.openqa.selenium.remote.ErrorCodec.decode(ErrorCodec.java:169)\r\n\tat org.openqa.selenium.remote.codec.w3c.W3CHttpResponseCodec.decode(W3CHttpResponseCodec.java:142)\r\n\tat org.openqa.selenium.remote.codec.w3c.W3CHttpResponseCodec.decode(W3CHttpResponseCodec.java:49)\r\n\tat org.openqa.selenium.remote.HttpCommandExecutor.execute(HttpCommandExecutor.java:223)\r\n\tat org.openqa.selenium.remote.service.DriverCommandExecutor.invokeExecute(DriverCommandExecutor.java:216)\r\n\tat org.openqa.selenium.remote.service.DriverCommandExecutor.execute(DriverCommandExecutor.java:174)\r\n\tat org.openqa.selenium.remote.RemoteWebDriver.execute(RemoteWebDriver.java:601)\r\n\tat org.openqa.selenium.remote.RemoteWebDriver.execute(RemoteWebDriver.java:678)\r\n\tat org.openqa.selenium.remote.RemoteWebDriver.execute(RemoteWebDriver.java:682)\r\n\tat org.openqa.selenium.remote.RemoteWebDriver.getCurrentUrl(RemoteWebDriver.java:381)\r\n\tat com.example.hometest.ensureAtIndexLoggedOut(hometest.java:60)\r\n\tat com.example.hometest.loadIndexPage(hometest.java:34)\r\n\tat java.base/jdk.internal.reflect.DirectMethodHandleAccessor.invoke(DirectMethodHandleAccessor.java:103)\r\n\tat java.base/java.lang.reflect.Method.invoke(Method.java:580)\r\n\tat org.testng.internal.invokers.MethodInvocationHelper.invokeMethod(MethodInvocationHelper.java:141)\r\n\tat org.testng.internal.invokers.MethodInvocationHelper.invokeMethodConsideringTimeout(MethodInvocationHelper.java:71)\r\n\tat org.testng.internal.invokers.ConfigInvoker.invokeConfigurationMethod(ConfigInvoker.java:400)\r\n\tat org.testng.internal.invokers.ConfigInvoker.invokeConfigurations(ConfigInvoker.java:333)\r\n\tat org.testng.internal.invokers.TestInvoker.runConfigMethods(TestInvoker.java:836)\r\n\tat org.testng.internal.invokers.TestInvoker.invokeMethod(TestInvoker.java:601)\r\n\tat org.testng.internal.invokers.TestInvoker.invokeTestMethod(TestInvoker.java:230)\r\n\tat org.testng.internal.invokers.MethodRunner.runInSequence(MethodRunner.java:63)\r\n\tat org.testng.internal.invokers.TestInvoker$MethodInvocationAgent.invoke(TestInvoker.java:995)\r\n\tat org.testng.internal.invokers.TestInvoker.invokeTestMethods(TestInvoker.java:203)\r\n\tat org.testng.internal.invokers.TestMethodWorker.invokeTestMethods(TestMethodWorker.java:154)\r\n\tat org.testng.internal.invokers.TestMethodWorker.run(TestMethodWorker.java:134)\r\n\tat java.base/java.util.ArrayList.forEach(ArrayList.java:1596)\r\n\tat org.testng.TestRunner.privateRun(TestRunner.java:741)\r\n\tat org.testng.TestRunner.run(TestRunner.java:616)\r\n\tat org.testng.SuiteRunner.runTest(SuiteRunner.java:421)\r\n\tat org.testng.SuiteRunner.runSequentially(SuiteRunner.java:413)\r\n\tat org.testng.SuiteRunner.privateRun(SuiteRunner.java:373)\r\n\tat org.testng.SuiteRunner.run(SuiteRunner.java:312)\r\n\tat org.testng.SuiteRunnerWorker.runSuite(SuiteRunnerWorker.java:52)\r\n\tat org.testng.SuiteRunnerWorker.run(SuiteRunnerWorker.java:95)\r\n\tat org.testng.TestNG.runSuitesSequentially(TestNG.java:1274)\r\n\tat org.testng.TestNG.runSuitesLocally(TestNG.java:1208)\r\n\tat org.testng.TestNG.runSuites(TestNG.java:1112)\r\n\tat org.testng.TestNG.run(TestNG.java:1079)\r\n\tat org.apache.maven.surefire.testng.TestNGExecutor.run(TestNGExecutor.java:308)\r\n\tat org.apache.maven.surefire.testng.TestNGXmlTestSuite.execute(TestNGXmlTestSuite.java:71)\r\n\tat org.apache.maven.surefire.testng.TestNGProvider.invoke(TestNGProvider.java:113)\r\n\tat org.apache.maven.surefire.booter.ForkedBooter.runSuitesInProcess(ForkedBooter.java:385)\r\n\tat org.apache.maven.surefire.booter.ForkedBooter.execute(ForkedBooter.java:162)\r\n\tat org.apache.maven.surefire.booter.ForkedBooter.run(ForkedBooter.java:507)\r\n\tat org.apache.maven.surefire.booter.ForkedBooter.main(ForkedBooter.java:495)\r\n"},"start":1771840054837,"stop":1771840054838,"duration":1,"flaky":false,"muted":false,"known":false,"hidden":true,"labels":[{"name":"package","value":"com.example.hometest"},{"name":"testClass","value":"com.example.hometest"},{"name":"testMethod","value":"verifySearchBarPresent"},{"name":"parentSuite","value":"Auth Suite"},{"name":"suite","value":"Auth Tests"},{"name":"subSuite","value":"com.example.hometest"},{"name":"host","value":"IBM-GPXTCF4"},{"name":"thread","value":"4320@IBM-GPXTCF4.main(1)"},{"name":"framework","value":"testng"},{"name":"language","value":"java"}],"steps":[],"parameters":[],"links":[],"hostId":"IBM-GPXTCF4","threadId":"4320@IBM-GPXTCF4.main(1)","sourceMetadata":{"readerId":"allure2","metadata":{"originalFileName":"71ba3f33-8a40-49b1-a066-4f974f32a649-result.json"}},"titlePath":[],"environment":"default"},{"id":"e95a5348f5483d98e767594effb6d86c","name":"verifySearchBarPresent","testCase":{"id":"736fc95eeb70bfc554d9edd519923c07","name":"verifySearchBarPresent","fullName":"com.example.hometest.verifySearchBarPresent"},"fullName":"com.example.hometest.verifySearchBarPresent","historyId":"736fc95eeb70bfc554d9edd519923c07.d41d8cd98f00b204e9800998ecf8427e","status":"skipped","error":{"message":"unknown error: net::ERR_CONNECTION_REFUSED\n  (Session info: MicrosoftEdge=145.0.3800.70)\nBuild info: version: '4.40.0', revision: 'b3333f1'\nSystem info: os.name: 'Windows 11', os.arch: 'amd64', os.version: '10.0', java.version: '21.0.10'\nDriver info: org.openqa.selenium.edge.EdgeDriver\nCommand: [8ab31c0a14c8f16901db9f64760b4ff6, get {url=http://127.0.0.1:5500/index.html}]\nCapabilities {acceptInsecureCerts: false, browserName: MicrosoftEdge, browserVersion: 145.0.3800.70, fedcm:accounts: true, goog:processID: 13568, ms:edgeOptions: {debuggerAddress: localhost:51490}, msedge: {msedgedriverVersion: 145.0.3800.70 (57ed5ba8de27..., userDataDir: C:\\Users\\SaiTejaN\\AppData\\L...}, networkConnectionEnabled: false, pageLoadStrategy: normal, platformName: windows, proxy: Proxy(), se:cdp: ws://localhost:51490/devtoo..., se:cdpVersion: 145.0.3800.70, setWindowRect: true, strictFileInteractability: false, timeouts: {implicit: 0, pageLoad: 300000, script: 30000}, unhandledPromptBehavior: dismiss and notify, webauthn:extension:credBlob: true, webauthn:extension:largeBlob: true, webauthn:extension:minPinLength: true, webauthn:extension:prf: true, webauthn:virtualAuthenticators: true}\nSession ID: 8ab31c0a14c8f16901db9f64760b4ff6","trace":"org.openqa.selenium.WebDriverException: unknown error: net::ERR_CONNECTION_REFUSED\n  (Session info: MicrosoftEdge=145.0.3800.70)\nBuild info: version: '4.40.0', revision: 'b3333f1'\nSystem info: os.name: 'Windows 11', os.arch: 'amd64', os.version: '10.0', java.version: '21.0.10'\nDriver info: org.openqa.selenium.edge.EdgeDriver\nCommand: [8ab31c0a14c8f16901db9f64760b4ff6, get {url=http://127.0.0.1:5500/index.html}]\nCapabilities {acceptInsecureCerts: false, browserName: MicrosoftEdge, browserVersion: 145.0.3800.70, fedcm:accounts: true, goog:processID: 13568, ms:edgeOptions: {debuggerAddress: localhost:51490}, msedge: {msedgedriverVersion: 145.0.3800.70 (57ed5ba8de27..., userDataDir: C:\\Users\\SaiTejaN\\AppData\\L...}, networkConnectionEnabled: false, pageLoadStrategy: normal, platformName: windows, proxy: Proxy(), se:cdp: ws://localhost:51490/devtoo..., se:cdpVersion: 145.0.3800.70, setWindowRect: true, strictFileInteractability: false, timeouts: {implicit: 0, pageLoad: 300000, script: 30000}, unhandledPromptBehavior: dismiss and notify, webauthn:extension:credBlob: true, webauthn:extension:largeBlob: true, webauthn:extension:minPinLength: true, webauthn:extension:prf: true, webauthn:virtualAuthenticators: true}\nSession ID: 8ab31c0a14c8f16901db9f64760b4ff6\r\n\tat org.openqa.selenium.remote.ErrorCodec.decode(ErrorCodec.java:169)\r\n\tat org.openqa.selenium.remote.codec.w3c.W3CHttpResponseCodec.decode(W3CHttpResponseCodec.java:142)\r\n\tat org.openqa.selenium.remote.codec.w3c.W3CHttpResponseCodec.decode(W3CHttpResponseCodec.java:49)\r\n\tat org.openqa.selenium.remote.HttpCommandExecutor.execute(HttpCommandExecutor.java:223)\r\n\tat org.openqa.selenium.remote.service.DriverCommandExecutor.invokeExecute(DriverCommandExecutor.java:216)\r\n\tat org.openqa.selenium.remote.service.DriverCommandExecutor.execute(DriverCommandExecutor.java:174)\r\n\tat org.openqa.selenium.remote.RemoteWebDriver.execute(RemoteWebDriver.java:601)\r\n\tat org.openqa.selenium.remote.RemoteWebDriver.get(RemoteWebDriver.java:369)\r\n\tat com.example.hometest.loadIndexPage(hometest.java:33)\r\n\tat java.base/jdk.internal.reflect.DirectMethodHandleAccessor.invoke(DirectMethodHandleAccessor.java:103)\r\n\tat java.base/java.lang.reflect.Method.invoke(Method.java:580)\r\n\tat org.testng.internal.invokers.MethodInvocationHelper.invokeMethod(MethodInvocationHelper.java:141)\r\n\tat org.testng.internal.invokers.MethodInvocationHelper.invokeMethodConsideringTimeout(MethodInvocationHelper.java:71)\r\n\tat org.testng.internal.invokers.ConfigInvoker.invokeConfigurationMethod(ConfigInvoker.java:400)\r\n\tat org.testng.internal.invokers.ConfigInvoker.invokeConfigurations(ConfigInvoker.java:333)\r\n\tat org.testng.internal.invokers.TestInvoker.runConfigMethods(TestInvoker.java:836)\r\n\tat org.testng.internal.invokers.TestInvoker.invokeMethod(TestInvoker.java:601)\r\n\tat org.testng.internal.invokers.TestInvoker.invokeTestMethod(TestInvoker.java:230)\r\n\tat org.testng.internal.invokers.MethodRunner.runInSequence(MethodRunner.java:63)\r\n\tat org.testng.internal.invokers.TestInvoker$MethodInvocationAgent.invoke(TestInvoker.java:995)\r\n\tat org.testng.internal.invokers.TestInvoker.invokeTestMethods(TestInvoker.java:203)\r\n\tat org.testng.internal.invokers.TestMethodWorker.invokeTestMethods(TestMethodWorker.java:154)\r\n\tat org.testng.internal.invokers.TestMethodWorker.run(TestMethodWorker.java:134)\r\n\tat java.base/java.util.ArrayList.forEach(ArrayList.java:1596)\r\n\tat org.testng.TestRunner.privateRun(TestRunner.java:741)\r\n\tat org.testng.TestRunner.run(TestRunner.java:616)\r\n\tat org.testng.SuiteRunner.runTest(SuiteRunner.java:421)\r\n\tat org.testng.SuiteRunner.runSequentially(SuiteRunner.java:413)\r\n\tat org.testng.SuiteRunner.privateRun(SuiteRunner.java:373)\r\n\tat org.testng.SuiteRunner.run(SuiteRunner.java:312)\r\n\tat org.testng.SuiteRunnerWorker.runSuite(SuiteRunnerWorker.java:52)\r\n\tat org.testng.SuiteRunnerWorker.run(SuiteRunnerWorker.java:95)\r\n\tat org.testng.TestNG.runSuitesSequentially(TestNG.java:1274)\r\n\tat org.testng.TestNG.runSuitesLocally(TestNG.java:1208)\r\n\tat org.testng.TestNG.runSuites(TestNG.java:1112)\r\n\tat org.testng.TestNG.run(TestNG.java:1079)\r\n\tat org.apache.maven.surefire.testng.TestNGExecutor.run(TestNGExecutor.java:308)\r\n\tat org.apache.maven.surefire.testng.TestNGXmlTestSuite.execute(TestNGXmlTestSuite.java:71)\r\n\tat org.apache.maven.surefire.testng.TestNGProvider.invoke(TestNGProvider.java:113)\r\n\tat org.apache.maven.surefire.booter.ForkedBooter.runSuitesInProcess(ForkedBooter.java:385)\r\n\tat org.apache.maven.surefire.booter.ForkedBooter.execute(ForkedBooter.java:162)\r\n\tat org.apache.maven.surefire.booter.ForkedBooter.run(ForkedBooter.java:507)\r\n\tat org.apache.maven.surefire.booter.ForkedBooter.main(ForkedBooter.java:495)\r\n"},"start":1771839903690,"stop":1771839903690,"duration":0,"flaky":false,"muted":false,"known":false,"hidden":true,"labels":[{"name":"package","value":"com.example.hometest"},{"name":"testClass","value":"com.example.hometest"},{"name":"testMethod","value":"verifySearchBarPresent"},{"name":"parentSuite","value":"Auth Suite"},{"name":"suite","value":"Auth Tests"},{"name":"subSuite","value":"com.example.hometest"},{"name":"host","value":"IBM-GPXTCF4"},{"name":"thread","value":"17804@IBM-GPXTCF4.main(1)"},{"name":"framework","value":"testng"},{"name":"language","value":"java"}],"steps":[],"parameters":[],"links":[],"hostId":"IBM-GPXTCF4","threadId":"17804@IBM-GPXTCF4.main(1)","sourceMetadata":{"readerId":"allure2","metadata":{"originalFileName":"a5e2374a-05fa-46d2-bc10-252a3ee06fc0-result.json"}},"titlePath":[],"environment":"default"},{"id":"2eda29452e77c25285e17939bbcc783e","name":"verifySearchBarPresent","testCase":{"id":"736fc95eeb70bfc554d9edd519923c07","name":"verifySearchBarPresent","fullName":"com.example.hometest.verifySearchBarPresent"},"fullName":"com.example.hometest.verifySearchBarPresent","historyId":"736fc95eeb70bfc554d9edd519923c07.d41d8cd98f00b204e9800998ecf8427e","status":"skipped","error":{"message":"unknown error: net::ERR_CONNECTION_REFUSED\n  (Session info: chrome=145.0.7632.77)\nBuild info: version: '4.40.0', revision: 'b3333f1'\nSystem info: os.name: 'Windows 11', os.arch: 'amd64', os.version: '10.0', java.version: '21.0.10'\nDriver info: org.openqa.selenium.chrome.ChromeDriver\nCommand: [397bfbf2e2001103c798fb7fdd424969, get {url=http://127.0.0.1:5500/index.html}]\nCapabilities {acceptInsecureCerts: false, browserName: chrome, browserVersion: 145.0.7632.77, chrome: {chromedriverVersion: 145.0.7632.77 (da516187054a..., userDataDir: C:\\Users\\SaiTejaN\\AppData\\L...}, fedcm:accounts: true, goog:chromeOptions: {debuggerAddress: localhost:53937}, goog:processID: 20596, networkConnectionEnabled: false, pageLoadStrategy: normal, platformName: windows, proxy: Proxy(), se:cdp: ws://localhost:53937/devtoo..., se:cdpVersion: 145.0.7632.77, setWindowRect: true, strictFileInteractability: false, timeouts: {implicit: 0, pageLoad: 300000, script: 30000}, unhandledPromptBehavior: dismiss and notify, webauthn:extension:credBlob: true, webauthn:extension:largeBlob: true, webauthn:extension:minPinLength: true, webauthn:extension:prf: true, webauthn:virtualAuthenticators: true}\nSession ID: 397bfbf2e2001103c798fb7fdd424969","trace":"org.openqa.selenium.WebDriverException: unknown error: net::ERR_CONNECTION_REFUSED\n  (Session info: chrome=145.0.7632.77)\nBuild info: version: '4.40.0', revision: 'b3333f1'\nSystem info: os.name: 'Windows 11', os.arch: 'amd64', os.version: '10.0', java.version: '21.0.10'\nDriver info: org.openqa.selenium.chrome.ChromeDriver\nCommand: [397bfbf2e2001103c798fb7fdd424969, get {url=http://127.0.0.1:5500/index.html}]\nCapabilities {acceptInsecureCerts: false, browserName: chrome, browserVersion: 145.0.7632.77, chrome: {chromedriverVersion: 145.0.7632.77 (da516187054a..., userDataDir: C:\\Users\\SaiTejaN\\AppData\\L...}, fedcm:accounts: true, goog:chromeOptions: {debuggerAddress: localhost:53937}, goog:processID: 20596, networkConnectionEnabled: false, pageLoadStrategy: normal, platformName: windows, proxy: Proxy(), se:cdp: ws://localhost:53937/devtoo..., se:cdpVersion: 145.0.7632.77, setWindowRect: true, strictFileInteractability: false, timeouts: {implicit: 0, pageLoad: 300000, script: 30000}, unhandledPromptBehavior: dismiss and notify, webauthn:extension:credBlob: true, webauthn:extension:largeBlob: true, webauthn:extension:minPinLength: true, webauthn:extension:prf: true, webauthn:virtualAuthenticators: true}\nSession ID: 397bfbf2e2001103c798fb7fdd424969\r\n\tat org.openqa.selenium.remote.ErrorCodec.decode(ErrorCodec.java:169)\r\n\tat org.openqa.selenium.remote.codec.w3c.W3CHttpResponseCodec.decode(W3CHttpResponseCodec.java:142)\r\n\tat org.openqa.selenium.remote.codec.w3c.W3CHttpResponseCodec.decode(W3CHttpResponseCodec.java:49)\r\n\tat org.openqa.selenium.remote.HttpCommandExecutor.execute(HttpCommandExecutor.java:223)\r\n\tat org.openqa.selenium.remote.service.DriverCommandExecutor.invokeExecute(DriverCommandExecutor.java:216)\r\n\tat org.openqa.selenium.remote.service.DriverCommandExecutor.execute(DriverCommandExecutor.java:174)\r\n\tat org.openqa.selenium.remote.RemoteWebDriver.execute(RemoteWebDriver.java:601)\r\n\tat org.openqa.selenium.remote.RemoteWebDriver.get(RemoteWebDriver.java:369)\r\n\tat com.example.hometest.loadIndexPage(hometest.java:31)\r\n\tat java.base/jdk.internal.reflect.DirectMethodHandleAccessor.invoke(DirectMethodHandleAccessor.java:103)\r\n\tat java.base/java.lang.reflect.Method.invoke(Method.java:580)\r\n\tat org.testng.internal.invokers.MethodInvocationHelper.invokeMethod(MethodInvocationHelper.java:141)\r\n\tat org.testng.internal.invokers.MethodInvocationHelper.invokeMethodConsideringTimeout(MethodInvocationHelper.java:71)\r\n\tat org.testng.internal.invokers.ConfigInvoker.invokeConfigurationMethod(ConfigInvoker.java:400)\r\n\tat org.testng.internal.invokers.ConfigInvoker.invokeConfigurations(ConfigInvoker.java:333)\r\n\tat org.testng.internal.invokers.TestInvoker.runConfigMethods(TestInvoker.java:836)\r\n\tat org.testng.internal.invokers.TestInvoker.invokeMethod(TestInvoker.java:601)\r\n\tat org.testng.internal.invokers.TestInvoker.invokeTestMethod(TestInvoker.java:230)\r\n\tat org.testng.internal.invokers.MethodRunner.runInSequence(MethodRunner.java:63)\r\n\tat org.testng.internal.invokers.TestInvoker$MethodInvocationAgent.invoke(TestInvoker.java:995)\r\n\tat org.testng.internal.invokers.TestInvoker.invokeTestMethods(TestInvoker.java:203)\r\n\tat org.testng.internal.invokers.TestMethodWorker.invokeTestMethods(TestMethodWorker.java:154)\r\n\tat org.testng.internal.invokers.TestMethodWorker.run(TestMethodWorker.java:134)\r\n\tat java.base/java.util.ArrayList.forEach(ArrayList.java:1596)\r\n\tat org.testng.TestRunner.privateRun(TestRunner.java:741)\r\n\tat org.testng.TestRunner.run(TestRunner.java:616)\r\n\tat org.testng.SuiteRunner.runTest(SuiteRunner.java:421)\r\n\tat org.testng.SuiteRunner.runSequentially(SuiteRunner.java:413)\r\n\tat org.testng.SuiteRunner.privateRun(SuiteRunner.java:373)\r\n\tat org.testng.SuiteRunner.run(SuiteRunner.java:312)\r\n\tat org.testng.SuiteRunnerWorker.runSuite(SuiteRunnerWorker.java:52)\r\n\tat org.testng.SuiteRunnerWorker.run(SuiteRunnerWorker.java:95)\r\n\tat org.testng.TestNG.runSuitesSequentially(TestNG.java:1274)\r\n\tat org.testng.TestNG.runSuitesLocally(TestNG.java:1208)\r\n\tat org.testng.TestNG.runSuites(TestNG.java:1112)\r\n\tat org.testng.TestNG.run(TestNG.java:1079)\r\n\tat org.apache.maven.surefire.testng.TestNGExecutor.run(TestNGExecutor.java:308)\r\n\tat org.apache.maven.surefire.testng.TestNGXmlTestSuite.execute(TestNGXmlTestSuite.java:71)\r\n\tat org.apache.maven.surefire.testng.TestNGProvider.invoke(TestNGProvider.java:113)\r\n\tat org.apache.maven.surefire.booter.ForkedBooter.runSuitesInProcess(ForkedBooter.java:385)\r\n\tat org.apache.maven.surefire.booter.ForkedBooter.execute(ForkedBooter.java:162)\r\n\tat org.apache.maven.surefire.booter.ForkedBooter.run(ForkedBooter.java:507)\r\n\tat org.apache.maven.surefire.booter.ForkedBooter.main(ForkedBooter.java:495)\r\n"},"start":1771839769817,"stop":1771839769817,"duration":0,"flaky":false,"muted":false,"known":false,"hidden":true,"labels":[{"name":"package","value":"com.example.hometest"},{"name":"testClass","value":"com.example.hometest"},{"name":"testMethod","value":"verifySearchBarPresent"},{"name":"parentSuite","value":"Auth Suite"},{"name":"suite","value":"Auth Tests"},{"name":"subSuite","value":"com.example.hometest"},{"name":"host","value":"IBM-GPXTCF4"},{"name":"thread","value":"29016@IBM-GPXTCF4.main(1)"},{"name":"framework","value":"testng"},{"name":"language","value":"java"}],"steps":[],"parameters":[],"links":[],"hostId":"IBM-GPXTCF4","threadId":"29016@IBM-GPXTCF4.main(1)","sourceMetadata":{"readerId":"allure2","metadata":{"originalFileName":"62c78314-1df5-4fe2-bd0f-0b6f65778a19-result.json"}},"titlePath":[],"environment":"default"},{"id":"cf8fe848ae5fe2a5b981344060cb4add","name":"verifySearchBarPresent","testCase":{"id":"736fc95eeb70bfc554d9edd519923c07","name":"verifySearchBarPresent","fullName":"com.example.hometest.verifySearchBarPresent"},"fullName":"com.example.hometest.verifySearchBarPresent","historyId":"736fc95eeb70bfc554d9edd519923c07.d41d8cd98f00b204e9800998ecf8427e","status":"passed","error":{},"start":1771820109528,"stop":1771820114939,"duration":5411,"flaky":false,"muted":false,"known":false,"hidden":true,"labels":[{"name":"package","value":"com.example.hometest"},{"name":"testClass","value":"com.example.hometest"},{"name":"testMethod","value":"verifySearchBarPresent"},{"name":"parentSuite","value":"Auth Suite"},{"name":"suite","value":"Auth Tests"},{"name":"subSuite","value":"com.example.hometest"},{"name":"host","value":"IBM-GPXTCF4"},{"name":"thread","value":"4476@IBM-GPXTCF4.main(1)"},{"name":"framework","value":"testng"},{"name":"language","value":"java"}],"steps":[],"parameters":[],"links":[],"hostId":"IBM-GPXTCF4","threadId":"4476@IBM-GPXTCF4.main(1)","sourceMetadata":{"readerId":"allure2","metadata":{"originalFileName":"1c01ddde-dd54-4cc2-ba60-eea1f96c88e0-result.json"}},"titlePath":[],"environment":"default"},{"id":"9c43a62683d793000f14a362dc0c11d2","name":"verifySearchBarPresent","testCase":{"id":"736fc95eeb70bfc554d9edd519923c07","name":"verifySearchBarPresent","fullName":"com.example.hometest.verifySearchBarPresent"},"fullName":"com.example.hometest.verifySearchBarPresent","historyId":"736fc95eeb70bfc554d9edd519923c07.d41d8cd98f00b204e9800998ecf8427e","status":"skipped","error":{"message":"unknown error: net::ERR_CONNECTION_REFUSED\n  (Session info: MicrosoftEdge=145.0.3800.65)\nBuild info: version: '4.40.0', revision: 'b3333f1'\nSystem info: os.name: 'Windows 11', os.arch: 'amd64', os.version: '10.0', java.version: '21.0.10'\nDriver info: org.openqa.selenium.edge.EdgeDriver\nCommand: [e660e0e0b3b1542d67ee69235f4dbb29, get {url=http://127.0.0.1:5500/index.html}]\nCapabilities {acceptInsecureCerts: false, browserName: MicrosoftEdge, browserVersion: 145.0.3800.65, fedcm:accounts: true, goog:processID: 21184, ms:edgeOptions: {debuggerAddress: localhost:53259}, msedge: {msedgedriverVersion: 145.0.3800.70 (57ed5ba8de27..., userDataDir: C:\\Users\\SaiTejaN\\AppData\\L...}, networkConnectionEnabled: false, pageLoadStrategy: normal, platformName: windows, proxy: Proxy(), se:cdp: ws://localhost:53259/devtoo..., se:cdpVersion: 145.0.3800.65, setWindowRect: true, strictFileInteractability: false, timeouts: {implicit: 0, pageLoad: 300000, script: 30000}, unhandledPromptBehavior: dismiss and notify, webauthn:extension:credBlob: true, webauthn:extension:largeBlob: true, webauthn:extension:minPinLength: true, webauthn:extension:prf: true, webauthn:virtualAuthenticators: true}\nSession ID: e660e0e0b3b1542d67ee69235f4dbb29","trace":"org.openqa.selenium.WebDriverException: unknown error: net::ERR_CONNECTION_REFUSED\n  (Session info: MicrosoftEdge=145.0.3800.65)\nBuild info: version: '4.40.0', revision: 'b3333f1'\nSystem info: os.name: 'Windows 11', os.arch: 'amd64', os.version: '10.0', java.version: '21.0.10'\nDriver info: org.openqa.selenium.edge.EdgeDriver\nCommand: [e660e0e0b3b1542d67ee69235f4dbb29, get {url=http://127.0.0.1:5500/index.html}]\nCapabilities {acceptInsecureCerts: false, browserName: MicrosoftEdge, browserVersion: 145.0.3800.65, fedcm:accounts: true, goog:processID: 21184, ms:edgeOptions: {debuggerAddress: localhost:53259}, msedge: {msedgedriverVersion: 145.0.3800.70 (57ed5ba8de27..., userDataDir: C:\\Users\\SaiTejaN\\AppData\\L...}, networkConnectionEnabled: false, pageLoadStrategy: normal, platformName: windows, proxy: Proxy(), se:cdp: ws://localhost:53259/devtoo..., se:cdpVersion: 145.0.3800.65, setWindowRect: true, strictFileInteractability: false, timeouts: {implicit: 0, pageLoad: 300000, script: 30000}, unhandledPromptBehavior: dismiss and notify, webauthn:extension:credBlob: true, webauthn:extension:largeBlob: true, webauthn:extension:minPinLength: true, webauthn:extension:prf: true, webauthn:virtualAuthenticators: true}\nSession ID: e660e0e0b3b1542d67ee69235f4dbb29\r\n\tat org.openqa.selenium.remote.ErrorCodec.decode(ErrorCodec.java:169)\r\n\tat org.openqa.selenium.remote.codec.w3c.W3CHttpResponseCodec.decode(W3CHttpResponseCodec.java:142)\r\n\tat org.openqa.selenium.remote.codec.w3c.W3CHttpResponseCodec.decode(W3CHttpResponseCodec.java:49)\r\n\tat org.openqa.selenium.remote.HttpCommandExecutor.execute(HttpCommandExecutor.java:223)\r\n\tat org.openqa.selenium.remote.service.DriverCommandExecutor.invokeExecute(DriverCommandExecutor.java:216)\r\n\tat org.openqa.selenium.remote.service.DriverCommandExecutor.execute(DriverCommandExecutor.java:174)\r\n\tat org.openqa.selenium.remote.RemoteWebDriver.execute(RemoteWebDriver.java:601)\r\n\tat org.openqa.selenium.remote.RemoteWebDriver.get(RemoteWebDriver.java:369)\r\n\tat com.example.hometest.loadIndexPage(hometest.java:33)\r\n\tat java.base/jdk.internal.reflect.DirectMethodHandleAccessor.invoke(DirectMethodHandleAccessor.java:103)\r\n\tat java.base/java.lang.reflect.Method.invoke(Method.java:580)\r\n\tat org.testng.internal.invokers.MethodInvocationHelper.invokeMethod(MethodInvocationHelper.java:141)\r\n\tat org.testng.internal.invokers.MethodInvocationHelper.invokeMethodConsideringTimeout(MethodInvocationHelper.java:71)\r\n\tat org.testng.internal.invokers.ConfigInvoker.invokeConfigurationMethod(ConfigInvoker.java:400)\r\n\tat org.testng.internal.invokers.ConfigInvoker.invokeConfigurations(ConfigInvoker.java:333)\r\n\tat org.testng.internal.invokers.TestInvoker.runConfigMethods(TestInvoker.java:836)\r\n\tat org.testng.internal.invokers.TestInvoker.invokeMethod(TestInvoker.java:601)\r\n\tat org.testng.internal.invokers.TestInvoker.invokeTestMethod(TestInvoker.java:230)\r\n\tat org.testng.internal.invokers.MethodRunner.runInSequence(MethodRunner.java:63)\r\n\tat org.testng.internal.invokers.TestInvoker$MethodInvocationAgent.invoke(TestInvoker.java:995)\r\n\tat org.testng.internal.invokers.TestInvoker.invokeTestMethods(TestInvoker.java:203)\r\n\tat org.testng.internal.invokers.TestMethodWorker.invokeTestMethods(TestMethodWorker.java:154)\r\n\tat org.testng.internal.invokers.TestMethodWorker.run(TestMethodWorker.java:134)\r\n\tat java.base/java.util.ArrayList.forEach(ArrayList.java:1596)\r\n\tat org.testng.TestRunner.privateRun(TestRunner.java:741)\r\n\tat org.testng.TestRunner.run(TestRunner.java:616)\r\n\tat org.testng.SuiteRunner.runTest(SuiteRunner.java:421)\r\n\tat org.testng.SuiteRunner.runSequentially(SuiteRunner.java:413)\r\n\tat org.testng.SuiteRunner.privateRun(SuiteRunner.java:373)\r\n\tat org.testng.SuiteRunner.run(SuiteRunner.java:312)\r\n\tat org.testng.SuiteRunnerWorker.runSuite(SuiteRunnerWorker.java:52)\r\n\tat org.testng.SuiteRunnerWorker.run(SuiteRunnerWorker.java:95)\r\n\tat org.testng.TestNG.runSuitesSequentially(TestNG.java:1274)\r\n\tat org.testng.TestNG.runSuitesLocally(TestNG.java:1208)\r\n\tat org.testng.TestNG.runSuites(TestNG.java:1112)\r\n\tat org.testng.TestNG.run(TestNG.java:1079)\r\n\tat org.apache.maven.surefire.testng.TestNGExecutor.run(TestNGExecutor.java:308)\r\n\tat org.apache.maven.surefire.testng.TestNGXmlTestSuite.execute(TestNGXmlTestSuite.java:71)\r\n\tat org.apache.maven.surefire.testng.TestNGProvider.invoke(TestNGProvider.java:113)\r\n\tat org.apache.maven.surefire.booter.ForkedBooter.runSuitesInProcess(ForkedBooter.java:385)\r\n\tat org.apache.maven.surefire.booter.ForkedBooter.execute(ForkedBooter.java:162)\r\n\tat org.apache.maven.surefire.booter.ForkedBooter.run(ForkedBooter.java:507)\r\n\tat org.apache.maven.surefire.booter.ForkedBooter.main(ForkedBooter.java:495)\r\n"},"start":1771819953297,"stop":1771819953298,"duration":1,"flaky":false,"muted":false,"known":false,"hidden":true,"labels":[{"name":"package","value":"com.example.hometest"},{"name":"testClass","value":"com.example.hometest"},{"name":"testMethod","value":"verifySearchBarPresent"},{"name":"parentSuite","value":"Auth Suite"},{"name":"suite","value":"Auth Tests"},{"name":"subSuite","value":"com.example.hometest"},{"name":"host","value":"IBM-GPXTCF4"},{"name":"thread","value":"10764@IBM-GPXTCF4.main(1)"},{"name":"framework","value":"testng"},{"name":"language","value":"java"}],"steps":[],"parameters":[],"links":[],"hostId":"IBM-GPXTCF4","threadId":"10764@IBM-GPXTCF4.main(1)","sourceMetadata":{"readerId":"allure2","metadata":{"originalFileName":"5013ed01-7a14-4882-9fab-7403d8262e3a-result.json"}},"titlePath":[],"environment":"default"}],"breadcrumbs":[["Auth Suite","Auth Tests","com.example.hometest"]],"retry":true,"titlePath":[],"retriesCount":6,"attachments":[],"order":354}