{"id":"96ef70fb0ff4000a38b98b088b3287dc","name":"verifyInvalidMovieIdShowsNotFoundMessage","start":1771840574276,"stop":1771840574367,"duration":91,"status":"passed","fullName":"com.example.moviedetailstest.verifyInvalidMovieIdShowsNotFoundMessage","historyId":"0fae2607a8662fbac57a18be94112f67.d41d8cd98f00b204e9800998ecf8427e","flaky":false,"muted":false,"known":false,"hidden":false,"labels":[{"name":"package","value":"com.example.moviedetailstest"},{"name":"testClass","value":"com.example.moviedetailstest"},{"name":"testMethod","value":"verifyInvalidMovieIdShowsNotFoundMessage"},{"name":"parentSuite","value":"Auth Suite"},{"name":"suite","value":"Auth Tests"},{"name":"subSuite","value":"com.example.moviedetailstest"},{"name":"host","value":"IBM-GPXTCF4"},{"name":"thread","value":"30368@IBM-GPXTCF4.main(1)"},{"name":"framework","value":"testng"},{"name":"language","value":"java"}],"groupedLabels":{"package":["com.example.moviedetailstest"],"testClass":["com.example.moviedetailstest"],"testMethod":["verifyInvalidMovieIdShowsNotFoundMessage"],"parentSuite":["Auth Suite"],"suite":["Auth Tests"],"subSuite":["com.example.moviedetailstest"],"host":["IBM-GPXTCF4"],"thread":["30368@IBM-GPXTCF4.main(1)"],"framework":["testng"],"language":["java"]},"parameters":[],"links":[],"steps":[],"error":{},"testCase":{"id":"0fae2607a8662fbac57a18be94112f67","name":"verifyInvalidMovieIdShowsNotFoundMessage","fullName":"com.example.moviedetailstest.verifyInvalidMovieIdShowsNotFoundMessage"},"environment":"default","setup":[{"id":"9ff9ae7704a35975d43552dc717875e1","type":"before","name":"resetState","status":"passed","steps":[],"duration":79},{"id":"001af6163257b78ef90760e1e4dc6d4e","type":"before","name":"setup","status":"passed","steps":[],"duration":893}],"teardown":[{"id":"d2cea0b2475173a1f2e1c477db6be142","type":"after","name":"tearDown","status":"passed","steps":[],"duration":213}],"history":[],"retries":[{"id":"c0e3c554f5d46f4d0f12ad235144c727","name":"verifyInvalidMovieIdShowsNotFoundMessage","testCase":{"id":"0fae2607a8662fbac57a18be94112f67","name":"verifyInvalidMovieIdShowsNotFoundMessage","fullName":"com.example.moviedetailstest.verifyInvalidMovieIdShowsNotFoundMessage"},"fullName":"com.example.moviedetailstest.verifyInvalidMovieIdShowsNotFoundMessage","historyId":"0fae2607a8662fbac57a18be94112f67.d41d8cd98f00b204e9800998ecf8427e","status":"passed","error":{},"start":1771840378454,"stop":1771840378535,"duration":81,"flaky":false,"muted":false,"known":false,"hidden":true,"labels":[{"name":"package","value":"com.example.moviedetailstest"},{"name":"testClass","value":"com.example.moviedetailstest"},{"name":"testMethod","value":"verifyInvalidMovieIdShowsNotFoundMessage"},{"name":"parentSuite","value":"Auth Suite"},{"name":"suite","value":"Auth Tests"},{"name":"subSuite","value":"com.example.moviedetailstest"},{"name":"host","value":"IBM-GPXTCF4"},{"name":"thread","value":"25364@IBM-GPXTCF4.main(1)"},{"name":"framework","value":"testng"},{"name":"language","value":"java"}],"steps":[],"parameters":[],"links":[],"hostId":"IBM-GPXTCF4","threadId":"25364@IBM-GPXTCF4.main(1)","sourceMetadata":{"readerId":"allure2","metadata":{"originalFileName":"d06998fe-97f9-4971-8354-ffa53089cd3e-result.json"}},"titlePath":[],"environment":"default"},{"id":"5d16dfc0d787eb7e017aa8a02d793ae2","name":"verifyInvalidMovieIdShowsNotFoundMessage","testCase":{"id":"0fae2607a8662fbac57a18be94112f67","name":"verifyInvalidMovieIdShowsNotFoundMessage","fullName":"com.example.moviedetailstest.verifyInvalidMovieIdShowsNotFoundMessage"},"fullName":"com.example.moviedetailstest.verifyInvalidMovieIdShowsNotFoundMessage","historyId":"0fae2607a8662fbac57a18be94112f67.d41d8cd98f00b204e9800998ecf8427e","status":"skipped","error":{"message":"unknown error: net::ERR_CONNECTION_REFUSED\n  (Session info: MicrosoftEdge=145.0.3800.70)\nBuild info: version: '4.40.0', revision: 'b3333f1'\nSystem info: os.name: 'Windows 11', os.arch: 'amd64', os.version: '10.0', java.version: '21.0.10'\nDriver info: org.openqa.selenium.edge.EdgeDriver\nCommand: [d102f5f89550a3f745ac2879f6f07043, get {url=http://127.0.0.1:5500/index.html}]\nCapabilities {acceptInsecureCerts: false, browserName: MicrosoftEdge, browserVersion: 145.0.3800.70, fedcm:accounts: true, goog:processID: 32320, ms:edgeOptions: {debuggerAddress: localhost:52698}, msedge: {msedgedriverVersion: 145.0.3800.70 (57ed5ba8de27..., userDataDir: C:\\Users\\SaiTejaN\\AppData\\L...}, networkConnectionEnabled: false, pageLoadStrategy: normal, platformName: windows, proxy: Proxy(), se:cdp: ws://localhost:52698/devtoo..., se:cdpVersion: 145.0.3800.70, setWindowRect: true, strictFileInteractability: false, timeouts: {implicit: 0, pageLoad: 300000, script: 30000}, unhandledPromptBehavior: dismiss and notify, webauthn:extension:credBlob: true, webauthn:extension:largeBlob: true, webauthn:extension:minPinLength: true, webauthn:extension:prf: true, webauthn:virtualAuthenticators: true}\nSession ID: d102f5f89550a3f745ac2879f6f07043","trace":"org.openqa.selenium.WebDriverException: unknown error: net::ERR_CONNECTION_REFUSED\n  (Session info: MicrosoftEdge=145.0.3800.70)\nBuild info: version: '4.40.0', revision: 'b3333f1'\nSystem info: os.name: 'Windows 11', os.arch: 'amd64', os.version: '10.0', java.version: '21.0.10'\nDriver info: org.openqa.selenium.edge.EdgeDriver\nCommand: [d102f5f89550a3f745ac2879f6f07043, get {url=http://127.0.0.1:5500/index.html}]\nCapabilities {acceptInsecureCerts: false, browserName: MicrosoftEdge, browserVersion: 145.0.3800.70, fedcm:accounts: true, goog:processID: 32320, ms:edgeOptions: {debuggerAddress: localhost:52698}, msedge: {msedgedriverVersion: 145.0.3800.70 (57ed5ba8de27..., userDataDir: C:\\Users\\SaiTejaN\\AppData\\L...}, networkConnectionEnabled: false, pageLoadStrategy: normal, platformName: windows, proxy: Proxy(), se:cdp: ws://localhost:52698/devtoo..., se:cdpVersion: 145.0.3800.70, setWindowRect: true, strictFileInteractability: false, timeouts: {implicit: 0, pageLoad: 300000, script: 30000}, unhandledPromptBehavior: dismiss and notify, webauthn:extension:credBlob: true, webauthn:extension:largeBlob: true, webauthn:extension:minPinLength: true, webauthn:extension:prf: true, webauthn:virtualAuthenticators: true}\nSession ID: d102f5f89550a3f745ac2879f6f07043\r\n\tat org.openqa.selenium.remote.ErrorCodec.decode(ErrorCodec.java:169)\r\n\tat org.openqa.selenium.remote.codec.w3c.W3CHttpResponseCodec.decode(W3CHttpResponseCodec.java:142)\r\n\tat org.openqa.selenium.remote.codec.w3c.W3CHttpResponseCodec.decode(W3CHttpResponseCodec.java:49)\r\n\tat org.openqa.selenium.remote.HttpCommandExecutor.execute(HttpCommandExecutor.java:223)\r\n\tat org.openqa.selenium.remote.service.DriverCommandExecutor.invokeExecute(DriverCommandExecutor.java:216)\r\n\tat org.openqa.selenium.remote.service.DriverCommandExecutor.execute(DriverCommandExecutor.java:174)\r\n\tat org.openqa.selenium.remote.RemoteWebDriver.execute(RemoteWebDriver.java:601)\r\n\tat org.openqa.selenium.remote.RemoteWebDriver.get(RemoteWebDriver.java:369)\r\n\tat com.example.moviedetailstest.resetState(moviedetailstest.java:62)\r\n\tat java.base/jdk.internal.reflect.DirectMethodHandleAccessor.invoke(DirectMethodHandleAccessor.java:103)\r\n\tat java.base/java.lang.reflect.Method.invoke(Method.java:580)\r\n\tat org.testng.internal.invokers.MethodInvocationHelper.invokeMethod(MethodInvocationHelper.java:141)\r\n\tat org.testng.internal.invokers.MethodInvocationHelper.invokeMethodConsideringTimeout(MethodInvocationHelper.java:71)\r\n\tat org.testng.internal.invokers.ConfigInvoker.invokeConfigurationMethod(ConfigInvoker.java:400)\r\n\tat org.testng.internal.invokers.ConfigInvoker.invokeConfigurations(ConfigInvoker.java:333)\r\n\tat org.testng.internal.invokers.TestInvoker.runConfigMethods(TestInvoker.java:836)\r\n\tat org.testng.internal.invokers.TestInvoker.invokeMethod(TestInvoker.java:601)\r\n\tat org.testng.internal.invokers.TestInvoker.invokeTestMethod(TestInvoker.java:230)\r\n\tat org.testng.internal.invokers.MethodRunner.runInSequence(MethodRunner.java:63)\r\n\tat org.testng.internal.invokers.TestInvoker$MethodInvocationAgent.invoke(TestInvoker.java:995)\r\n\tat org.testng.internal.invokers.TestInvoker.invokeTestMethods(TestInvoker.java:203)\r\n\tat org.testng.internal.invokers.TestMethodWorker.invokeTestMethods(TestMethodWorker.java:154)\r\n\tat org.testng.internal.invokers.TestMethodWorker.run(TestMethodWorker.java:134)\r\n\tat java.base/java.util.ArrayList.forEach(ArrayList.java:1596)\r\n\tat org.testng.TestRunner.privateRun(TestRunner.java:741)\r\n\tat org.testng.TestRunner.run(TestRunner.java:616)\r\n\tat org.testng.SuiteRunner.runTest(SuiteRunner.java:421)\r\n\tat org.testng.SuiteRunner.runSequentially(SuiteRunner.java:413)\r\n\tat org.testng.SuiteRunner.privateRun(SuiteRunner.java:373)\r\n\tat org.testng.SuiteRunner.run(SuiteRunner.java:312)\r\n\tat org.testng.SuiteRunnerWorker.runSuite(SuiteRunnerWorker.java:52)\r\n\tat org.testng.SuiteRunnerWorker.run(SuiteRunnerWorker.java:95)\r\n\tat org.testng.TestNG.runSuitesSequentially(TestNG.java:1274)\r\n\tat org.testng.TestNG.runSuitesLocally(TestNG.java:1208)\r\n\tat org.testng.TestNG.runSuites(TestNG.java:1112)\r\n\tat org.testng.TestNG.run(TestNG.java:1079)\r\n\tat org.apache.maven.surefire.testng.TestNGExecutor.run(TestNGExecutor.java:308)\r\n\tat org.apache.maven.surefire.testng.TestNGXmlTestSuite.execute(TestNGXmlTestSuite.java:71)\r\n\tat org.apache.maven.surefire.testng.TestNGProvider.invoke(TestNGProvider.java:113)\r\n\tat org.apache.maven.surefire.booter.ForkedBooter.runSuitesInProcess(ForkedBooter.java:385)\r\n\tat org.apache.maven.surefire.booter.ForkedBooter.execute(ForkedBooter.java:162)\r\n\tat org.apache.maven.surefire.booter.ForkedBooter.run(ForkedBooter.java:507)\r\n\tat org.apache.maven.surefire.booter.ForkedBooter.main(ForkedBooter.java:495)\r\n"},"start":1771840058450,"stop":1771840058450,"duration":0,"flaky":false,"muted":false,"known":false,"hidden":true,"labels":[{"name":"package","value":"com.example.moviedetailstest"},{"name":"testClass","value":"com.example.moviedetailstest"},{"name":"testMethod","value":"verifyInvalidMovieIdShowsNotFoundMessage"},{"name":"parentSuite","value":"Auth Suite"},{"name":"suite","value":"Auth Tests"},{"name":"subSuite","value":"com.example.moviedetailstest"},{"name":"host","value":"IBM-GPXTCF4"},{"name":"thread","value":"4320@IBM-GPXTCF4.main(1)"},{"name":"framework","value":"testng"},{"name":"language","value":"java"}],"steps":[],"parameters":[],"links":[],"hostId":"IBM-GPXTCF4","threadId":"4320@IBM-GPXTCF4.main(1)","sourceMetadata":{"readerId":"allure2","metadata":{"originalFileName":"6948629f-2343-4960-95cc-da030f820c1d-result.json"}},"titlePath":[],"environment":"default"},{"id":"c76a7e8687f111d3965a81dd1702e9a5","name":"verifyInvalidMovieIdShowsNotFoundMessage","testCase":{"id":"0fae2607a8662fbac57a18be94112f67","name":"verifyInvalidMovieIdShowsNotFoundMessage","fullName":"com.example.moviedetailstest.verifyInvalidMovieIdShowsNotFoundMessage"},"fullName":"com.example.moviedetailstest.verifyInvalidMovieIdShowsNotFoundMessage","historyId":"0fae2607a8662fbac57a18be94112f67.d41d8cd98f00b204e9800998ecf8427e","status":"skipped","error":{"message":"unknown error: net::ERR_CONNECTION_REFUSED\n  (Session info: MicrosoftEdge=145.0.3800.70)\nBuild info: version: '4.40.0', revision: 'b3333f1'\nSystem info: os.name: 'Windows 11', os.arch: 'amd64', os.version: '10.0', java.version: '21.0.10'\nDriver info: org.openqa.selenium.edge.EdgeDriver\nCommand: [4cb43409e484f1c717cdb0d761f8e106, get {url=http://127.0.0.1:5500/index.html}]\nCapabilities {acceptInsecureCerts: false, browserName: MicrosoftEdge, browserVersion: 145.0.3800.70, fedcm:accounts: true, goog:processID: 32716, ms:edgeOptions: {debuggerAddress: localhost:52026}, msedge: {msedgedriverVersion: 145.0.3800.70 (57ed5ba8de27..., userDataDir: C:\\Users\\SaiTejaN\\AppData\\L...}, networkConnectionEnabled: false, pageLoadStrategy: normal, platformName: windows, proxy: Proxy(), se:cdp: ws://localhost:52026/devtoo..., se:cdpVersion: 145.0.3800.70, setWindowRect: true, strictFileInteractability: false, timeouts: {implicit: 0, pageLoad: 300000, script: 30000}, unhandledPromptBehavior: dismiss and notify, webauthn:extension:credBlob: true, webauthn:extension:largeBlob: true, webauthn:extension:minPinLength: true, webauthn:extension:prf: true, webauthn:virtualAuthenticators: true}\nSession ID: 4cb43409e484f1c717cdb0d761f8e106","trace":"org.openqa.selenium.WebDriverException: unknown error: net::ERR_CONNECTION_REFUSED\n  (Session info: MicrosoftEdge=145.0.3800.70)\nBuild info: version: '4.40.0', revision: 'b3333f1'\nSystem info: os.name: 'Windows 11', os.arch: 'amd64', os.version: '10.0', java.version: '21.0.10'\nDriver info: org.openqa.selenium.edge.EdgeDriver\nCommand: [4cb43409e484f1c717cdb0d761f8e106, get {url=http://127.0.0.1:5500/index.html}]\nCapabilities {acceptInsecureCerts: false, browserName: MicrosoftEdge, browserVersion: 145.0.3800.70, fedcm:accounts: true, goog:processID: 32716, ms:edgeOptions: {debuggerAddress: localhost:52026}, msedge: {msedgedriverVersion: 145.0.3800.70 (57ed5ba8de27..., userDataDir: C:\\Users\\SaiTejaN\\AppData\\L...}, networkConnectionEnabled: false, pageLoadStrategy: normal, platformName: windows, proxy: Proxy(), se:cdp: ws://localhost:52026/devtoo..., se:cdpVersion: 145.0.3800.70, setWindowRect: true, strictFileInteractability: false, timeouts: {implicit: 0, pageLoad: 300000, script: 30000}, unhandledPromptBehavior: dismiss and notify, webauthn:extension:credBlob: true, webauthn:extension:largeBlob: true, webauthn:extension:minPinLength: true, webauthn:extension:prf: true, webauthn:virtualAuthenticators: true}\nSession ID: 4cb43409e484f1c717cdb0d761f8e106\r\n\tat org.openqa.selenium.remote.ErrorCodec.decode(ErrorCodec.java:169)\r\n\tat org.openqa.selenium.remote.codec.w3c.W3CHttpResponseCodec.decode(W3CHttpResponseCodec.java:142)\r\n\tat org.openqa.selenium.remote.codec.w3c.W3CHttpResponseCodec.decode(W3CHttpResponseCodec.java:49)\r\n\tat org.openqa.selenium.remote.HttpCommandExecutor.execute(HttpCommandExecutor.java:223)\r\n\tat org.openqa.selenium.remote.service.DriverCommandExecutor.invokeExecute(DriverCommandExecutor.java:216)\r\n\tat org.openqa.selenium.remote.service.DriverCommandExecutor.execute(DriverCommandExecutor.java:174)\r\n\tat org.openqa.selenium.remote.RemoteWebDriver.execute(RemoteWebDriver.java:601)\r\n\tat org.openqa.selenium.remote.RemoteWebDriver.get(RemoteWebDriver.java:369)\r\n\tat com.example.moviedetailstest.resetState(moviedetailstest.java:62)\r\n\tat java.base/jdk.internal.reflect.DirectMethodHandleAccessor.invoke(DirectMethodHandleAccessor.java:103)\r\n\tat java.base/java.lang.reflect.Method.invoke(Method.java:580)\r\n\tat org.testng.internal.invokers.MethodInvocationHelper.invokeMethod(MethodInvocationHelper.java:141)\r\n\tat org.testng.internal.invokers.MethodInvocationHelper.invokeMethodConsideringTimeout(MethodInvocationHelper.java:71)\r\n\tat org.testng.internal.invokers.ConfigInvoker.invokeConfigurationMethod(ConfigInvoker.java:400)\r\n\tat org.testng.internal.invokers.ConfigInvoker.invokeConfigurations(ConfigInvoker.java:333)\r\n\tat org.testng.internal.invokers.TestInvoker.runConfigMethods(TestInvoker.java:836)\r\n\tat org.testng.internal.invokers.TestInvoker.invokeMethod(TestInvoker.java:601)\r\n\tat org.testng.internal.invokers.TestInvoker.invokeTestMethod(TestInvoker.java:230)\r\n\tat org.testng.internal.invokers.MethodRunner.runInSequence(MethodRunner.java:63)\r\n\tat org.testng.internal.invokers.TestInvoker$MethodInvocationAgent.invoke(TestInvoker.java:995)\r\n\tat org.testng.internal.invokers.TestInvoker.invokeTestMethods(TestInvoker.java:203)\r\n\tat org.testng.internal.invokers.TestMethodWorker.invokeTestMethods(TestMethodWorker.java:154)\r\n\tat org.testng.internal.invokers.TestMethodWorker.run(TestMethodWorker.java:134)\r\n\tat java.base/java.util.ArrayList.forEach(ArrayList.java:1596)\r\n\tat org.testng.TestRunner.privateRun(TestRunner.java:741)\r\n\tat org.testng.TestRunner.run(TestRunner.java:616)\r\n\tat org.testng.SuiteRunner.runTest(SuiteRunner.java:421)\r\n\tat org.testng.SuiteRunner.runSequentially(SuiteRunner.java:413)\r\n\tat org.testng.SuiteRunner.privateRun(SuiteRunner.java:373)\r\n\tat org.testng.SuiteRunner.run(SuiteRunner.java:312)\r\n\tat org.testng.SuiteRunnerWorker.runSuite(SuiteRunnerWorker.java:52)\r\n\tat org.testng.SuiteRunnerWorker.run(SuiteRunnerWorker.java:95)\r\n\tat org.testng.TestNG.runSuitesSequentially(TestNG.java:1274)\r\n\tat org.testng.TestNG.runSuitesLocally(TestNG.java:1208)\r\n\tat org.testng.TestNG.runSuites(TestNG.java:1112)\r\n\tat org.testng.TestNG.run(TestNG.java:1079)\r\n\tat org.apache.maven.surefire.testng.TestNGExecutor.run(TestNGExecutor.java:308)\r\n\tat org.apache.maven.surefire.testng.TestNGXmlTestSuite.execute(TestNGXmlTestSuite.java:71)\r\n\tat org.apache.maven.surefire.testng.TestNGProvider.invoke(TestNGProvider.java:113)\r\n\tat org.apache.maven.surefire.booter.ForkedBooter.runSuitesInProcess(ForkedBooter.java:385)\r\n\tat org.apache.maven.surefire.booter.ForkedBooter.execute(ForkedBooter.java:162)\r\n\tat org.apache.maven.surefire.booter.ForkedBooter.run(ForkedBooter.java:507)\r\n\tat org.apache.maven.surefire.booter.ForkedBooter.main(ForkedBooter.java:495)\r\n"},"start":1771839907992,"stop":1771839907992,"duration":0,"flaky":false,"muted":false,"known":false,"hidden":true,"labels":[{"name":"package","value":"com.example.moviedetailstest"},{"name":"testClass","value":"com.example.moviedetailstest"},{"name":"testMethod","value":"verifyInvalidMovieIdShowsNotFoundMessage"},{"name":"parentSuite","value":"Auth Suite"},{"name":"suite","value":"Auth Tests"},{"name":"subSuite","value":"com.example.moviedetailstest"},{"name":"host","value":"IBM-GPXTCF4"},{"name":"thread","value":"17804@IBM-GPXTCF4.main(1)"},{"name":"framework","value":"testng"},{"name":"language","value":"java"}],"steps":[],"parameters":[],"links":[],"hostId":"IBM-GPXTCF4","threadId":"17804@IBM-GPXTCF4.main(1)","sourceMetadata":{"readerId":"allure2","metadata":{"originalFileName":"84be176b-33e2-4b19-bb14-2c0ee6830aed-result.json"}},"titlePath":[],"environment":"default"},{"id":"4d2a90d6cbabdc219ba549f8cb637bac","name":"verifyInvalidMovieIdShowsNotFoundMessage","testCase":{"id":"0fae2607a8662fbac57a18be94112f67","name":"verifyInvalidMovieIdShowsNotFoundMessage","fullName":"com.example.moviedetailstest.verifyInvalidMovieIdShowsNotFoundMessage"},"fullName":"com.example.moviedetailstest.verifyInvalidMovieIdShowsNotFoundMessage","historyId":"0fae2607a8662fbac57a18be94112f67.d41d8cd98f00b204e9800998ecf8427e","status":"skipped","error":{"message":"unknown error: net::ERR_CONNECTION_REFUSED\n  (Session info: chrome=145.0.7632.77)\nBuild info: version: '4.40.0', revision: 'b3333f1'\nSystem info: os.name: 'Windows 11', os.arch: 'amd64', os.version: '10.0', java.version: '21.0.10'\nDriver info: org.openqa.selenium.chrome.ChromeDriver\nCommand: [fda5c73bd551eb57ca7dd27aff5cace2, get {url=http://127.0.0.1:5500/index.html}]\nCapabilities {acceptInsecureCerts: false, browserName: chrome, browserVersion: 145.0.7632.77, chrome: {chromedriverVersion: 145.0.7632.77 (da516187054a..., userDataDir: C:\\Users\\SaiTejaN\\AppData\\L...}, fedcm:accounts: true, goog:chromeOptions: {debuggerAddress: localhost:57925}, goog:processID: 7912, networkConnectionEnabled: false, pageLoadStrategy: normal, platformName: windows, proxy: Proxy(), se:cdp: ws://localhost:57925/devtoo..., se:cdpVersion: 145.0.7632.77, setWindowRect: true, strictFileInteractability: false, timeouts: {implicit: 0, pageLoad: 300000, script: 30000}, unhandledPromptBehavior: dismiss and notify, webauthn:extension:credBlob: true, webauthn:extension:largeBlob: true, webauthn:extension:minPinLength: true, webauthn:extension:prf: true, webauthn:virtualAuthenticators: true}\nSession ID: fda5c73bd551eb57ca7dd27aff5cace2","trace":"org.openqa.selenium.WebDriverException: unknown error: net::ERR_CONNECTION_REFUSED\n  (Session info: chrome=145.0.7632.77)\nBuild info: version: '4.40.0', revision: 'b3333f1'\nSystem info: os.name: 'Windows 11', os.arch: 'amd64', os.version: '10.0', java.version: '21.0.10'\nDriver info: org.openqa.selenium.chrome.ChromeDriver\nCommand: [fda5c73bd551eb57ca7dd27aff5cace2, get {url=http://127.0.0.1:5500/index.html}]\nCapabilities {acceptInsecureCerts: false, browserName: chrome, browserVersion: 145.0.7632.77, chrome: {chromedriverVersion: 145.0.7632.77 (da516187054a..., userDataDir: C:\\Users\\SaiTejaN\\AppData\\L...}, fedcm:accounts: true, goog:chromeOptions: {debuggerAddress: localhost:57925}, goog:processID: 7912, networkConnectionEnabled: false, pageLoadStrategy: normal, platformName: windows, proxy: Proxy(), se:cdp: ws://localhost:57925/devtoo..., se:cdpVersion: 145.0.7632.77, setWindowRect: true, strictFileInteractability: false, timeouts: {implicit: 0, pageLoad: 300000, script: 30000}, unhandledPromptBehavior: dismiss and notify, webauthn:extension:credBlob: true, webauthn:extension:largeBlob: true, webauthn:extension:minPinLength: true, webauthn:extension:prf: true, webauthn:virtualAuthenticators: true}\nSession ID: fda5c73bd551eb57ca7dd27aff5cace2\r\n\tat org.openqa.selenium.remote.ErrorCodec.decode(ErrorCodec.java:169)\r\n\tat org.openqa.selenium.remote.codec.w3c.W3CHttpResponseCodec.decode(W3CHttpResponseCodec.java:142)\r\n\tat org.openqa.selenium.remote.codec.w3c.W3CHttpResponseCodec.decode(W3CHttpResponseCodec.java:49)\r\n\tat org.openqa.selenium.remote.HttpCommandExecutor.execute(HttpCommandExecutor.java:223)\r\n\tat org.openqa.selenium.remote.service.DriverCommandExecutor.invokeExecute(DriverCommandExecutor.java:216)\r\n\tat org.openqa.selenium.remote.service.DriverCommandExecutor.execute(DriverCommandExecutor.java:174)\r\n\tat org.openqa.selenium.remote.RemoteWebDriver.execute(RemoteWebDriver.java:601)\r\n\tat org.openqa.selenium.remote.RemoteWebDriver.get(RemoteWebDriver.java:369)\r\n\tat com.example.moviedetailstest.resetState(moviedetailstest.java:60)\r\n\tat java.base/jdk.internal.reflect.DirectMethodHandleAccessor.invoke(DirectMethodHandleAccessor.java:103)\r\n\tat java.base/java.lang.reflect.Method.invoke(Method.java:580)\r\n\tat org.testng.internal.invokers.MethodInvocationHelper.invokeMethod(MethodInvocationHelper.java:141)\r\n\tat org.testng.internal.invokers.MethodInvocationHelper.invokeMethodConsideringTimeout(MethodInvocationHelper.java:71)\r\n\tat org.testng.internal.invokers.ConfigInvoker.invokeConfigurationMethod(ConfigInvoker.java:400)\r\n\tat org.testng.internal.invokers.ConfigInvoker.invokeConfigurations(ConfigInvoker.java:333)\r\n\tat org.testng.internal.invokers.TestInvoker.runConfigMethods(TestInvoker.java:836)\r\n\tat org.testng.internal.invokers.TestInvoker.invokeMethod(TestInvoker.java:601)\r\n\tat org.testng.internal.invokers.TestInvoker.invokeTestMethod(TestInvoker.java:230)\r\n\tat org.testng.internal.invokers.MethodRunner.runInSequence(MethodRunner.java:63)\r\n\tat org.testng.internal.invokers.TestInvoker$MethodInvocationAgent.invoke(TestInvoker.java:995)\r\n\tat org.testng.internal.invokers.TestInvoker.invokeTestMethods(TestInvoker.java:203)\r\n\tat org.testng.internal.invokers.TestMethodWorker.invokeTestMethods(TestMethodWorker.java:154)\r\n\tat org.testng.internal.invokers.TestMethodWorker.run(TestMethodWorker.java:134)\r\n\tat java.base/java.util.ArrayList.forEach(ArrayList.java:1596)\r\n\tat org.testng.TestRunner.privateRun(TestRunner.java:741)\r\n\tat org.testng.TestRunner.run(TestRunner.java:616)\r\n\tat org.testng.SuiteRunner.runTest(SuiteRunner.java:421)\r\n\tat org.testng.SuiteRunner.runSequentially(SuiteRunner.java:413)\r\n\tat org.testng.SuiteRunner.privateRun(SuiteRunner.java:373)\r\n\tat org.testng.SuiteRunner.run(SuiteRunner.java:312)\r\n\tat org.testng.SuiteRunnerWorker.runSuite(SuiteRunnerWorker.java:52)\r\n\tat org.testng.SuiteRunnerWorker.run(SuiteRunnerWorker.java:95)\r\n\tat org.testng.TestNG.runSuitesSequentially(TestNG.java:1274)\r\n\tat org.testng.TestNG.runSuitesLocally(TestNG.java:1208)\r\n\tat org.testng.TestNG.runSuites(TestNG.java:1112)\r\n\tat org.testng.TestNG.run(TestNG.java:1079)\r\n\tat org.apache.maven.surefire.testng.TestNGExecutor.run(TestNGExecutor.java:308)\r\n\tat org.apache.maven.surefire.testng.TestNGXmlTestSuite.execute(TestNGXmlTestSuite.java:71)\r\n\tat org.apache.maven.surefire.testng.TestNGProvider.invoke(TestNGProvider.java:113)\r\n\tat org.apache.maven.surefire.booter.ForkedBooter.runSuitesInProcess(ForkedBooter.java:385)\r\n\tat org.apache.maven.surefire.booter.ForkedBooter.execute(ForkedBooter.java:162)\r\n\tat org.apache.maven.surefire.booter.ForkedBooter.run(ForkedBooter.java:507)\r\n\tat org.apache.maven.surefire.booter.ForkedBooter.main(ForkedBooter.java:495)\r\n"},"start":1771839774818,"stop":1771839774819,"duration":1,"flaky":false,"muted":false,"known":false,"hidden":true,"labels":[{"name":"package","value":"com.example.moviedetailstest"},{"name":"testClass","value":"com.example.moviedetailstest"},{"name":"testMethod","value":"verifyInvalidMovieIdShowsNotFoundMessage"},{"name":"parentSuite","value":"Auth Suite"},{"name":"suite","value":"Auth Tests"},{"name":"subSuite","value":"com.example.moviedetailstest"},{"name":"host","value":"IBM-GPXTCF4"},{"name":"thread","value":"29016@IBM-GPXTCF4.main(1)"},{"name":"framework","value":"testng"},{"name":"language","value":"java"}],"steps":[],"parameters":[],"links":[],"hostId":"IBM-GPXTCF4","threadId":"29016@IBM-GPXTCF4.main(1)","sourceMetadata":{"readerId":"allure2","metadata":{"originalFileName":"5c9b21d9-b0ef-45d7-b718-b888b50789f6-result.json"}},"titlePath":[],"environment":"default"},{"id":"5af1cd1a3f5d96b76e4e0fca7e9409e7","name":"verifyInvalidMovieIdShowsNotFoundMessage","testCase":{"id":"0fae2607a8662fbac57a18be94112f67","name":"verifyInvalidMovieIdShowsNotFoundMessage","fullName":"com.example.moviedetailstest.verifyInvalidMovieIdShowsNotFoundMessage"},"fullName":"com.example.moviedetailstest.verifyInvalidMovieIdShowsNotFoundMessage","historyId":"0fae2607a8662fbac57a18be94112f67.d41d8cd98f00b204e9800998ecf8427e","status":"passed","error":{},"start":1771820134973,"stop":1771820135040,"duration":67,"flaky":false,"muted":false,"known":false,"hidden":true,"labels":[{"name":"package","value":"com.example.moviedetailstest"},{"name":"testClass","value":"com.example.moviedetailstest"},{"name":"testMethod","value":"verifyInvalidMovieIdShowsNotFoundMessage"},{"name":"parentSuite","value":"Auth Suite"},{"name":"suite","value":"Auth Tests"},{"name":"subSuite","value":"com.example.moviedetailstest"},{"name":"host","value":"IBM-GPXTCF4"},{"name":"thread","value":"4476@IBM-GPXTCF4.main(1)"},{"name":"framework","value":"testng"},{"name":"language","value":"java"}],"steps":[],"parameters":[],"links":[],"hostId":"IBM-GPXTCF4","threadId":"4476@IBM-GPXTCF4.main(1)","sourceMetadata":{"readerId":"allure2","metadata":{"originalFileName":"1917810d-52e4-4e00-9750-ab79866ec680-result.json"}},"titlePath":[],"environment":"default"},{"id":"2cdbd992ba39a6cc478498e8db9060dd","name":"verifyInvalidMovieIdShowsNotFoundMessage","testCase":{"id":"0fae2607a8662fbac57a18be94112f67","name":"verifyInvalidMovieIdShowsNotFoundMessage","fullName":"com.example.moviedetailstest.verifyInvalidMovieIdShowsNotFoundMessage"},"fullName":"com.example.moviedetailstest.verifyInvalidMovieIdShowsNotFoundMessage","historyId":"0fae2607a8662fbac57a18be94112f67.d41d8cd98f00b204e9800998ecf8427e","status":"skipped","error":{"message":"unknown error: net::ERR_CONNECTION_REFUSED\n  (Session info: MicrosoftEdge=145.0.3800.65)\nBuild info: version: '4.40.0', revision: 'b3333f1'\nSystem info: os.name: 'Windows 11', os.arch: 'amd64', os.version: '10.0', java.version: '21.0.10'\nDriver info: org.openqa.selenium.edge.EdgeDriver\nCommand: [7abe7ee14d33f9a57e6bbb6593319e0b, get {url=http://127.0.0.1:5500/index.html}]\nCapabilities {acceptInsecureCerts: false, browserName: MicrosoftEdge, browserVersion: 145.0.3800.65, fedcm:accounts: true, goog:processID: 5184, ms:edgeOptions: {debuggerAddress: localhost:55725}, msedge: {msedgedriverVersion: 145.0.3800.70 (57ed5ba8de27..., userDataDir: C:\\Users\\SaiTejaN\\AppData\\L...}, networkConnectionEnabled: false, pageLoadStrategy: normal, platformName: windows, proxy: Proxy(), se:cdp: ws://localhost:55725/devtoo..., se:cdpVersion: 145.0.3800.65, setWindowRect: true, strictFileInteractability: false, timeouts: {implicit: 0, pageLoad: 300000, script: 30000}, unhandledPromptBehavior: dismiss and notify, webauthn:extension:credBlob: true, webauthn:extension:largeBlob: true, webauthn:extension:minPinLength: true, webauthn:extension:prf: true, webauthn:virtualAuthenticators: true}\nSession ID: 7abe7ee14d33f9a57e6bbb6593319e0b","trace":"org.openqa.selenium.WebDriverException: unknown error: net::ERR_CONNECTION_REFUSED\n  (Session info: MicrosoftEdge=145.0.3800.65)\nBuild info: version: '4.40.0', revision: 'b3333f1'\nSystem info: os.name: 'Windows 11', os.arch: 'amd64', os.version: '10.0', java.version: '21.0.10'\nDriver info: org.openqa.selenium.edge.EdgeDriver\nCommand: [7abe7ee14d33f9a57e6bbb6593319e0b, get {url=http://127.0.0.1:5500/index.html}]\nCapabilities {acceptInsecureCerts: false, browserName: MicrosoftEdge, browserVersion: 145.0.3800.65, fedcm:accounts: true, goog:processID: 5184, ms:edgeOptions: {debuggerAddress: localhost:55725}, msedge: {msedgedriverVersion: 145.0.3800.70 (57ed5ba8de27..., userDataDir: C:\\Users\\SaiTejaN\\AppData\\L...}, networkConnectionEnabled: false, pageLoadStrategy: normal, platformName: windows, proxy: Proxy(), se:cdp: ws://localhost:55725/devtoo..., se:cdpVersion: 145.0.3800.65, setWindowRect: true, strictFileInteractability: false, timeouts: {implicit: 0, pageLoad: 300000, script: 30000}, unhandledPromptBehavior: dismiss and notify, webauthn:extension:credBlob: true, webauthn:extension:largeBlob: true, webauthn:extension:minPinLength: true, webauthn:extension:prf: true, webauthn:virtualAuthenticators: true}\nSession ID: 7abe7ee14d33f9a57e6bbb6593319e0b\r\n\tat org.openqa.selenium.remote.ErrorCodec.decode(ErrorCodec.java:169)\r\n\tat org.openqa.selenium.remote.codec.w3c.W3CHttpResponseCodec.decode(W3CHttpResponseCodec.java:142)\r\n\tat org.openqa.selenium.remote.codec.w3c.W3CHttpResponseCodec.decode(W3CHttpResponseCodec.java:49)\r\n\tat org.openqa.selenium.remote.HttpCommandExecutor.execute(HttpCommandExecutor.java:223)\r\n\tat org.openqa.selenium.remote.service.DriverCommandExecutor.invokeExecute(DriverCommandExecutor.java:216)\r\n\tat org.openqa.selenium.remote.service.DriverCommandExecutor.execute(DriverCommandExecutor.java:174)\r\n\tat org.openqa.selenium.remote.RemoteWebDriver.execute(RemoteWebDriver.java:601)\r\n\tat org.openqa.selenium.remote.RemoteWebDriver.get(RemoteWebDriver.java:369)\r\n\tat com.example.moviedetailstest.resetState(moviedetailstest.java:62)\r\n\tat java.base/jdk.internal.reflect.DirectMethodHandleAccessor.invoke(DirectMethodHandleAccessor.java:103)\r\n\tat java.base/java.lang.reflect.Method.invoke(Method.java:580)\r\n\tat org.testng.internal.invokers.MethodInvocationHelper.invokeMethod(MethodInvocationHelper.java:141)\r\n\tat org.testng.internal.invokers.MethodInvocationHelper.invokeMethodConsideringTimeout(MethodInvocationHelper.java:71)\r\n\tat org.testng.internal.invokers.ConfigInvoker.invokeConfigurationMethod(ConfigInvoker.java:400)\r\n\tat org.testng.internal.invokers.ConfigInvoker.invokeConfigurations(ConfigInvoker.java:333)\r\n\tat org.testng.internal.invokers.TestInvoker.runConfigMethods(TestInvoker.java:836)\r\n\tat org.testng.internal.invokers.TestInvoker.invokeMethod(TestInvoker.java:601)\r\n\tat org.testng.internal.invokers.TestInvoker.invokeTestMethod(TestInvoker.java:230)\r\n\tat org.testng.internal.invokers.MethodRunner.runInSequence(MethodRunner.java:63)\r\n\tat org.testng.internal.invokers.TestInvoker$MethodInvocationAgent.invoke(TestInvoker.java:995)\r\n\tat org.testng.internal.invokers.TestInvoker.invokeTestMethods(TestInvoker.java:203)\r\n\tat org.testng.internal.invokers.TestMethodWorker.invokeTestMethods(TestMethodWorker.java:154)\r\n\tat org.testng.internal.invokers.TestMethodWorker.run(TestMethodWorker.java:134)\r\n\tat java.base/java.util.ArrayList.forEach(ArrayList.java:1596)\r\n\tat org.testng.TestRunner.privateRun(TestRunner.java:741)\r\n\tat org.testng.TestRunner.run(TestRunner.java:616)\r\n\tat org.testng.SuiteRunner.runTest(SuiteRunner.java:421)\r\n\tat org.testng.SuiteRunner.runSequentially(SuiteRunner.java:413)\r\n\tat org.testng.SuiteRunner.privateRun(SuiteRunner.java:373)\r\n\tat org.testng.SuiteRunner.run(SuiteRunner.java:312)\r\n\tat org.testng.SuiteRunnerWorker.runSuite(SuiteRunnerWorker.java:52)\r\n\tat org.testng.SuiteRunnerWorker.run(SuiteRunnerWorker.java:95)\r\n\tat org.testng.TestNG.runSuitesSequentially(TestNG.java:1274)\r\n\tat org.testng.TestNG.runSuitesLocally(TestNG.java:1208)\r\n\tat org.testng.TestNG.runSuites(TestNG.java:1112)\r\n\tat org.testng.TestNG.run(TestNG.java:1079)\r\n\tat org.apache.maven.surefire.testng.TestNGExecutor.run(TestNGExecutor.java:308)\r\n\tat org.apache.maven.surefire.testng.TestNGXmlTestSuite.execute(TestNGXmlTestSuite.java:71)\r\n\tat org.apache.maven.surefire.testng.TestNGProvider.invoke(TestNGProvider.java:113)\r\n\tat org.apache.maven.surefire.booter.ForkedBooter.runSuitesInProcess(ForkedBooter.java:385)\r\n\tat org.apache.maven.surefire.booter.ForkedBooter.execute(ForkedBooter.java:162)\r\n\tat org.apache.maven.surefire.booter.ForkedBooter.run(ForkedBooter.java:507)\r\n\tat org.apache.maven.surefire.booter.ForkedBooter.main(ForkedBooter.java:495)\r\n"},"start":1771819957074,"stop":1771819957074,"duration":0,"flaky":false,"muted":false,"known":false,"hidden":true,"labels":[{"name":"package","value":"com.example.moviedetailstest"},{"name":"testClass","value":"com.example.moviedetailstest"},{"name":"testMethod","value":"verifyInvalidMovieIdShowsNotFoundMessage"},{"name":"parentSuite","value":"Auth Suite"},{"name":"suite","value":"Auth Tests"},{"name":"subSuite","value":"com.example.moviedetailstest"},{"name":"host","value":"IBM-GPXTCF4"},{"name":"thread","value":"10764@IBM-GPXTCF4.main(1)"},{"name":"framework","value":"testng"},{"name":"language","value":"java"}],"steps":[],"parameters":[],"links":[],"hostId":"IBM-GPXTCF4","threadId":"10764@IBM-GPXTCF4.main(1)","sourceMetadata":{"readerId":"allure2","metadata":{"originalFileName":"a3df125f-f5ac-4042-8658-dfa119153230-result.json"}},"titlePath":[],"environment":"default"}],"breadcrumbs":[["Auth Suite","Auth Tests","com.example.moviedetailstest"]],"retry":true,"titlePath":[],"retriesCount":6,"attachments":[],"order":368}