{"id":"9f71ddc6239f21298b8fce14b8bb140c","name":"verifyNavigationLinksVisible","start":1771840764411,"stop":1771840764537,"duration":126,"status":"passed","fullName":"com.example.ordertest.verifyNavigationLinksVisible","historyId":"7989a79454e26899c751dc24223497ca.d41d8cd98f00b204e9800998ecf8427e","flaky":false,"muted":false,"known":false,"hidden":false,"labels":[{"name":"package","value":"com.example.ordertest"},{"name":"testClass","value":"com.example.ordertest"},{"name":"testMethod","value":"verifyNavigationLinksVisible"},{"name":"parentSuite","value":"Auth Suite"},{"name":"suite","value":"Auth Tests"},{"name":"subSuite","value":"com.example.ordertest"},{"name":"host","value":"IBM-GPXTCF4"},{"name":"thread","value":"30368@IBM-GPXTCF4.main(1)"},{"name":"framework","value":"testng"},{"name":"language","value":"java"}],"groupedLabels":{"package":["com.example.ordertest"],"testClass":["com.example.ordertest"],"testMethod":["verifyNavigationLinksVisible"],"parentSuite":["Auth Suite"],"suite":["Auth Tests"],"subSuite":["com.example.ordertest"],"host":["IBM-GPXTCF4"],"thread":["30368@IBM-GPXTCF4.main(1)"],"framework":["testng"],"language":["java"]},"parameters":[],"links":[],"steps":[],"error":{},"testCase":{"id":"7989a79454e26899c751dc24223497ca","name":"verifyNavigationLinksVisible","fullName":"com.example.ordertest.verifyNavigationLinksVisible"},"environment":"default","setup":[{"id":"4b909471c4319f84ceee94433924f06f","type":"before","name":"setup","status":"passed","steps":[],"duration":832},{"id":"22e40070a8af2727783d7696717349c1","type":"before","name":"resetState","status":"passed","steps":[],"duration":82}],"teardown":[{"id":"64c39a9f8e69891ac00f5a6104cb41de","type":"after","name":"tearDown","status":"passed","steps":[],"duration":199}],"history":[],"retries":[{"id":"0ac5e3f33d1a8eb088fc66516602c22c","name":"verifyNavigationLinksVisible","testCase":{"id":"7989a79454e26899c751dc24223497ca","name":"verifyNavigationLinksVisible","fullName":"com.example.ordertest.verifyNavigationLinksVisible"},"fullName":"com.example.ordertest.verifyNavigationLinksVisible","historyId":"7989a79454e26899c751dc24223497ca.d41d8cd98f00b204e9800998ecf8427e","status":"passed","error":{},"start":1771840405743,"stop":1771840405893,"duration":150,"flaky":false,"muted":false,"known":false,"hidden":true,"labels":[{"name":"package","value":"com.example.ordertest"},{"name":"testClass","value":"com.example.ordertest"},{"name":"testMethod","value":"verifyNavigationLinksVisible"},{"name":"parentSuite","value":"Auth Suite"},{"name":"suite","value":"Auth Tests"},{"name":"subSuite","value":"com.example.ordertest"},{"name":"host","value":"IBM-GPXTCF4"},{"name":"thread","value":"25364@IBM-GPXTCF4.main(1)"},{"name":"framework","value":"testng"},{"name":"language","value":"java"}],"steps":[],"parameters":[],"links":[],"hostId":"IBM-GPXTCF4","threadId":"25364@IBM-GPXTCF4.main(1)","sourceMetadata":{"readerId":"allure2","metadata":{"originalFileName":"365b9ba5-b9a3-4e56-888d-24849a6b70c8-result.json"}},"titlePath":[],"environment":"default"},{"id":"2986cf60ba3f1fe8baeb9a7ce5f5cb3b","name":"verifyNavigationLinksVisible","testCase":{"id":"7989a79454e26899c751dc24223497ca","name":"verifyNavigationLinksVisible","fullName":"com.example.ordertest.verifyNavigationLinksVisible"},"fullName":"com.example.ordertest.verifyNavigationLinksVisible","historyId":"7989a79454e26899c751dc24223497ca.d41d8cd98f00b204e9800998ecf8427e","status":"skipped","error":{"message":"unknown error: net::ERR_CONNECTION_REFUSED\n  (Session info: chrome=145.0.7632.77)\nBuild info: version: '4.40.0', revision: 'b3333f1'\nSystem info: os.name: 'Windows 11', os.arch: 'amd64', os.version: '10.0', java.version: '21.0.10'\nDriver info: org.openqa.selenium.chrome.ChromeDriver\nCommand: [a261d86a7cc3b403faca2d932adf4830, get {url=http://127.0.0.1:5500/index.html}]\nCapabilities {acceptInsecureCerts: false, browserName: chrome, browserVersion: 145.0.7632.77, chrome: {chromedriverVersion: 145.0.7632.77 (da516187054a..., userDataDir: C:\\Users\\SaiTejaN\\AppData\\L...}, fedcm:accounts: true, goog:chromeOptions: {debuggerAddress: localhost:61494}, goog:processID: 1792, networkConnectionEnabled: false, pageLoadStrategy: normal, platformName: windows, proxy: Proxy(), se:cdp: ws://localhost:61494/devtoo..., se:cdpVersion: 145.0.7632.77, setWindowRect: true, strictFileInteractability: false, timeouts: {implicit: 0, pageLoad: 300000, script: 30000}, unhandledPromptBehavior: dismiss and notify, webauthn:extension:credBlob: true, webauthn:extension:largeBlob: true, webauthn:extension:minPinLength: true, webauthn:extension:prf: true, webauthn:virtualAuthenticators: true}\nSession ID: a261d86a7cc3b403faca2d932adf4830","trace":"org.openqa.selenium.WebDriverException: unknown error: net::ERR_CONNECTION_REFUSED\n  (Session info: chrome=145.0.7632.77)\nBuild info: version: '4.40.0', revision: 'b3333f1'\nSystem info: os.name: 'Windows 11', os.arch: 'amd64', os.version: '10.0', java.version: '21.0.10'\nDriver info: org.openqa.selenium.chrome.ChromeDriver\nCommand: [a261d86a7cc3b403faca2d932adf4830, get {url=http://127.0.0.1:5500/index.html}]\nCapabilities {acceptInsecureCerts: false, browserName: chrome, browserVersion: 145.0.7632.77, chrome: {chromedriverVersion: 145.0.7632.77 (da516187054a..., userDataDir: C:\\Users\\SaiTejaN\\AppData\\L...}, fedcm:accounts: true, goog:chromeOptions: {debuggerAddress: localhost:61494}, goog:processID: 1792, networkConnectionEnabled: false, pageLoadStrategy: normal, platformName: windows, proxy: Proxy(), se:cdp: ws://localhost:61494/devtoo..., se:cdpVersion: 145.0.7632.77, setWindowRect: true, strictFileInteractability: false, timeouts: {implicit: 0, pageLoad: 300000, script: 30000}, unhandledPromptBehavior: dismiss and notify, webauthn:extension:credBlob: true, webauthn:extension:largeBlob: true, webauthn:extension:minPinLength: true, webauthn:extension:prf: true, webauthn:virtualAuthenticators: true}\nSession ID: a261d86a7cc3b403faca2d932adf4830\r\n\tat org.openqa.selenium.remote.ErrorCodec.decode(ErrorCodec.java:169)\r\n\tat org.openqa.selenium.remote.codec.w3c.W3CHttpResponseCodec.decode(W3CHttpResponseCodec.java:142)\r\n\tat org.openqa.selenium.remote.codec.w3c.W3CHttpResponseCodec.decode(W3CHttpResponseCodec.java:49)\r\n\tat org.openqa.selenium.remote.HttpCommandExecutor.execute(HttpCommandExecutor.java:223)\r\n\tat org.openqa.selenium.remote.service.DriverCommandExecutor.invokeExecute(DriverCommandExecutor.java:216)\r\n\tat org.openqa.selenium.remote.service.DriverCommandExecutor.execute(DriverCommandExecutor.java:174)\r\n\tat org.openqa.selenium.remote.RemoteWebDriver.execute(RemoteWebDriver.java:601)\r\n\tat org.openqa.selenium.remote.RemoteWebDriver.get(RemoteWebDriver.java:369)\r\n\tat com.example.ordertest.resetState(ordertest.java:59)\r\n\tat java.base/jdk.internal.reflect.DirectMethodHandleAccessor.invoke(DirectMethodHandleAccessor.java:103)\r\n\tat java.base/java.lang.reflect.Method.invoke(Method.java:580)\r\n\tat org.testng.internal.invokers.MethodInvocationHelper.invokeMethod(MethodInvocationHelper.java:141)\r\n\tat org.testng.internal.invokers.MethodInvocationHelper.invokeMethodConsideringTimeout(MethodInvocationHelper.java:71)\r\n\tat org.testng.internal.invokers.ConfigInvoker.invokeConfigurationMethod(ConfigInvoker.java:400)\r\n\tat org.testng.internal.invokers.ConfigInvoker.invokeConfigurations(ConfigInvoker.java:333)\r\n\tat org.testng.internal.invokers.TestInvoker.runConfigMethods(TestInvoker.java:836)\r\n\tat org.testng.internal.invokers.TestInvoker.invokeMethod(TestInvoker.java:601)\r\n\tat org.testng.internal.invokers.TestInvoker.invokeTestMethod(TestInvoker.java:230)\r\n\tat org.testng.internal.invokers.MethodRunner.runInSequence(MethodRunner.java:63)\r\n\tat org.testng.internal.invokers.TestInvoker$MethodInvocationAgent.invoke(TestInvoker.java:995)\r\n\tat org.testng.internal.invokers.TestInvoker.invokeTestMethods(TestInvoker.java:203)\r\n\tat org.testng.internal.invokers.TestMethodWorker.invokeTestMethods(TestMethodWorker.java:154)\r\n\tat org.testng.internal.invokers.TestMethodWorker.run(TestMethodWorker.java:134)\r\n\tat java.base/java.util.ArrayList.forEach(ArrayList.java:1596)\r\n\tat org.testng.TestRunner.privateRun(TestRunner.java:741)\r\n\tat org.testng.TestRunner.run(TestRunner.java:616)\r\n\tat org.testng.SuiteRunner.runTest(SuiteRunner.java:421)\r\n\tat org.testng.SuiteRunner.runSequentially(SuiteRunner.java:413)\r\n\tat org.testng.SuiteRunner.privateRun(SuiteRunner.java:373)\r\n\tat org.testng.SuiteRunner.run(SuiteRunner.java:312)\r\n\tat org.testng.SuiteRunnerWorker.runSuite(SuiteRunnerWorker.java:52)\r\n\tat org.testng.SuiteRunnerWorker.run(SuiteRunnerWorker.java:95)\r\n\tat org.testng.TestNG.runSuitesSequentially(TestNG.java:1274)\r\n\tat org.testng.TestNG.runSuitesLocally(TestNG.java:1208)\r\n\tat org.testng.TestNG.runSuites(TestNG.java:1112)\r\n\tat org.testng.TestNG.run(TestNG.java:1079)\r\n\tat org.apache.maven.surefire.testng.TestNGExecutor.run(TestNGExecutor.java:308)\r\n\tat org.apache.maven.surefire.testng.TestNGXmlTestSuite.execute(TestNGXmlTestSuite.java:71)\r\n\tat org.apache.maven.surefire.testng.TestNGProvider.invoke(TestNGProvider.java:113)\r\n\tat org.apache.maven.surefire.booter.ForkedBooter.runSuitesInProcess(ForkedBooter.java:385)\r\n\tat org.apache.maven.surefire.booter.ForkedBooter.execute(ForkedBooter.java:162)\r\n\tat org.apache.maven.surefire.booter.ForkedBooter.run(ForkedBooter.java:507)\r\n\tat org.apache.maven.surefire.booter.ForkedBooter.main(ForkedBooter.java:495)\r\n"},"start":1771839791307,"stop":1771839791307,"duration":0,"flaky":false,"muted":false,"known":false,"hidden":true,"labels":[{"name":"package","value":"com.example.ordertest"},{"name":"testClass","value":"com.example.ordertest"},{"name":"testMethod","value":"verifyNavigationLinksVisible"},{"name":"parentSuite","value":"Auth Suite"},{"name":"suite","value":"Auth Tests"},{"name":"subSuite","value":"com.example.ordertest"},{"name":"host","value":"IBM-GPXTCF4"},{"name":"thread","value":"29016@IBM-GPXTCF4.main(1)"},{"name":"framework","value":"testng"},{"name":"language","value":"java"}],"steps":[],"parameters":[],"links":[],"hostId":"IBM-GPXTCF4","threadId":"29016@IBM-GPXTCF4.main(1)","sourceMetadata":{"readerId":"allure2","metadata":{"originalFileName":"46ddd3e1-501a-4bec-9028-30b24a614292-result.json"}},"titlePath":[],"environment":"default"},{"id":"bca304fb8ba1dee2fbe3d8b7520a94aa","name":"verifyNavigationLinksVisible","testCase":{"id":"7989a79454e26899c751dc24223497ca","name":"verifyNavigationLinksVisible","fullName":"com.example.ordertest.verifyNavigationLinksVisible"},"fullName":"com.example.ordertest.verifyNavigationLinksVisible","historyId":"7989a79454e26899c751dc24223497ca.d41d8cd98f00b204e9800998ecf8427e","status":"passed","error":{},"start":1771820314987,"stop":1771820315074,"duration":87,"flaky":false,"muted":false,"known":false,"hidden":true,"labels":[{"name":"package","value":"com.example.ordertest"},{"name":"testClass","value":"com.example.ordertest"},{"name":"testMethod","value":"verifyNavigationLinksVisible"},{"name":"parentSuite","value":"Auth Suite"},{"name":"suite","value":"Auth Tests"},{"name":"subSuite","value":"com.example.ordertest"},{"name":"host","value":"IBM-GPXTCF4"},{"name":"thread","value":"4476@IBM-GPXTCF4.main(1)"},{"name":"framework","value":"testng"},{"name":"language","value":"java"}],"steps":[],"parameters":[],"links":[],"hostId":"IBM-GPXTCF4","threadId":"4476@IBM-GPXTCF4.main(1)","sourceMetadata":{"readerId":"allure2","metadata":{"originalFileName":"55c259df-c40b-49c4-b2c7-8c016a4406d1-result.json"}},"titlePath":[],"environment":"default"},{"id":"2c9bea70e7573f579cbb7261eb8bb02e","name":"verifyNavigationLinksVisible","testCase":{"id":"7989a79454e26899c751dc24223497ca","name":"verifyNavigationLinksVisible","fullName":"com.example.ordertest.verifyNavigationLinksVisible"},"fullName":"com.example.ordertest.verifyNavigationLinksVisible","historyId":"7989a79454e26899c751dc24223497ca.d41d8cd98f00b204e9800998ecf8427e","status":"skipped","error":{"message":"unknown error: net::ERR_CONNECTION_REFUSED\n  (Session info: MicrosoftEdge=145.0.3800.65)\nBuild info: version: '4.40.0', revision: 'b3333f1'\nSystem info: os.name: 'Windows 11', os.arch: 'amd64', os.version: '10.0', java.version: '21.0.10'\nDriver info: org.openqa.selenium.edge.EdgeDriver\nCommand: [6048e488f4883c052bc01986698af3c4, get {url=http://127.0.0.1:5500/index.html}]\nCapabilities {acceptInsecureCerts: false, browserName: MicrosoftEdge, browserVersion: 145.0.3800.65, fedcm:accounts: true, goog:processID: 16100, ms:edgeOptions: {debuggerAddress: localhost:64795}, msedge: {msedgedriverVersion: 145.0.3800.70 (57ed5ba8de27..., userDataDir: C:\\Users\\SaiTejaN\\AppData\\L...}, networkConnectionEnabled: false, pageLoadStrategy: normal, platformName: windows, proxy: Proxy(), se:cdp: ws://localhost:64795/devtoo..., se:cdpVersion: 145.0.3800.65, setWindowRect: true, strictFileInteractability: false, timeouts: {implicit: 0, pageLoad: 300000, script: 30000}, unhandledPromptBehavior: dismiss and notify, webauthn:extension:credBlob: true, webauthn:extension:largeBlob: true, webauthn:extension:minPinLength: true, webauthn:extension:prf: true, webauthn:virtualAuthenticators: true}\nSession ID: 6048e488f4883c052bc01986698af3c4","trace":"org.openqa.selenium.WebDriverException: unknown error: net::ERR_CONNECTION_REFUSED\n  (Session info: MicrosoftEdge=145.0.3800.65)\nBuild info: version: '4.40.0', revision: 'b3333f1'\nSystem info: os.name: 'Windows 11', os.arch: 'amd64', os.version: '10.0', java.version: '21.0.10'\nDriver info: org.openqa.selenium.edge.EdgeDriver\nCommand: [6048e488f4883c052bc01986698af3c4, get {url=http://127.0.0.1:5500/index.html}]\nCapabilities {acceptInsecureCerts: false, browserName: MicrosoftEdge, browserVersion: 145.0.3800.65, fedcm:accounts: true, goog:processID: 16100, ms:edgeOptions: {debuggerAddress: localhost:64795}, msedge: {msedgedriverVersion: 145.0.3800.70 (57ed5ba8de27..., userDataDir: C:\\Users\\SaiTejaN\\AppData\\L...}, networkConnectionEnabled: false, pageLoadStrategy: normal, platformName: windows, proxy: Proxy(), se:cdp: ws://localhost:64795/devtoo..., se:cdpVersion: 145.0.3800.65, setWindowRect: true, strictFileInteractability: false, timeouts: {implicit: 0, pageLoad: 300000, script: 30000}, unhandledPromptBehavior: dismiss and notify, webauthn:extension:credBlob: true, webauthn:extension:largeBlob: true, webauthn:extension:minPinLength: true, webauthn:extension:prf: true, webauthn:virtualAuthenticators: true}\nSession ID: 6048e488f4883c052bc01986698af3c4\r\n\tat org.openqa.selenium.remote.ErrorCodec.decode(ErrorCodec.java:169)\r\n\tat org.openqa.selenium.remote.codec.w3c.W3CHttpResponseCodec.decode(W3CHttpResponseCodec.java:142)\r\n\tat org.openqa.selenium.remote.codec.w3c.W3CHttpResponseCodec.decode(W3CHttpResponseCodec.java:49)\r\n\tat org.openqa.selenium.remote.HttpCommandExecutor.execute(HttpCommandExecutor.java:223)\r\n\tat org.openqa.selenium.remote.service.DriverCommandExecutor.invokeExecute(DriverCommandExecutor.java:216)\r\n\tat org.openqa.selenium.remote.service.DriverCommandExecutor.execute(DriverCommandExecutor.java:174)\r\n\tat org.openqa.selenium.remote.RemoteWebDriver.execute(RemoteWebDriver.java:601)\r\n\tat org.openqa.selenium.remote.RemoteWebDriver.get(RemoteWebDriver.java:369)\r\n\tat com.example.ordertest.resetState(ordertest.java:61)\r\n\tat java.base/jdk.internal.reflect.DirectMethodHandleAccessor.invoke(DirectMethodHandleAccessor.java:103)\r\n\tat java.base/java.lang.reflect.Method.invoke(Method.java:580)\r\n\tat org.testng.internal.invokers.MethodInvocationHelper.invokeMethod(MethodInvocationHelper.java:141)\r\n\tat org.testng.internal.invokers.MethodInvocationHelper.invokeMethodConsideringTimeout(MethodInvocationHelper.java:71)\r\n\tat org.testng.internal.invokers.ConfigInvoker.invokeConfigurationMethod(ConfigInvoker.java:400)\r\n\tat org.testng.internal.invokers.ConfigInvoker.invokeConfigurations(ConfigInvoker.java:333)\r\n\tat org.testng.internal.invokers.TestInvoker.runConfigMethods(TestInvoker.java:836)\r\n\tat org.testng.internal.invokers.TestInvoker.invokeMethod(TestInvoker.java:601)\r\n\tat org.testng.internal.invokers.TestInvoker.invokeTestMethod(TestInvoker.java:230)\r\n\tat org.testng.internal.invokers.MethodRunner.runInSequence(MethodRunner.java:63)\r\n\tat org.testng.internal.invokers.TestInvoker$MethodInvocationAgent.invoke(TestInvoker.java:995)\r\n\tat org.testng.internal.invokers.TestInvoker.invokeTestMethods(TestInvoker.java:203)\r\n\tat org.testng.internal.invokers.TestMethodWorker.invokeTestMethods(TestMethodWorker.java:154)\r\n\tat org.testng.internal.invokers.TestMethodWorker.run(TestMethodWorker.java:134)\r\n\tat java.base/java.util.ArrayList.forEach(ArrayList.java:1596)\r\n\tat org.testng.TestRunner.privateRun(TestRunner.java:741)\r\n\tat org.testng.TestRunner.run(TestRunner.java:616)\r\n\tat org.testng.SuiteRunner.runTest(SuiteRunner.java:421)\r\n\tat org.testng.SuiteRunner.runSequentially(SuiteRunner.java:413)\r\n\tat org.testng.SuiteRunner.privateRun(SuiteRunner.java:373)\r\n\tat org.testng.SuiteRunner.run(SuiteRunner.java:312)\r\n\tat org.testng.SuiteRunnerWorker.runSuite(SuiteRunnerWorker.java:52)\r\n\tat org.testng.SuiteRunnerWorker.run(SuiteRunnerWorker.java:95)\r\n\tat org.testng.TestNG.runSuitesSequentially(TestNG.java:1274)\r\n\tat org.testng.TestNG.runSuitesLocally(TestNG.java:1208)\r\n\tat org.testng.TestNG.runSuites(TestNG.java:1112)\r\n\tat org.testng.TestNG.run(TestNG.java:1079)\r\n\tat org.apache.maven.surefire.testng.TestNGExecutor.run(TestNGExecutor.java:308)\r\n\tat org.apache.maven.surefire.testng.TestNGXmlTestSuite.execute(TestNGXmlTestSuite.java:71)\r\n\tat org.apache.maven.surefire.testng.TestNGProvider.invoke(TestNGProvider.java:113)\r\n\tat org.apache.maven.surefire.booter.ForkedBooter.runSuitesInProcess(ForkedBooter.java:385)\r\n\tat org.apache.maven.surefire.booter.ForkedBooter.execute(ForkedBooter.java:162)\r\n\tat org.apache.maven.surefire.booter.ForkedBooter.run(ForkedBooter.java:507)\r\n\tat org.apache.maven.surefire.booter.ForkedBooter.main(ForkedBooter.java:495)\r\n"},"start":1771819964558,"stop":1771819964558,"duration":0,"flaky":false,"muted":false,"known":false,"hidden":true,"labels":[{"name":"package","value":"com.example.ordertest"},{"name":"testClass","value":"com.example.ordertest"},{"name":"testMethod","value":"verifyNavigationLinksVisible"},{"name":"parentSuite","value":"Auth Suite"},{"name":"suite","value":"Auth Tests"},{"name":"subSuite","value":"com.example.ordertest"},{"name":"host","value":"IBM-GPXTCF4"},{"name":"thread","value":"10764@IBM-GPXTCF4.main(1)"},{"name":"framework","value":"testng"},{"name":"language","value":"java"}],"steps":[],"parameters":[],"links":[],"hostId":"IBM-GPXTCF4","threadId":"10764@IBM-GPXTCF4.main(1)","sourceMetadata":{"readerId":"allure2","metadata":{"originalFileName":"67a4c577-a532-451f-8600-f2dbb1ca5a12-result.json"}},"titlePath":[],"environment":"default"}],"breadcrumbs":[["Auth Suite","Auth Tests","com.example.ordertest"]],"retry":true,"titlePath":[],"retriesCount":4,"attachments":[],"order":383}