<?xml version="1.0" encoding="UTF-8"?>
<!-- Generated by org.testng.reporters.JUnitXMLReporter -->
<testsuite ignored="0" hostname="IBM-GPXTCF4" failures="0" tests="65" name="Auth Tests" time="239.978" errors="0" timestamp="2026-02-23T09:48:44 IST">
  <testcase classname="com.example.indextest" name="verifyLoginTabDefault" time="0.102"/>
  <testcase classname="com.example.indextest" name="verifySignupTabSwitch" time="0.116"/>
  <testcase classname="com.example.indextest" name="verifyLoginEmptyFields" time="0.208"/>
  <testcase classname="com.example.indextest" name="verifySuccessfulSignup" time="0.258"/>
  <testcase classname="com.example.indextest" name="verifySuccessfulLogin" time="0.273"/>
  <testcase classname="com.example.indextest" name="verifyIndexPageTitle" time="0.008"/>
  <testcase classname="com.example.indextest" name="verifyLoginFieldsTypeAndRequired" time="0.057"/>
  <testcase classname="com.example.indextest" name="verifySignupFieldsTypeAndRequired" time="0.107"/>
  <testcase classname="com.example.indextest" name="verifySwitchBackToLoginTab" time="0.153"/>
  <testcase classname="com.example.indextest" name="verifyLoginSubmitButtonPresent" time="0.032"/>
  <testcase classname="com.example.indextest" name="verifySignupSubmitButtonPresent" time="0.112"/>
  <testcase classname="com.example.indextest" name="verifyLoginTabButtonIsDisplayed" time="0.02"/>
  <testcase classname="com.example.hometest" name="verifyHomePageTitle" time="9.251"/>
  <testcase classname="com.example.hometest" name="verifyNavigationLinksVisible" time="5.478"/>
  <testcase classname="com.example.hometest" name="verifySearchBarPresent" time="5.414"/>
  <testcase classname="com.example.hometest" name="verifyMovieGridVisible" time="5.437"/>
  <testcase classname="com.example.hometest" name="verifyCartCountVisible" time="5.431"/>
  <testcase classname="com.example.hometest" name="verifyLogoutRedirectsToIndex" time="5.533"/>
  <testcase classname="com.example.moviedetailstest" name="verifyMovieDetailsPageTitle" time="0.495"/>
  <testcase classname="com.example.moviedetailstest" name="verifyNavigationLinksVisible" time="0.092"/>
  <testcase classname="com.example.moviedetailstest" name="verifyDetailContentVisibleForValidMovieId" time="0.088"/>
  <testcase classname="com.example.moviedetailstest" name="verifyMovieTitleIsDisplayed" time="0.095"/>
  <testcase classname="com.example.moviedetailstest" name="verifyMoviePosterImageLoaded" time="0.072"/>
  <testcase classname="com.example.moviedetailstest" name="verifyMoviePriceFormat" time="0.109"/>
  <testcase classname="com.example.moviedetailstest" name="verifyAddToCartButtonVisibleAndEnabled" time="0.067"/>
  <testcase classname="com.example.moviedetailstest" name="verifyBackToHomeLinkPresent" time="0.069"/>
  <testcase classname="com.example.moviedetailstest" name="verifyAddToCartUpdatesNavbarCountAndShowsToast" time="0.2"/>
  <testcase classname="com.example.moviedetailstest" name="verifyAddToCartPersistsCartItemInLocalStorage" time="0.115"/>
  <testcase classname="com.example.moviedetailstest" name="verifyInvalidMovieIdShowsNotFoundMessage" time="0.068"/>
  <testcase classname="com.example.moviedetailstest" name="verifyMissingMovieIdShowsNotFoundMessage" time="0.067"/>
  <testcase classname="com.example.carttest" name="verifyCartPageTitle" time="0.006"/>
  <testcase classname="com.example.carttest" name="verifyCartUrlContainsCartHtml" time="0.01"/>
  <testcase classname="com.example.carttest" name="verifyCartHeadingVisible" time="0.03"/>
  <testcase classname="com.example.carttest" name="verifyNavigationLinksVisibleOnCartPage" time="0.044"/>
  <testcase classname="com.example.carttest" name="verifyCartContainerVisible" time="0.023"/>
  <testcase classname="com.example.carttest" name="verifyCartItemsAreaOrEmptyStateVisible" time="0.056"/>
  <testcase classname="com.example.carttest" name="verifyQuantityControlsWhenItemsExist" time="0.03"/>
  <testcase classname="com.example.carttest" name="verifyPriceOrSubtotalVisibleForItems" time="0.027"/>
  <testcase classname="com.example.carttest" name="verifyTotalSectionVisible" time="0.027"/>
  <testcase classname="com.example.carttest" name="verifyCheckoutButtonPresence" time="0.04"/>
  <testcase classname="com.example.carttest" name="verifyLogoutRedirectFromCart" time="0.112"/>
  <testcase classname="com.example.ordertest" name="verifyOrdersPageTitle" time="0.104"/>
  <testcase classname="com.example.ordertest" name="verifyOrdersUrlContainsOrdersHtml" time="0.057"/>
  <testcase classname="com.example.ordertest" name="verifyNavigationLinksVisible" time="0.086"/>
  <testcase classname="com.example.ordertest" name="verifyOrdersHeadingVisible" time="0.072"/>
  <testcase classname="com.example.ordertest" name="verifyOrdersListContainerPresent" time="0.049"/>
  <testcase classname="com.example.ordertest" name="verifyEmptyStateVisibleWhenNoOrders" time="0.065"/>
  <testcase classname="com.example.ordertest" name="verifyEmptyStateHasBrowseMoviesLink" time="0.084"/>
  <testcase classname="com.example.ordertest" name="verifyOrderCardVisibleWhenOrdersExist" time="0.083"/>
  <testcase classname="com.example.ordertest" name="verifyOrderCardShowsIdDateAndTotal" time="0.125"/>
  <testcase classname="com.example.ordertest" name="verifyOrderItemLineIsRendered" time="0.065"/>
  <testcase classname="com.example.ordertest" name="verifySuccessToastShownWhenSuccessQueryPresent" time="0.084"/>
  <testcase classname="com.example.ordertest" name="verifyNavCartCountUpdatesFromStoredCart" time="0.07"/>
  <testcase classname="com.example.paymenttest" name="verifyRedirectToCartWhenCartIsEmpty" time="0.117"/>
  <testcase classname="com.example.paymenttest" name="verifyPaymentPageTitle" time="0.06"/>
  <testcase classname="com.example.paymenttest" name="verifyPaymentFormVisible" time="0.08"/>
  <testcase classname="com.example.paymenttest" name="verifyOrderSummaryVisible" time="0.072"/>
  <testcase classname="com.example.paymenttest" name="verifyNavLinksVisible" time="0.1"/>
  <testcase classname="com.example.paymenttest" name="verifyCardNumberAutoFormatting" time="0.144"/>
  <testcase classname="com.example.paymenttest" name="verifyExpiryAutoFormatting" time="0.127"/>
  <testcase classname="com.example.paymenttest" name="verifyCvvAllowsDigitsOnly" time="0.109"/>
  <testcase classname="com.example.paymenttest" name="verifyErrorForEmptyName" time="1.387"/>
  <testcase classname="com.example.paymenttest" name="verifyErrorForInvalidCardNumber" time="1.348"/>
  <testcase classname="com.example.paymenttest" name="verifyErrorForInvalidExpiry" time="1.361"/>
  <testcase classname="com.example.paymenttest" name="verifySuccessfulPaymentRedirectsToOrdersAndClearsCart" time="1.386"/>
</testsuite> <!-- Auth Tests -->
