<?xml version="1.0" encoding="UTF-8"?>
<!-- Generated by org.testng.reporters.JUnitXMLReporter -->
<testsuite ignored="0" hostname="IBM-GPXTCF4" failures="0" tests="65" name="Auth Tests" time="262.046" errors="0" timestamp="2026-02-23T15:29:37 IST">
  <testcase classname="com.example.indextest" name="verifyLoginTabDefault" time="0.152"/>
  <testcase classname="com.example.indextest" name="verifySignupTabSwitch" time="0.257"/>
  <testcase classname="com.example.indextest" name="verifyLoginEmptyFields" time="0.439"/>
  <testcase classname="com.example.indextest" name="verifySuccessfulSignup" time="0.673"/>
  <testcase classname="com.example.indextest" name="verifySuccessfulLogin" time="0.505"/>
  <testcase classname="com.example.indextest" name="verifyIndexPageTitle" time="0.017"/>
  <testcase classname="com.example.indextest" name="verifyLoginFieldsTypeAndRequired" time="0.097"/>
  <testcase classname="com.example.indextest" name="verifySignupFieldsTypeAndRequired" time="0.177"/>
  <testcase classname="com.example.indextest" name="verifySwitchBackToLoginTab" time="0.308"/>
  <testcase classname="com.example.indextest" name="verifyLoginSubmitButtonPresent" time="0.074"/>
  <testcase classname="com.example.indextest" name="verifySignupSubmitButtonPresent" time="0.185"/>
  <testcase classname="com.example.indextest" name="verifyLoginTabButtonIsDisplayed" time="0.056"/>
  <testcase classname="com.example.hometest" name="verifyHomePageTitle" time="10.502"/>
  <testcase classname="com.example.hometest" name="verifyNavigationLinksVisible" time="5.922"/>
  <testcase classname="com.example.hometest" name="verifySearchBarPresent" time="6.3"/>
  <testcase classname="com.example.hometest" name="verifyMovieGridVisible" time="5.947"/>
  <testcase classname="com.example.hometest" name="verifyCartCountVisible" time="6.217"/>
  <testcase classname="com.example.hometest" name="verifyLogoutRedirectsToIndex" time="6.4"/>
  <testcase classname="com.example.moviedetailstest" name="verifyMovieDetailsPageTitle" time="0.409"/>
  <testcase classname="com.example.moviedetailstest" name="verifyNavigationLinksVisible" time="0.113"/>
  <testcase classname="com.example.moviedetailstest" name="verifyDetailContentVisibleForValidMovieId" time="0.108"/>
  <testcase classname="com.example.moviedetailstest" name="verifyMovieTitleIsDisplayed" time="0.1"/>
  <testcase classname="com.example.moviedetailstest" name="verifyMoviePosterImageLoaded" time="0.089"/>
  <testcase classname="com.example.moviedetailstest" name="verifyMoviePriceFormat" time="0.097"/>
  <testcase classname="com.example.moviedetailstest" name="verifyAddToCartButtonVisibleAndEnabled" time="0.093"/>
  <testcase classname="com.example.moviedetailstest" name="verifyBackToHomeLinkPresent" time="0.093"/>
  <testcase classname="com.example.moviedetailstest" name="verifyAddToCartUpdatesNavbarCountAndShowsToast" time="0.316"/>
  <testcase classname="com.example.moviedetailstest" name="verifyAddToCartPersistsCartItemInLocalStorage" time="0.178"/>
  <testcase classname="com.example.moviedetailstest" name="verifyInvalidMovieIdShowsNotFoundMessage" time="0.091"/>
  <testcase classname="com.example.moviedetailstest" name="verifyMissingMovieIdShowsNotFoundMessage" time="0.087"/>
  <testcase classname="com.example.carttest" name="verifyCartPageTitle" time="0.018"/>
  <testcase classname="com.example.carttest" name="verifyCartUrlContainsCartHtml" time="0.014"/>
  <testcase classname="com.example.carttest" name="verifyCartHeadingVisible" time="0.055"/>
  <testcase classname="com.example.carttest" name="verifyNavigationLinksVisibleOnCartPage" time="0.087"/>
  <testcase classname="com.example.carttest" name="verifyCartContainerVisible" time="0.024"/>
  <testcase classname="com.example.carttest" name="verifyCartItemsAreaOrEmptyStateVisible" time="0.135"/>
  <testcase classname="com.example.carttest" name="verifyQuantityControlsWhenItemsExist" time="0.057"/>
  <testcase classname="com.example.carttest" name="verifyPriceOrSubtotalVisibleForItems" time="0.057"/>
  <testcase classname="com.example.carttest" name="verifyTotalSectionVisible" time="0.05"/>
  <testcase classname="com.example.carttest" name="verifyCheckoutButtonPresence" time="0.088"/>
  <testcase classname="com.example.carttest" name="verifyLogoutRedirectFromCart" time="0.177"/>
  <testcase classname="com.example.ordertest" name="verifyOrdersPageTitle" time="0.066"/>
  <testcase classname="com.example.ordertest" name="verifyOrdersUrlContainsOrdersHtml" time="0.055"/>
  <testcase classname="com.example.ordertest" name="verifyNavigationLinksVisible" time="0.126"/>
  <testcase classname="com.example.ordertest" name="verifyOrdersHeadingVisible" time="0.1"/>
  <testcase classname="com.example.ordertest" name="verifyOrdersListContainerPresent" time="0.06"/>
  <testcase classname="com.example.ordertest" name="verifyEmptyStateVisibleWhenNoOrders" time="0.159"/>
  <testcase classname="com.example.ordertest" name="verifyEmptyStateHasBrowseMoviesLink" time="0.089"/>
  <testcase classname="com.example.ordertest" name="verifyOrderCardVisibleWhenOrdersExist" time="0.104"/>
  <testcase classname="com.example.ordertest" name="verifyOrderCardShowsIdDateAndTotal" time="0.219"/>
  <testcase classname="com.example.ordertest" name="verifyOrderItemLineIsRendered" time="0.11"/>
  <testcase classname="com.example.ordertest" name="verifySuccessToastShownWhenSuccessQueryPresent" time="0.107"/>
  <testcase classname="com.example.ordertest" name="verifyNavCartCountUpdatesFromStoredCart" time="0.083"/>
  <testcase classname="com.example.paymenttest" name="verifyRedirectToCartWhenCartIsEmpty" time="0.092"/>
  <testcase classname="com.example.paymenttest" name="verifyPaymentPageTitle" time="0.069"/>
  <testcase classname="com.example.paymenttest" name="verifyPaymentFormVisible" time="0.097"/>
  <testcase classname="com.example.paymenttest" name="verifyOrderSummaryVisible" time="0.132"/>
  <testcase classname="com.example.paymenttest" name="verifyNavLinksVisible" time="0.102"/>
  <testcase classname="com.example.paymenttest" name="verifyCardNumberAutoFormatting" time="0.246"/>
  <testcase classname="com.example.paymenttest" name="verifyExpiryAutoFormatting" time="0.165"/>
  <testcase classname="com.example.paymenttest" name="verifyCvvAllowsDigitsOnly" time="0.202"/>
  <testcase classname="com.example.paymenttest" name="verifyErrorForEmptyName" time="1.774"/>
  <testcase classname="com.example.paymenttest" name="verifyErrorForInvalidCardNumber" time="1.836"/>
  <testcase classname="com.example.paymenttest" name="verifyErrorForInvalidExpiry" time="1.707"/>
  <testcase classname="com.example.paymenttest" name="verifySuccessfulPaymentRedirectsToOrdersAndClearsCart" time="1.706"/>
</testsuite> <!-- Auth Tests -->
