<?xml version="1.0" encoding="UTF-8"?>
<testng-results ignored="0" total="65" passed="65" failed="0" skipped="0">
  <reporter-output>
  </reporter-output>
  <suite started-at="2026-02-23T15:25:15 IST" name="Auth Suite" finished-at="2026-02-23T15:29:37 IST" duration-ms="262046">
    <groups>
    </groups>
    <test started-at="2026-02-23T15:25:15 IST" name="Auth Tests" finished-at="2026-02-23T15:29:37 IST" duration-ms="262046">
      <class name="com.example.moviedetailstest">
        <test-method is-config="true" signature="setup()[pri:0, instance:com.example.moviedetailstest@4007f65e]" started-at="2026-02-23T15:26:10 IST" name="setup" finished-at="2026-02-23T15:26:11 IST" duration-ms="893" status="PASS">
          <reporter-output>
          </reporter-output>
        </test-method> <!-- setup -->
        <test-method is-config="true" signature="resetState()[pri:0, instance:com.example.moviedetailstest@4007f65e]" started-at="2026-02-23T15:26:11 IST" name="resetState" finished-at="2026-02-23T15:26:11 IST" duration-ms="105" status="PASS">
          <reporter-output>
          </reporter-output>
        </test-method> <!-- resetState -->
        <test-method signature="verifyMovieDetailsPageTitle()[pri:1, instance:com.example.moviedetailstest@4007f65e]" started-at="2026-02-23T15:26:11 IST" name="verifyMovieDetailsPageTitle" finished-at="2026-02-23T15:26:12 IST" duration-ms="409" status="PASS">
          <reporter-output>
          </reporter-output>
        </test-method> <!-- verifyMovieDetailsPageTitle -->
        <test-method is-config="true" signature="resetState()[pri:0, instance:com.example.moviedetailstest@4007f65e]" started-at="2026-02-23T15:26:12 IST" name="resetState" finished-at="2026-02-23T15:26:12 IST" duration-ms="91" status="PASS">
          <reporter-output>
          </reporter-output>
        </test-method> <!-- resetState -->
        <test-method signature="verifyNavigationLinksVisible()[pri:2, instance:com.example.moviedetailstest@4007f65e]" started-at="2026-02-23T15:26:12 IST" name="verifyNavigationLinksVisible" finished-at="2026-02-23T15:26:12 IST" duration-ms="113" status="PASS">
          <reporter-output>
          </reporter-output>
        </test-method> <!-- verifyNavigationLinksVisible -->
        <test-method is-config="true" signature="resetState()[pri:0, instance:com.example.moviedetailstest@4007f65e]" started-at="2026-02-23T15:26:12 IST" name="resetState" finished-at="2026-02-23T15:26:12 IST" duration-ms="93" status="PASS">
          <reporter-output>
          </reporter-output>
        </test-method> <!-- resetState -->
        <test-method signature="verifyDetailContentVisibleForValidMovieId()[pri:3, instance:com.example.moviedetailstest@4007f65e]" started-at="2026-02-23T15:26:12 IST" name="verifyDetailContentVisibleForValidMovieId" finished-at="2026-02-23T15:26:12 IST" duration-ms="108" status="PASS">
          <reporter-output>
          </reporter-output>
        </test-method> <!-- verifyDetailContentVisibleForValidMovieId -->
        <test-method is-config="true" signature="resetState()[pri:0, instance:com.example.moviedetailstest@4007f65e]" started-at="2026-02-23T15:26:12 IST" name="resetState" finished-at="2026-02-23T15:26:12 IST" duration-ms="96" status="PASS">
          <reporter-output>
          </reporter-output>
        </test-method> <!-- resetState -->
        <test-method signature="verifyMovieTitleIsDisplayed()[pri:4, instance:com.example.moviedetailstest@4007f65e]" started-at="2026-02-23T15:26:12 IST" name="verifyMovieTitleIsDisplayed" finished-at="2026-02-23T15:26:12 IST" duration-ms="100" status="PASS">
          <reporter-output>
          </reporter-output>
        </test-method> <!-- verifyMovieTitleIsDisplayed -->
        <test-method is-config="true" signature="resetState()[pri:0, instance:com.example.moviedetailstest@4007f65e]" started-at="2026-02-23T15:26:12 IST" name="resetState" finished-at="2026-02-23T15:26:12 IST" duration-ms="85" status="PASS">
          <reporter-output>
          </reporter-output>
        </test-method> <!-- resetState -->
        <test-method signature="verifyMoviePosterImageLoaded()[pri:5, instance:com.example.moviedetailstest@4007f65e]" started-at="2026-02-23T15:26:12 IST" name="verifyMoviePosterImageLoaded" finished-at="2026-02-23T15:26:12 IST" duration-ms="89" status="PASS">
          <reporter-output>
          </reporter-output>
        </test-method> <!-- verifyMoviePosterImageLoaded -->
        <test-method is-config="true" signature="resetState()[pri:0, instance:com.example.moviedetailstest@4007f65e]" started-at="2026-02-23T15:26:12 IST" name="resetState" finished-at="2026-02-23T15:26:13 IST" duration-ms="89" status="PASS">
          <reporter-output>
          </reporter-output>
        </test-method> <!-- resetState -->
        <test-method signature="verifyMoviePriceFormat()[pri:6, instance:com.example.moviedetailstest@4007f65e]" started-at="2026-02-23T15:26:13 IST" name="verifyMoviePriceFormat" finished-at="2026-02-23T15:26:13 IST" duration-ms="97" status="PASS">
          <reporter-output>
          </reporter-output>
        </test-method> <!-- verifyMoviePriceFormat -->
        <test-method is-config="true" signature="resetState()[pri:0, instance:com.example.moviedetailstest@4007f65e]" started-at="2026-02-23T15:26:13 IST" name="resetState" finished-at="2026-02-23T15:26:13 IST" duration-ms="89" status="PASS">
          <reporter-output>
          </reporter-output>
        </test-method> <!-- resetState -->
        <test-method signature="verifyAddToCartButtonVisibleAndEnabled()[pri:7, instance:com.example.moviedetailstest@4007f65e]" started-at="2026-02-23T15:26:13 IST" name="verifyAddToCartButtonVisibleAndEnabled" finished-at="2026-02-23T15:26:13 IST" duration-ms="93" status="PASS">
          <reporter-output>
          </reporter-output>
        </test-method> <!-- verifyAddToCartButtonVisibleAndEnabled -->
        <test-method is-config="true" signature="resetState()[pri:0, instance:com.example.moviedetailstest@4007f65e]" started-at="2026-02-23T15:26:13 IST" name="resetState" finished-at="2026-02-23T15:26:13 IST" duration-ms="90" status="PASS">
          <reporter-output>
          </reporter-output>
        </test-method> <!-- resetState -->
        <test-method signature="verifyBackToHomeLinkPresent()[pri:8, instance:com.example.moviedetailstest@4007f65e]" started-at="2026-02-23T15:26:13 IST" name="verifyBackToHomeLinkPresent" finished-at="2026-02-23T15:26:13 IST" duration-ms="93" status="PASS">
          <reporter-output>
          </reporter-output>
        </test-method> <!-- verifyBackToHomeLinkPresent -->
        <test-method is-config="true" signature="resetState()[pri:0, instance:com.example.moviedetailstest@4007f65e]" started-at="2026-02-23T15:26:13 IST" name="resetState" finished-at="2026-02-23T15:26:13 IST" duration-ms="78" status="PASS">
          <reporter-output>
          </reporter-output>
        </test-method> <!-- resetState -->
        <test-method signature="verifyAddToCartUpdatesNavbarCountAndShowsToast()[pri:9, instance:com.example.moviedetailstest@4007f65e]" started-at="2026-02-23T15:26:13 IST" name="verifyAddToCartUpdatesNavbarCountAndShowsToast" finished-at="2026-02-23T15:26:13 IST" duration-ms="316" status="PASS">
          <reporter-output>
          </reporter-output>
        </test-method> <!-- verifyAddToCartUpdatesNavbarCountAndShowsToast -->
        <test-method is-config="true" signature="resetState()[pri:0, instance:com.example.moviedetailstest@4007f65e]" started-at="2026-02-23T15:26:13 IST" name="resetState" finished-at="2026-02-23T15:26:13 IST" duration-ms="88" status="PASS">
          <reporter-output>
          </reporter-output>
        </test-method> <!-- resetState -->
        <test-method signature="verifyAddToCartPersistsCartItemInLocalStorage()[pri:10, instance:com.example.moviedetailstest@4007f65e]" started-at="2026-02-23T15:26:13 IST" name="verifyAddToCartPersistsCartItemInLocalStorage" finished-at="2026-02-23T15:26:14 IST" duration-ms="178" status="PASS">
          <reporter-output>
          </reporter-output>
        </test-method> <!-- verifyAddToCartPersistsCartItemInLocalStorage -->
        <test-method is-config="true" signature="resetState()[pri:0, instance:com.example.moviedetailstest@4007f65e]" started-at="2026-02-23T15:26:14 IST" name="resetState" finished-at="2026-02-23T15:26:14 IST" duration-ms="79" status="PASS">
          <reporter-output>
          </reporter-output>
        </test-method> <!-- resetState -->
        <test-method signature="verifyInvalidMovieIdShowsNotFoundMessage()[pri:11, instance:com.example.moviedetailstest@4007f65e]" started-at="2026-02-23T15:26:14 IST" name="verifyInvalidMovieIdShowsNotFoundMessage" finished-at="2026-02-23T15:26:14 IST" duration-ms="91" status="PASS">
          <reporter-output>
          </reporter-output>
        </test-method> <!-- verifyInvalidMovieIdShowsNotFoundMessage -->
        <test-method is-config="true" signature="resetState()[pri:0, instance:com.example.moviedetailstest@4007f65e]" started-at="2026-02-23T15:26:14 IST" name="resetState" finished-at="2026-02-23T15:26:14 IST" duration-ms="84" status="PASS">
          <reporter-output>
          </reporter-output>
        </test-method> <!-- resetState -->
        <test-method signature="verifyMissingMovieIdShowsNotFoundMessage()[pri:12, instance:com.example.moviedetailstest@4007f65e]" started-at="2026-02-23T15:26:14 IST" name="verifyMissingMovieIdShowsNotFoundMessage" finished-at="2026-02-23T15:26:14 IST" duration-ms="87" status="PASS">
          <reporter-output>
          </reporter-output>
        </test-method> <!-- verifyMissingMovieIdShowsNotFoundMessage -->
        <test-method is-config="true" signature="tearDown()[pri:0, instance:com.example.moviedetailstest@4007f65e]" started-at="2026-02-23T15:26:14 IST" name="tearDown" finished-at="2026-02-23T15:26:14 IST" duration-ms="213" status="PASS">
          <reporter-output>
          </reporter-output>
        </test-method> <!-- tearDown -->
      </class> <!-- com.example.moviedetailstest -->
      <class name="com.example.indextest">
        <test-method is-config="true" signature="setup()[pri:0, instance:com.example.indextest@4f32a3ad]" started-at="2026-02-23T15:25:15 IST" name="setup" finished-at="2026-02-23T15:25:16 IST" duration-ms="1470" status="PASS">
          <reporter-output>
          </reporter-output>
        </test-method> <!-- setup -->
        <test-method is-config="true" signature="loadPage()[pri:0, instance:com.example.indextest@4f32a3ad]" started-at="2026-02-23T15:25:16 IST" name="loadPage" finished-at="2026-02-23T15:25:16 IST" duration-ms="144" status="PASS">
          <reporter-output>
          </reporter-output>
        </test-method> <!-- loadPage -->
        <test-method signature="verifyLoginTabDefault()[pri:1, instance:com.example.indextest@4f32a3ad]" started-at="2026-02-23T15:25:17 IST" name="verifyLoginTabDefault" finished-at="2026-02-23T15:25:17 IST" duration-ms="152" status="PASS">
          <reporter-output>
          </reporter-output>
        </test-method> <!-- verifyLoginTabDefault -->
        <test-method is-config="true" signature="loadPage()[pri:0, instance:com.example.indextest@4f32a3ad]" started-at="2026-02-23T15:25:17 IST" name="loadPage" finished-at="2026-02-23T15:25:17 IST" duration-ms="119" status="PASS">
          <reporter-output>
          </reporter-output>
        </test-method> <!-- loadPage -->
        <test-method signature="verifySignupTabSwitch()[pri:2, instance:com.example.indextest@4f32a3ad]" started-at="2026-02-23T15:25:17 IST" name="verifySignupTabSwitch" finished-at="2026-02-23T15:25:17 IST" duration-ms="257" status="PASS">
          <reporter-output>
          </reporter-output>
        </test-method> <!-- verifySignupTabSwitch -->
        <test-method is-config="true" signature="loadPage()[pri:0, instance:com.example.indextest@4f32a3ad]" started-at="2026-02-23T15:25:17 IST" name="loadPage" finished-at="2026-02-23T15:25:17 IST" duration-ms="107" status="PASS">
          <reporter-output>
          </reporter-output>
        </test-method> <!-- loadPage -->
        <test-method signature="verifyLoginEmptyFields()[pri:3, instance:com.example.indextest@4f32a3ad]" started-at="2026-02-23T15:25:17 IST" name="verifyLoginEmptyFields" finished-at="2026-02-23T15:25:18 IST" duration-ms="439" status="PASS">
          <reporter-output>
          </reporter-output>
        </test-method> <!-- verifyLoginEmptyFields -->
        <test-method is-config="true" signature="loadPage()[pri:0, instance:com.example.indextest@4f32a3ad]" started-at="2026-02-23T15:25:18 IST" name="loadPage" finished-at="2026-02-23T15:25:18 IST" duration-ms="78" status="PASS">
          <reporter-output>
          </reporter-output>
        </test-method> <!-- loadPage -->
        <test-method signature="verifySuccessfulSignup()[pri:4, instance:com.example.indextest@4f32a3ad]" started-at="2026-02-23T15:25:18 IST" name="verifySuccessfulSignup" finished-at="2026-02-23T15:25:18 IST" duration-ms="673" status="PASS">
          <reporter-output>
          </reporter-output>
        </test-method> <!-- verifySuccessfulSignup -->
        <test-method is-config="true" signature="loadPage()[pri:0, instance:com.example.indextest@4f32a3ad]" started-at="2026-02-23T15:25:19 IST" name="loadPage" finished-at="2026-02-23T15:25:19 IST" duration-ms="87" status="PASS">
          <reporter-output>
          </reporter-output>
        </test-method> <!-- loadPage -->
        <test-method signature="verifySuccessfulLogin()[pri:5, instance:com.example.indextest@4f32a3ad]" started-at="2026-02-23T15:25:19 IST" name="verifySuccessfulLogin" finished-at="2026-02-23T15:25:19 IST" duration-ms="505" status="PASS">
          <reporter-output>
          </reporter-output>
        </test-method> <!-- verifySuccessfulLogin -->
        <test-method is-config="true" signature="loadPage()[pri:0, instance:com.example.indextest@4f32a3ad]" started-at="2026-02-23T15:25:19 IST" name="loadPage" finished-at="2026-02-23T15:25:19 IST" duration-ms="289" status="PASS">
          <reporter-output>
          </reporter-output>
        </test-method> <!-- loadPage -->
        <test-method signature="verifyIndexPageTitle()[pri:6, instance:com.example.indextest@4f32a3ad]" started-at="2026-02-23T15:25:19 IST" name="verifyIndexPageTitle" finished-at="2026-02-23T15:25:19 IST" duration-ms="17" status="PASS">
          <reporter-output>
          </reporter-output>
        </test-method> <!-- verifyIndexPageTitle -->
        <test-method is-config="true" signature="loadPage()[pri:0, instance:com.example.indextest@4f32a3ad]" started-at="2026-02-23T15:25:19 IST" name="loadPage" finished-at="2026-02-23T15:25:20 IST" duration-ms="112" status="PASS">
          <reporter-output>
          </reporter-output>
        </test-method> <!-- loadPage -->
        <test-method signature="verifyLoginFieldsTypeAndRequired()[pri:7, instance:com.example.indextest@4f32a3ad]" started-at="2026-02-23T15:25:20 IST" name="verifyLoginFieldsTypeAndRequired" finished-at="2026-02-23T15:25:20 IST" duration-ms="97" status="PASS">
          <reporter-output>
          </reporter-output>
        </test-method> <!-- verifyLoginFieldsTypeAndRequired -->
        <test-method is-config="true" signature="loadPage()[pri:0, instance:com.example.indextest@4f32a3ad]" started-at="2026-02-23T15:25:20 IST" name="loadPage" finished-at="2026-02-23T15:25:20 IST" duration-ms="83" status="PASS">
          <reporter-output>
          </reporter-output>
        </test-method> <!-- loadPage -->
        <test-method signature="verifySignupFieldsTypeAndRequired()[pri:8, instance:com.example.indextest@4f32a3ad]" started-at="2026-02-23T15:25:20 IST" name="verifySignupFieldsTypeAndRequired" finished-at="2026-02-23T15:25:20 IST" duration-ms="177" status="PASS">
          <reporter-output>
          </reporter-output>
        </test-method> <!-- verifySignupFieldsTypeAndRequired -->
        <test-method is-config="true" signature="loadPage()[pri:0, instance:com.example.indextest@4f32a3ad]" started-at="2026-02-23T15:25:20 IST" name="loadPage" finished-at="2026-02-23T15:25:20 IST" duration-ms="76" status="PASS">
          <reporter-output>
          </reporter-output>
        </test-method> <!-- loadPage -->
        <test-method signature="verifySwitchBackToLoginTab()[pri:9, instance:com.example.indextest@4f32a3ad]" started-at="2026-02-23T15:25:20 IST" name="verifySwitchBackToLoginTab" finished-at="2026-02-23T15:25:20 IST" duration-ms="308" status="PASS">
          <reporter-output>
          </reporter-output>
        </test-method> <!-- verifySwitchBackToLoginTab -->
        <test-method is-config="true" signature="loadPage()[pri:0, instance:com.example.indextest@4f32a3ad]" started-at="2026-02-23T15:25:20 IST" name="loadPage" finished-at="2026-02-23T15:25:20 IST" duration-ms="100" status="PASS">
          <reporter-output>
          </reporter-output>
        </test-method> <!-- loadPage -->
        <test-method signature="verifyLoginSubmitButtonPresent()[pri:10, instance:com.example.indextest@4f32a3ad]" started-at="2026-02-23T15:25:20 IST" name="verifyLoginSubmitButtonPresent" finished-at="2026-02-23T15:25:20 IST" duration-ms="74" status="PASS">
          <reporter-output>
          </reporter-output>
        </test-method> <!-- verifyLoginSubmitButtonPresent -->
        <test-method is-config="true" signature="loadPage()[pri:0, instance:com.example.indextest@4f32a3ad]" started-at="2026-02-23T15:25:20 IST" name="loadPage" finished-at="2026-02-23T15:25:21 IST" duration-ms="90" status="PASS">
          <reporter-output>
          </reporter-output>
        </test-method> <!-- loadPage -->
        <test-method signature="verifySignupSubmitButtonPresent()[pri:11, instance:com.example.indextest@4f32a3ad]" started-at="2026-02-23T15:25:21 IST" name="verifySignupSubmitButtonPresent" finished-at="2026-02-23T15:25:21 IST" duration-ms="185" status="PASS">
          <reporter-output>
          </reporter-output>
        </test-method> <!-- verifySignupSubmitButtonPresent -->
        <test-method is-config="true" signature="loadPage()[pri:0, instance:com.example.indextest@4f32a3ad]" started-at="2026-02-23T15:25:21 IST" name="loadPage" finished-at="2026-02-23T15:25:21 IST" duration-ms="88" status="PASS">
          <reporter-output>
          </reporter-output>
        </test-method> <!-- loadPage -->
        <test-method signature="verifyLoginTabButtonIsDisplayed()[pri:12, instance:com.example.indextest@4f32a3ad]" started-at="2026-02-23T15:25:21 IST" name="verifyLoginTabButtonIsDisplayed" finished-at="2026-02-23T15:25:21 IST" duration-ms="56" status="PASS">
          <reporter-output>
          </reporter-output>
        </test-method> <!-- verifyLoginTabButtonIsDisplayed -->
        <test-method is-config="true" signature="tearDown()[pri:0, instance:com.example.indextest@4f32a3ad]" started-at="2026-02-23T15:25:21 IST" name="tearDown" finished-at="2026-02-23T15:25:21 IST" duration-ms="216" status="PASS">
          <reporter-output>
          </reporter-output>
        </test-method> <!-- tearDown -->
      </class> <!-- com.example.indextest -->
      <class name="com.example.paymenttest">
        <test-method is-config="true" signature="setup()[pri:0, instance:com.example.paymenttest@5965d37]" started-at="2026-02-23T15:29:26 IST" name="setup" finished-at="2026-02-23T15:29:27 IST" duration-ms="864" status="PASS">
          <reporter-output>
          </reporter-output>
        </test-method> <!-- setup -->
        <test-method is-config="true" signature="resetState()[pri:0, instance:com.example.paymenttest@5965d37]" started-at="2026-02-23T15:29:27 IST" name="resetState" finished-at="2026-02-23T15:29:27 IST" duration-ms="108" status="PASS">
          <reporter-output>
          </reporter-output>
        </test-method> <!-- resetState -->
        <test-method signature="verifyRedirectToCartWhenCartIsEmpty()[pri:1, instance:com.example.paymenttest@5965d37]" started-at="2026-02-23T15:29:27 IST" name="verifyRedirectToCartWhenCartIsEmpty" finished-at="2026-02-23T15:29:27 IST" duration-ms="92" status="PASS">
          <reporter-output>
          </reporter-output>
        </test-method> <!-- verifyRedirectToCartWhenCartIsEmpty -->
        <test-method is-config="true" signature="resetState()[pri:0, instance:com.example.paymenttest@5965d37]" started-at="2026-02-23T15:29:27 IST" name="resetState" finished-at="2026-02-23T15:29:27 IST" duration-ms="95" status="PASS">
          <reporter-output>
          </reporter-output>
        </test-method> <!-- resetState -->
        <test-method signature="verifyPaymentPageTitle()[pri:2, instance:com.example.paymenttest@5965d37]" started-at="2026-02-23T15:29:27 IST" name="verifyPaymentPageTitle" finished-at="2026-02-23T15:29:27 IST" duration-ms="69" status="PASS">
          <reporter-output>
          </reporter-output>
        </test-method> <!-- verifyPaymentPageTitle -->
        <test-method is-config="true" signature="resetState()[pri:0, instance:com.example.paymenttest@5965d37]" started-at="2026-02-23T15:29:27 IST" name="resetState" finished-at="2026-02-23T15:29:27 IST" duration-ms="80" status="PASS">
          <reporter-output>
          </reporter-output>
        </test-method> <!-- resetState -->
        <test-method signature="verifyPaymentFormVisible()[pri:3, instance:com.example.paymenttest@5965d37]" started-at="2026-02-23T15:29:27 IST" name="verifyPaymentFormVisible" finished-at="2026-02-23T15:29:28 IST" duration-ms="97" status="PASS">
          <reporter-output>
          </reporter-output>
        </test-method> <!-- verifyPaymentFormVisible -->
        <test-method is-config="true" signature="resetState()[pri:0, instance:com.example.paymenttest@5965d37]" started-at="2026-02-23T15:29:28 IST" name="resetState" finished-at="2026-02-23T15:29:28 IST" duration-ms="86" status="PASS">
          <reporter-output>
          </reporter-output>
        </test-method> <!-- resetState -->
        <test-method signature="verifyOrderSummaryVisible()[pri:4, instance:com.example.paymenttest@5965d37]" started-at="2026-02-23T15:29:28 IST" name="verifyOrderSummaryVisible" finished-at="2026-02-23T15:29:28 IST" duration-ms="132" status="PASS">
          <reporter-output>
          </reporter-output>
        </test-method> <!-- verifyOrderSummaryVisible -->
        <test-method is-config="true" signature="resetState()[pri:0, instance:com.example.paymenttest@5965d37]" started-at="2026-02-23T15:29:28 IST" name="resetState" finished-at="2026-02-23T15:29:28 IST" duration-ms="93" status="PASS">
          <reporter-output>
          </reporter-output>
        </test-method> <!-- resetState -->
        <test-method signature="verifyNavLinksVisible()[pri:5, instance:com.example.paymenttest@5965d37]" started-at="2026-02-23T15:29:28 IST" name="verifyNavLinksVisible" finished-at="2026-02-23T15:29:28 IST" duration-ms="102" status="PASS">
          <reporter-output>
          </reporter-output>
        </test-method> <!-- verifyNavLinksVisible -->
        <test-method is-config="true" signature="resetState()[pri:0, instance:com.example.paymenttest@5965d37]" started-at="2026-02-23T15:29:28 IST" name="resetState" finished-at="2026-02-23T15:29:28 IST" duration-ms="106" status="PASS">
          <reporter-output>
          </reporter-output>
        </test-method> <!-- resetState -->
        <test-method signature="verifyCardNumberAutoFormatting()[pri:6, instance:com.example.paymenttest@5965d37]" started-at="2026-02-23T15:29:28 IST" name="verifyCardNumberAutoFormatting" finished-at="2026-02-23T15:29:28 IST" duration-ms="246" status="PASS">
          <reporter-output>
          </reporter-output>
        </test-method> <!-- verifyCardNumberAutoFormatting -->
        <test-method is-config="true" signature="resetState()[pri:0, instance:com.example.paymenttest@5965d37]" started-at="2026-02-23T15:29:28 IST" name="resetState" finished-at="2026-02-23T15:29:28 IST" duration-ms="100" status="PASS">
          <reporter-output>
          </reporter-output>
        </test-method> <!-- resetState -->
        <test-method signature="verifyExpiryAutoFormatting()[pri:7, instance:com.example.paymenttest@5965d37]" started-at="2026-02-23T15:29:28 IST" name="verifyExpiryAutoFormatting" finished-at="2026-02-23T15:29:29 IST" duration-ms="165" status="PASS">
          <reporter-output>
          </reporter-output>
        </test-method> <!-- verifyExpiryAutoFormatting -->
        <test-method is-config="true" signature="resetState()[pri:0, instance:com.example.paymenttest@5965d37]" started-at="2026-02-23T15:29:29 IST" name="resetState" finished-at="2026-02-23T15:29:29 IST" duration-ms="93" status="PASS">
          <reporter-output>
          </reporter-output>
        </test-method> <!-- resetState -->
        <test-method signature="verifyCvvAllowsDigitsOnly()[pri:8, instance:com.example.paymenttest@5965d37]" started-at="2026-02-23T15:29:29 IST" name="verifyCvvAllowsDigitsOnly" finished-at="2026-02-23T15:29:29 IST" duration-ms="202" status="PASS">
          <reporter-output>
          </reporter-output>
        </test-method> <!-- verifyCvvAllowsDigitsOnly -->
        <test-method is-config="true" signature="resetState()[pri:0, instance:com.example.paymenttest@5965d37]" started-at="2026-02-23T15:29:29 IST" name="resetState" finished-at="2026-02-23T15:29:29 IST" duration-ms="83" status="PASS">
          <reporter-output>
          </reporter-output>
        </test-method> <!-- resetState -->
        <test-method signature="verifyErrorForEmptyName()[pri:9, instance:com.example.paymenttest@5965d37]" started-at="2026-02-23T15:29:29 IST" name="verifyErrorForEmptyName" finished-at="2026-02-23T15:29:31 IST" duration-ms="1774" status="PASS">
          <reporter-output>
          </reporter-output>
        </test-method> <!-- verifyErrorForEmptyName -->
        <test-method is-config="true" signature="resetState()[pri:0, instance:com.example.paymenttest@5965d37]" started-at="2026-02-23T15:29:31 IST" name="resetState" finished-at="2026-02-23T15:29:31 IST" duration-ms="152" status="PASS">
          <reporter-output>
          </reporter-output>
        </test-method> <!-- resetState -->
        <test-method signature="verifyErrorForInvalidCardNumber()[pri:10, instance:com.example.paymenttest@5965d37]" started-at="2026-02-23T15:29:31 IST" name="verifyErrorForInvalidCardNumber" finished-at="2026-02-23T15:29:33 IST" duration-ms="1836" status="PASS">
          <reporter-output>
          </reporter-output>
        </test-method> <!-- verifyErrorForInvalidCardNumber -->
        <test-method is-config="true" signature="resetState()[pri:0, instance:com.example.paymenttest@5965d37]" started-at="2026-02-23T15:29:33 IST" name="resetState" finished-at="2026-02-23T15:29:33 IST" duration-ms="118" status="PASS">
          <reporter-output>
          </reporter-output>
        </test-method> <!-- resetState -->
        <test-method signature="verifyErrorForInvalidExpiry()[pri:11, instance:com.example.paymenttest@5965d37]" started-at="2026-02-23T15:29:33 IST" name="verifyErrorForInvalidExpiry" finished-at="2026-02-23T15:29:35 IST" duration-ms="1707" status="PASS">
          <reporter-output>
          </reporter-output>
        </test-method> <!-- verifyErrorForInvalidExpiry -->
        <test-method is-config="true" signature="resetState()[pri:0, instance:com.example.paymenttest@5965d37]" started-at="2026-02-23T15:29:35 IST" name="resetState" finished-at="2026-02-23T15:29:35 IST" duration-ms="102" status="PASS">
          <reporter-output>
          </reporter-output>
        </test-method> <!-- resetState -->
        <test-method signature="verifySuccessfulPaymentRedirectsToOrdersAndClearsCart()[pri:12, instance:com.example.paymenttest@5965d37]" started-at="2026-02-23T15:29:35 IST" name="verifySuccessfulPaymentRedirectsToOrdersAndClearsCart" finished-at="2026-02-23T15:29:36 IST" duration-ms="1706" status="PASS">
          <reporter-output>
          </reporter-output>
        </test-method> <!-- verifySuccessfulPaymentRedirectsToOrdersAndClearsCart -->
        <test-method is-config="true" signature="tearDown()[pri:0, instance:com.example.paymenttest@5965d37]" started-at="2026-02-23T15:29:36 IST" name="tearDown" finished-at="2026-02-23T15:29:37 IST" duration-ms="307" status="PASS">
          <reporter-output>
          </reporter-output>
        </test-method> <!-- tearDown -->
      </class> <!-- com.example.paymenttest -->
      <class name="com.example.ordertest">
        <test-method is-config="true" signature="setup()[pri:0, instance:com.example.ordertest@673fdbce]" started-at="2026-02-23T15:29:23 IST" name="setup" finished-at="2026-02-23T15:29:23 IST" duration-ms="832" status="PASS">
          <reporter-output>
          </reporter-output>
        </test-method> <!-- setup -->
        <test-method is-config="true" signature="resetState()[pri:0, instance:com.example.ordertest@673fdbce]" started-at="2026-02-23T15:29:23 IST" name="resetState" finished-at="2026-02-23T15:29:24 IST" duration-ms="113" status="PASS">
          <reporter-output>
          </reporter-output>
        </test-method> <!-- resetState -->
        <test-method signature="verifyOrdersPageTitle()[pri:1, instance:com.example.ordertest@673fdbce]" started-at="2026-02-23T15:29:24 IST" name="verifyOrdersPageTitle" finished-at="2026-02-23T15:29:24 IST" duration-ms="66" status="PASS">
          <reporter-output>
          </reporter-output>
        </test-method> <!-- verifyOrdersPageTitle -->
        <test-method is-config="true" signature="resetState()[pri:0, instance:com.example.ordertest@673fdbce]" started-at="2026-02-23T15:29:24 IST" name="resetState" finished-at="2026-02-23T15:29:24 IST" duration-ms="103" status="PASS">
          <reporter-output>
          </reporter-output>
        </test-method> <!-- resetState -->
        <test-method signature="verifyOrdersUrlContainsOrdersHtml()[pri:2, instance:com.example.ordertest@673fdbce]" started-at="2026-02-23T15:29:24 IST" name="verifyOrdersUrlContainsOrdersHtml" finished-at="2026-02-23T15:29:24 IST" duration-ms="55" status="PASS">
          <reporter-output>
          </reporter-output>
        </test-method> <!-- verifyOrdersUrlContainsOrdersHtml -->
        <test-method is-config="true" signature="resetState()[pri:0, instance:com.example.ordertest@673fdbce]" started-at="2026-02-23T15:29:24 IST" name="resetState" finished-at="2026-02-23T15:29:24 IST" duration-ms="82" status="PASS">
          <reporter-output>
          </reporter-output>
        </test-method> <!-- resetState -->
        <test-method signature="verifyNavigationLinksVisible()[pri:3, instance:com.example.ordertest@673fdbce]" started-at="2026-02-23T15:29:24 IST" name="verifyNavigationLinksVisible" finished-at="2026-02-23T15:29:24 IST" duration-ms="126" status="PASS">
          <reporter-output>
          </reporter-output>
        </test-method> <!-- verifyNavigationLinksVisible -->
        <test-method is-config="true" signature="resetState()[pri:0, instance:com.example.ordertest@673fdbce]" started-at="2026-02-23T15:29:24 IST" name="resetState" finished-at="2026-02-23T15:29:24 IST" duration-ms="86" status="PASS">
          <reporter-output>
          </reporter-output>
        </test-method> <!-- resetState -->
        <test-method signature="verifyOrdersHeadingVisible()[pri:4, instance:com.example.ordertest@673fdbce]" started-at="2026-02-23T15:29:24 IST" name="verifyOrdersHeadingVisible" finished-at="2026-02-23T15:29:24 IST" duration-ms="100" status="PASS">
          <reporter-output>
          </reporter-output>
        </test-method> <!-- verifyOrdersHeadingVisible -->
        <test-method is-config="true" signature="resetState()[pri:0, instance:com.example.ordertest@673fdbce]" started-at="2026-02-23T15:29:24 IST" name="resetState" finished-at="2026-02-23T15:29:24 IST" duration-ms="95" status="PASS">
          <reporter-output>
          </reporter-output>
        </test-method> <!-- resetState -->
        <test-method signature="verifyOrdersListContainerPresent()[pri:5, instance:com.example.ordertest@673fdbce]" started-at="2026-02-23T15:29:24 IST" name="verifyOrdersListContainerPresent" finished-at="2026-02-23T15:29:24 IST" duration-ms="60" status="PASS">
          <reporter-output>
          </reporter-output>
        </test-method> <!-- verifyOrdersListContainerPresent -->
        <test-method is-config="true" signature="resetState()[pri:0, instance:com.example.ordertest@673fdbce]" started-at="2026-02-23T15:29:24 IST" name="resetState" finished-at="2026-02-23T15:29:24 IST" duration-ms="78" status="PASS">
          <reporter-output>
          </reporter-output>
        </test-method> <!-- resetState -->
        <test-method signature="verifyEmptyStateVisibleWhenNoOrders()[pri:6, instance:com.example.ordertest@673fdbce]" started-at="2026-02-23T15:29:24 IST" name="verifyEmptyStateVisibleWhenNoOrders" finished-at="2026-02-23T15:29:25 IST" duration-ms="159" status="PASS">
          <reporter-output>
          </reporter-output>
        </test-method> <!-- verifyEmptyStateVisibleWhenNoOrders -->
        <test-method is-config="true" signature="resetState()[pri:0, instance:com.example.ordertest@673fdbce]" started-at="2026-02-23T15:29:25 IST" name="resetState" finished-at="2026-02-23T15:29:25 IST" duration-ms="109" status="PASS">
          <reporter-output>
          </reporter-output>
        </test-method> <!-- resetState -->
        <test-method signature="verifyEmptyStateHasBrowseMoviesLink()[pri:7, instance:com.example.ordertest@673fdbce]" started-at="2026-02-23T15:29:25 IST" name="verifyEmptyStateHasBrowseMoviesLink" finished-at="2026-02-23T15:29:25 IST" duration-ms="89" status="PASS">
          <reporter-output>
          </reporter-output>
        </test-method> <!-- verifyEmptyStateHasBrowseMoviesLink -->
        <test-method is-config="true" signature="resetState()[pri:0, instance:com.example.ordertest@673fdbce]" started-at="2026-02-23T15:29:25 IST" name="resetState" finished-at="2026-02-23T15:29:25 IST" duration-ms="92" status="PASS">
          <reporter-output>
          </reporter-output>
        </test-method> <!-- resetState -->
        <test-method signature="verifyOrderCardVisibleWhenOrdersExist()[pri:8, instance:com.example.ordertest@673fdbce]" started-at="2026-02-23T15:29:25 IST" name="verifyOrderCardVisibleWhenOrdersExist" finished-at="2026-02-23T15:29:25 IST" duration-ms="104" status="PASS">
          <reporter-output>
          </reporter-output>
        </test-method> <!-- verifyOrderCardVisibleWhenOrdersExist -->
        <test-method is-config="true" signature="resetState()[pri:0, instance:com.example.ordertest@673fdbce]" started-at="2026-02-23T15:29:25 IST" name="resetState" finished-at="2026-02-23T15:29:25 IST" duration-ms="85" status="PASS">
          <reporter-output>
          </reporter-output>
        </test-method> <!-- resetState -->
        <test-method signature="verifyOrderCardShowsIdDateAndTotal()[pri:9, instance:com.example.ordertest@673fdbce]" started-at="2026-02-23T15:29:25 IST" name="verifyOrderCardShowsIdDateAndTotal" finished-at="2026-02-23T15:29:25 IST" duration-ms="219" status="PASS">
          <reporter-output>
          </reporter-output>
        </test-method> <!-- verifyOrderCardShowsIdDateAndTotal -->
        <test-method is-config="true" signature="resetState()[pri:0, instance:com.example.ordertest@673fdbce]" started-at="2026-02-23T15:29:25 IST" name="resetState" finished-at="2026-02-23T15:29:25 IST" duration-ms="103" status="PASS">
          <reporter-output>
          </reporter-output>
        </test-method> <!-- resetState -->
        <test-method signature="verifyOrderItemLineIsRendered()[pri:10, instance:com.example.ordertest@673fdbce]" started-at="2026-02-23T15:29:25 IST" name="verifyOrderItemLineIsRendered" finished-at="2026-02-23T15:29:26 IST" duration-ms="110" status="PASS">
          <reporter-output>
          </reporter-output>
        </test-method> <!-- verifyOrderItemLineIsRendered -->
        <test-method is-config="true" signature="resetState()[pri:0, instance:com.example.ordertest@673fdbce]" started-at="2026-02-23T15:29:26 IST" name="resetState" finished-at="2026-02-23T15:29:26 IST" duration-ms="94" status="PASS">
          <reporter-output>
          </reporter-output>
        </test-method> <!-- resetState -->
        <test-method signature="verifySuccessToastShownWhenSuccessQueryPresent()[pri:11, instance:com.example.ordertest@673fdbce]" started-at="2026-02-23T15:29:26 IST" name="verifySuccessToastShownWhenSuccessQueryPresent" finished-at="2026-02-23T15:29:26 IST" duration-ms="107" status="PASS">
          <reporter-output>
          </reporter-output>
        </test-method> <!-- verifySuccessToastShownWhenSuccessQueryPresent -->
        <test-method is-config="true" signature="resetState()[pri:0, instance:com.example.ordertest@673fdbce]" started-at="2026-02-23T15:29:26 IST" name="resetState" finished-at="2026-02-23T15:29:26 IST" duration-ms="94" status="PASS">
          <reporter-output>
          </reporter-output>
        </test-method> <!-- resetState -->
        <test-method signature="verifyNavCartCountUpdatesFromStoredCart()[pri:12, instance:com.example.ordertest@673fdbce]" started-at="2026-02-23T15:29:26 IST" name="verifyNavCartCountUpdatesFromStoredCart" finished-at="2026-02-23T15:29:26 IST" duration-ms="83" status="PASS">
          <reporter-output>
          </reporter-output>
        </test-method> <!-- verifyNavCartCountUpdatesFromStoredCart -->
        <test-method is-config="true" signature="tearDown()[pri:0, instance:com.example.ordertest@673fdbce]" started-at="2026-02-23T15:29:26 IST" name="tearDown" finished-at="2026-02-23T15:29:26 IST" duration-ms="199" status="PASS">
          <reporter-output>
          </reporter-output>
        </test-method> <!-- tearDown -->
      </class> <!-- com.example.ordertest -->
      <class name="com.example.carttest">
        <test-method is-config="true" signature="setup()[pri:0, instance:com.example.carttest@1a245833]" started-at="2026-02-23T15:26:14 IST" name="setup" finished-at="2026-02-23T15:26:15 IST" duration-ms="887" status="PASS">
          <reporter-output>
          </reporter-output>
        </test-method> <!-- setup -->
        <test-method is-config="true" signature="loadCartPage()[pri:0, instance:com.example.carttest@1a245833]" started-at="2026-02-23T15:26:15 IST" name="loadCartPage" finished-at="2026-02-23T15:26:32 IST" duration-ms="17006" status="PASS">
          <reporter-output>
          </reporter-output>
        </test-method> <!-- loadCartPage -->
        <test-method signature="verifyCartPageTitle()[pri:1, instance:com.example.carttest@1a245833]" started-at="2026-02-23T15:26:32 IST" name="verifyCartPageTitle" finished-at="2026-02-23T15:26:32 IST" duration-ms="18" status="PASS">
          <reporter-output>
          </reporter-output>
        </test-method> <!-- verifyCartPageTitle -->
        <test-method is-config="true" signature="loadCartPage()[pri:0, instance:com.example.carttest@1a245833]" started-at="2026-02-23T15:26:32 IST" name="loadCartPage" finished-at="2026-02-23T15:26:49 IST" duration-ms="16927" status="PASS">
          <reporter-output>
          </reporter-output>
        </test-method> <!-- loadCartPage -->
        <test-method signature="verifyCartUrlContainsCartHtml()[pri:2, instance:com.example.carttest@1a245833]" started-at="2026-02-23T15:26:49 IST" name="verifyCartUrlContainsCartHtml" finished-at="2026-02-23T15:26:49 IST" duration-ms="14" status="PASS">
          <reporter-output>
          </reporter-output>
        </test-method> <!-- verifyCartUrlContainsCartHtml -->
        <test-method is-config="true" signature="loadCartPage()[pri:0, instance:com.example.carttest@1a245833]" started-at="2026-02-23T15:26:49 IST" name="loadCartPage" finished-at="2026-02-23T15:27:06 IST" duration-ms="17101" status="PASS">
          <reporter-output>
          </reporter-output>
        </test-method> <!-- loadCartPage -->
        <test-method signature="verifyCartHeadingVisible()[pri:3, instance:com.example.carttest@1a245833]" started-at="2026-02-23T15:27:06 IST" name="verifyCartHeadingVisible" finished-at="2026-02-23T15:27:06 IST" duration-ms="55" status="PASS">
          <reporter-output>
          </reporter-output>
        </test-method> <!-- verifyCartHeadingVisible -->
        <test-method is-config="true" signature="loadCartPage()[pri:0, instance:com.example.carttest@1a245833]" started-at="2026-02-23T15:27:06 IST" name="loadCartPage" finished-at="2026-02-23T15:27:23 IST" duration-ms="16911" status="PASS">
          <reporter-output>
          </reporter-output>
        </test-method> <!-- loadCartPage -->
        <test-method signature="verifyNavigationLinksVisibleOnCartPage()[pri:4, instance:com.example.carttest@1a245833]" started-at="2026-02-23T15:27:23 IST" name="verifyNavigationLinksVisibleOnCartPage" finished-at="2026-02-23T15:27:23 IST" duration-ms="87" status="PASS">
          <reporter-output>
          </reporter-output>
        </test-method> <!-- verifyNavigationLinksVisibleOnCartPage -->
        <test-method is-config="true" signature="loadCartPage()[pri:0, instance:com.example.carttest@1a245833]" started-at="2026-02-23T15:27:23 IST" name="loadCartPage" finished-at="2026-02-23T15:27:40 IST" duration-ms="16771" status="PASS">
          <reporter-output>
          </reporter-output>
        </test-method> <!-- loadCartPage -->
        <test-method signature="verifyCartContainerVisible()[pri:5, instance:com.example.carttest@1a245833]" started-at="2026-02-23T15:27:40 IST" name="verifyCartContainerVisible" finished-at="2026-02-23T15:27:40 IST" duration-ms="24" status="PASS">
          <reporter-output>
          </reporter-output>
        </test-method> <!-- verifyCartContainerVisible -->
        <test-method is-config="true" signature="loadCartPage()[pri:0, instance:com.example.carttest@1a245833]" started-at="2026-02-23T15:27:40 IST" name="loadCartPage" finished-at="2026-02-23T15:27:57 IST" duration-ms="17063" status="PASS">
          <reporter-output>
          </reporter-output>
        </test-method> <!-- loadCartPage -->
        <test-method signature="verifyCartItemsAreaOrEmptyStateVisible()[pri:6, instance:com.example.carttest@1a245833]" started-at="2026-02-23T15:27:57 IST" name="verifyCartItemsAreaOrEmptyStateVisible" finished-at="2026-02-23T15:27:57 IST" duration-ms="135" status="PASS">
          <reporter-output>
          </reporter-output>
        </test-method> <!-- verifyCartItemsAreaOrEmptyStateVisible -->
        <test-method is-config="true" signature="loadCartPage()[pri:0, instance:com.example.carttest@1a245833]" started-at="2026-02-23T15:27:57 IST" name="loadCartPage" finished-at="2026-02-23T15:28:14 IST" duration-ms="16939" status="PASS">
          <reporter-output>
          </reporter-output>
        </test-method> <!-- loadCartPage -->
        <test-method signature="verifyQuantityControlsWhenItemsExist()[pri:7, instance:com.example.carttest@1a245833]" started-at="2026-02-23T15:28:14 IST" name="verifyQuantityControlsWhenItemsExist" finished-at="2026-02-23T15:28:14 IST" duration-ms="57" status="PASS">
          <reporter-output>
          </reporter-output>
        </test-method> <!-- verifyQuantityControlsWhenItemsExist -->
        <test-method is-config="true" signature="loadCartPage()[pri:0, instance:com.example.carttest@1a245833]" started-at="2026-02-23T15:28:14 IST" name="loadCartPage" finished-at="2026-02-23T15:28:31 IST" duration-ms="16870" status="PASS">
          <reporter-output>
          </reporter-output>
        </test-method> <!-- loadCartPage -->
        <test-method signature="verifyPriceOrSubtotalVisibleForItems()[pri:8, instance:com.example.carttest@1a245833]" started-at="2026-02-23T15:28:31 IST" name="verifyPriceOrSubtotalVisibleForItems" finished-at="2026-02-23T15:28:31 IST" duration-ms="57" status="PASS">
          <reporter-output>
          </reporter-output>
        </test-method> <!-- verifyPriceOrSubtotalVisibleForItems -->
        <test-method is-config="true" signature="loadCartPage()[pri:0, instance:com.example.carttest@1a245833]" started-at="2026-02-23T15:28:31 IST" name="loadCartPage" finished-at="2026-02-23T15:28:48 IST" duration-ms="16629" status="PASS">
          <reporter-output>
          </reporter-output>
        </test-method> <!-- loadCartPage -->
        <test-method signature="verifyTotalSectionVisible()[pri:9, instance:com.example.carttest@1a245833]" started-at="2026-02-23T15:28:48 IST" name="verifyTotalSectionVisible" finished-at="2026-02-23T15:28:48 IST" duration-ms="50" status="PASS">
          <reporter-output>
          </reporter-output>
        </test-method> <!-- verifyTotalSectionVisible -->
        <test-method is-config="true" signature="loadCartPage()[pri:0, instance:com.example.carttest@1a245833]" started-at="2026-02-23T15:28:48 IST" name="loadCartPage" finished-at="2026-02-23T15:29:05 IST" duration-ms="17052" status="PASS">
          <reporter-output>
          </reporter-output>
        </test-method> <!-- loadCartPage -->
        <test-method signature="verifyCheckoutButtonPresence()[pri:10, instance:com.example.carttest@1a245833]" started-at="2026-02-23T15:29:05 IST" name="verifyCheckoutButtonPresence" finished-at="2026-02-23T15:29:05 IST" duration-ms="88" status="PASS">
          <reporter-output>
          </reporter-output>
        </test-method> <!-- verifyCheckoutButtonPresence -->
        <test-method is-config="true" signature="loadCartPage()[pri:0, instance:com.example.carttest@1a245833]" started-at="2026-02-23T15:29:05 IST" name="loadCartPage" finished-at="2026-02-23T15:29:22 IST" duration-ms="17087" status="PASS">
          <reporter-output>
          </reporter-output>
        </test-method> <!-- loadCartPage -->
        <test-method signature="verifyLogoutRedirectFromCart()[pri:11, instance:com.example.carttest@1a245833]" started-at="2026-02-23T15:29:22 IST" name="verifyLogoutRedirectFromCart" finished-at="2026-02-23T15:29:22 IST" duration-ms="177" status="PASS">
          <reporter-output>
          </reporter-output>
        </test-method> <!-- verifyLogoutRedirectFromCart -->
        <test-method is-config="true" signature="tearDown()[pri:0, instance:com.example.carttest@1a245833]" started-at="2026-02-23T15:29:22 IST" name="tearDown" finished-at="2026-02-23T15:29:23 IST" duration-ms="252" status="PASS">
          <reporter-output>
          </reporter-output>
        </test-method> <!-- tearDown -->
      </class> <!-- com.example.carttest -->
      <class name="com.example.hometest">
        <test-method is-config="true" signature="setup()[pri:0, instance:com.example.hometest@6f01b95f]" started-at="2026-02-23T15:25:21 IST" name="setup" finished-at="2026-02-23T15:25:22 IST" duration-ms="927" status="PASS">
          <reporter-output>
          </reporter-output>
        </test-method> <!-- setup -->
        <test-method is-config="true" signature="loadIndexPage()[pri:0, instance:com.example.hometest@6f01b95f]" started-at="2026-02-23T15:25:22 IST" name="loadIndexPage" finished-at="2026-02-23T15:25:27 IST" duration-ms="5136" status="PASS">
          <reporter-output>
          </reporter-output>
        </test-method> <!-- loadIndexPage -->
        <test-method signature="verifyHomePageTitle()[pri:1, instance:com.example.hometest@6f01b95f]" started-at="2026-02-23T15:25:27 IST" name="verifyHomePageTitle" finished-at="2026-02-23T15:25:38 IST" duration-ms="10502" status="PASS">
          <reporter-output>
          </reporter-output>
        </test-method> <!-- verifyHomePageTitle -->
        <test-method is-config="true" signature="loadIndexPage()[pri:0, instance:com.example.hometest@6f01b95f]" started-at="2026-02-23T15:25:38 IST" name="loadIndexPage" finished-at="2026-02-23T15:25:38 IST" duration-ms="257" status="PASS">
          <reporter-output>
          </reporter-output>
        </test-method> <!-- loadIndexPage -->
        <test-method signature="verifyNavigationLinksVisible()[pri:2, instance:com.example.hometest@6f01b95f]" started-at="2026-02-23T15:25:38 IST" name="verifyNavigationLinksVisible" finished-at="2026-02-23T15:25:44 IST" duration-ms="5922" status="PASS">
          <reporter-output>
          </reporter-output>
        </test-method> <!-- verifyNavigationLinksVisible -->
        <test-method is-config="true" signature="loadIndexPage()[pri:0, instance:com.example.hometest@6f01b95f]" started-at="2026-02-23T15:25:44 IST" name="loadIndexPage" finished-at="2026-02-23T15:25:44 IST" duration-ms="224" status="PASS">
          <reporter-output>
          </reporter-output>
        </test-method> <!-- loadIndexPage -->
        <test-method signature="verifySearchBarPresent()[pri:3, instance:com.example.hometest@6f01b95f]" started-at="2026-02-23T15:25:44 IST" name="verifySearchBarPresent" finished-at="2026-02-23T15:25:50 IST" duration-ms="6300" status="PASS">
          <reporter-output>
          </reporter-output>
        </test-method> <!-- verifySearchBarPresent -->
        <test-method is-config="true" signature="loadIndexPage()[pri:0, instance:com.example.hometest@6f01b95f]" started-at="2026-02-23T15:25:50 IST" name="loadIndexPage" finished-at="2026-02-23T15:25:51 IST" duration-ms="320" status="PASS">
          <reporter-output>
          </reporter-output>
        </test-method> <!-- loadIndexPage -->
        <test-method signature="verifyMovieGridVisible()[pri:4, instance:com.example.hometest@6f01b95f]" started-at="2026-02-23T15:25:51 IST" name="verifyMovieGridVisible" finished-at="2026-02-23T15:25:57 IST" duration-ms="5947" status="PASS">
          <reporter-output>
          </reporter-output>
        </test-method> <!-- verifyMovieGridVisible -->
        <test-method is-config="true" signature="loadIndexPage()[pri:0, instance:com.example.hometest@6f01b95f]" started-at="2026-02-23T15:25:57 IST" name="loadIndexPage" finished-at="2026-02-23T15:25:57 IST" duration-ms="268" status="PASS">
          <reporter-output>
          </reporter-output>
        </test-method> <!-- loadIndexPage -->
        <test-method signature="verifyCartCountVisible()[pri:5, instance:com.example.hometest@6f01b95f]" started-at="2026-02-23T15:25:57 IST" name="verifyCartCountVisible" finished-at="2026-02-23T15:26:03 IST" duration-ms="6217" status="PASS">
          <reporter-output>
          </reporter-output>
        </test-method> <!-- verifyCartCountVisible -->
        <test-method is-config="true" signature="loadIndexPage()[pri:0, instance:com.example.hometest@6f01b95f]" started-at="2026-02-23T15:26:03 IST" name="loadIndexPage" finished-at="2026-02-23T15:26:04 IST" duration-ms="382" status="PASS">
          <reporter-output>
          </reporter-output>
        </test-method> <!-- loadIndexPage -->
        <test-method signature="verifyLogoutRedirectsToIndex()[pri:6, instance:com.example.hometest@6f01b95f]" started-at="2026-02-23T15:26:04 IST" name="verifyLogoutRedirectsToIndex" finished-at="2026-02-23T15:26:10 IST" duration-ms="6400" status="PASS">
          <reporter-output>
          </reporter-output>
        </test-method> <!-- verifyLogoutRedirectsToIndex -->
        <test-method is-config="true" signature="tearDown()[pri:0, instance:com.example.hometest@6f01b95f]" started-at="2026-02-23T15:26:10 IST" name="tearDown" finished-at="2026-02-23T15:26:10 IST" duration-ms="198" status="PASS">
          <reporter-output>
          </reporter-output>
        </test-method> <!-- tearDown -->
      </class> <!-- com.example.hometest -->
    </test> <!-- Auth Tests -->
  </suite> <!-- Auth Suite -->
</testng-results>
