<?xml version="1.0" encoding="UTF-8"?>
<testsuite xmlns:xsi="http://www.w3.org/2001/XMLSchema-instance" xsi:noNamespaceSchemaLocation="https://maven.apache.org/surefire/maven-surefire-plugin/xsd/surefire-test-report.xsd" version="3.0.1" name="TestSuite" time="262.765" tests="65" errors="0" skipped="0" failures="0">
  <properties>
[...]
</properties>
  <testcase name="verifyLoginTabDefault" classname="com.example.indextest" time="0.18">
    <system-out><![CDATA[Loaded URL: http://127.0.0.1:5501/index.html
Title: Login | Movie Ticket Store
]]></system-out>
    <system-err><![CDATA[[main] WARN org.testng.TestNG - Ignoring duplicate listener : io.qameta.allure.testng.AllureTestNg
[main] WARN org.testng.TestNG - Ignoring duplicate listener : io.qameta.allure.testng.AllureTestNg
[main] WARN org.testng.TestNG - Ignoring duplicate listener : io.qameta.allure.testng.AllureTestNg
Feb 23, 2026 3:25:16 PM org.openqa.selenium.devtools.CdpVersionFinder findNearestMatch
WARNING: Unable to find an exact match for CDP version 145, returning the closest version; found: 144; Please update to a Selenium version that supports CDP version 145
]]></system-err>
  </testcase>
  <testcase name="verifySignupTabSwitch" classname="com.example.indextest" time="0.253">
    <system-out><![CDATA[Loaded URL: http://127.0.0.1:5501/index.html
Title: Login | Movie Ticket Store
]]></system-out>
  </testcase>
  <testcase name="verifyLoginEmptyFields" classname="com.example.indextest" time="0.44">
    <system-out><![CDATA[Loaded URL: http://127.0.0.1:5501/index.html
Title: Login | Movie Ticket Store
]]></system-out>
  </testcase>
  <testcase name="verifySuccessfulSignup" classname="com.example.indextest" time="0.675">
    <system-out><![CDATA[Loaded URL: http://127.0.0.1:5501/index.html
Title: Login | Movie Ticket Store
]]></system-out>
  </testcase>
  <testcase name="verifySuccessfulLogin" classname="com.example.indextest" time="0.508">
    <system-out><![CDATA[Loaded URL: http://127.0.0.1:5501/index.html
Title: Login | Movie Ticket Store
]]></system-out>
  </testcase>
  <testcase name="verifyIndexPageTitle" classname="com.example.indextest" time="0.015">
    <system-out><![CDATA[Loaded URL: http://127.0.0.1:5501/index.html
Title: Login | Movie Ticket Store
]]></system-out>
  </testcase>
  <testcase name="verifyLoginFieldsTypeAndRequired" classname="com.example.indextest" time="0.101">
    <system-out><![CDATA[Loaded URL: http://127.0.0.1:5501/index.html
Title: Login | Movie Ticket Store
]]></system-out>
  </testcase>
  <testcase name="verifySignupFieldsTypeAndRequired" classname="com.example.indextest" time="0.175">
    <system-out><![CDATA[Loaded URL: http://127.0.0.1:5501/index.html
Title: Login | Movie Ticket Store
]]></system-out>
  </testcase>
  <testcase name="verifySwitchBackToLoginTab" classname="com.example.indextest" time="0.298">
    <system-out><![CDATA[Loaded URL: http://127.0.0.1:5501/index.html
Title: Login | Movie Ticket Store
]]></system-out>
  </testcase>
  <testcase name="verifyLoginSubmitButtonPresent" classname="com.example.indextest" time="0.076">
    <system-out><![CDATA[Loaded URL: http://127.0.0.1:5501/index.html
Title: Login | Movie Ticket Store
]]></system-out>
  </testcase>
  <testcase name="verifySignupSubmitButtonPresent" classname="com.example.indextest" time="0.2">
    <system-out><![CDATA[Loaded URL: http://127.0.0.1:5501/index.html
Title: Login | Movie Ticket Store
]]></system-out>
  </testcase>
  <testcase name="verifyLoginTabButtonIsDisplayed" classname="com.example.indextest" time="0.051">
    <system-out><![CDATA[Loaded URL: http://127.0.0.1:5501/index.html
Title: Login | Movie Ticket Store
]]></system-out>
  </testcase>
  <testcase name="verifyHomePageTitle" classname="com.example.hometest" time="10.506">
    <system-err><![CDATA[Feb 23, 2026 3:25:22 PM org.openqa.selenium.devtools.CdpVersionFinder findNearestMatch
WARNING: Unable to find an exact match for CDP version 145, returning the closest version; found: 144; Please update to a Selenium version that supports CDP version 145
]]></system-err>
  </testcase>
  <testcase name="verifyNavigationLinksVisible" classname="com.example.hometest" time="5.925"/>
  <testcase name="verifySearchBarPresent" classname="com.example.hometest" time="6.302"/>
  <testcase name="verifyMovieGridVisible" classname="com.example.hometest" time="5.953"/>
  <testcase name="verifyCartCountVisible" classname="com.example.hometest" time="6.217"/>
  <testcase name="verifyLogoutRedirectsToIndex" classname="com.example.hometest" time="6.403"/>
  <testcase name="verifyMovieDetailsPageTitle" classname="com.example.moviedetailstest" time="0.407">
    <system-err><![CDATA[Feb 23, 2026 3:26:11 PM org.openqa.selenium.devtools.CdpVersionFinder findNearestMatch
WARNING: Unable to find an exact match for CDP version 145, returning the closest version; found: 144; Please update to a Selenium version that supports CDP version 145
]]></system-err>
  </testcase>
  <testcase name="verifyNavigationLinksVisible" classname="com.example.moviedetailstest" time="0.112"/>
  <testcase name="verifyDetailContentVisibleForValidMovieId" classname="com.example.moviedetailstest" time="0.113"/>
  <testcase name="verifyMovieTitleIsDisplayed" classname="com.example.moviedetailstest" time="0.102"/>
  <testcase name="verifyMoviePosterImageLoaded" classname="com.example.moviedetailstest" time="0.083"/>
  <testcase name="verifyMoviePriceFormat" classname="com.example.moviedetailstest" time="0.097"/>
  <testcase name="verifyAddToCartButtonVisibleAndEnabled" classname="com.example.moviedetailstest" time="0.095"/>
  <testcase name="verifyBackToHomeLinkPresent" classname="com.example.moviedetailstest" time="0.093"/>
  <testcase name="verifyAddToCartUpdatesNavbarCountAndShowsToast" classname="com.example.moviedetailstest" time="0.318"/>
  <testcase name="verifyAddToCartPersistsCartItemInLocalStorage" classname="com.example.moviedetailstest" time="0.189"/>
  <testcase name="verifyInvalidMovieIdShowsNotFoundMessage" classname="com.example.moviedetailstest" time="0.1"/>
  <testcase name="verifyMissingMovieIdShowsNotFoundMessage" classname="com.example.moviedetailstest" time="0.092"/>
  <testcase name="verifyCartPageTitle" classname="com.example.carttest" time="0.02">
    <system-err><![CDATA[Feb 23, 2026 3:26:15 PM org.openqa.selenium.devtools.CdpVersionFinder findNearestMatch
WARNING: Unable to find an exact match for CDP version 145, returning the closest version; found: 144; Please update to a Selenium version that supports CDP version 145
]]></system-err>
  </testcase>
  <testcase name="verifyCartUrlContainsCartHtml" classname="com.example.carttest" time="0.016"/>
  <testcase name="verifyCartHeadingVisible" classname="com.example.carttest" time="0.055"/>
  <testcase name="verifyNavigationLinksVisibleOnCartPage" classname="com.example.carttest" time="0.094"/>
  <testcase name="verifyCartContainerVisible" classname="com.example.carttest" time="0.032"/>
  <testcase name="verifyCartItemsAreaOrEmptyStateVisible" classname="com.example.carttest" time="0.135"/>
  <testcase name="verifyQuantityControlsWhenItemsExist" classname="com.example.carttest" time="0.071"/>
  <testcase name="verifyPriceOrSubtotalVisibleForItems" classname="com.example.carttest" time="0.073"/>
  <testcase name="verifyTotalSectionVisible" classname="com.example.carttest" time="0.048"/>
  <testcase name="verifyCheckoutButtonPresence" classname="com.example.carttest" time="0.088"/>
  <testcase name="verifyLogoutRedirectFromCart" classname="com.example.carttest" time="0.175"/>
  <testcase name="verifyOrdersPageTitle" classname="com.example.ordertest" time="0.072">
    <system-err><![CDATA[Feb 23, 2026 3:29:23 PM org.openqa.selenium.devtools.CdpVersionFinder findNearestMatch
WARNING: Unable to find an exact match for CDP version 145, returning the closest version; found: 144; Please update to a Selenium version that supports CDP version 145
]]></system-err>
  </testcase>
  <testcase name="verifyOrdersUrlContainsOrdersHtml" classname="com.example.ordertest" time="0.056"/>
  <testcase name="verifyNavigationLinksVisible" classname="com.example.ordertest" time="0.128"/>
  <testcase name="verifyOrdersHeadingVisible" classname="com.example.ordertest" time="0.103"/>
  <testcase name="verifyOrdersListContainerPresent" classname="com.example.ordertest" time="0.062"/>
  <testcase name="verifyEmptyStateVisibleWhenNoOrders" classname="com.example.ordertest" time="0.163"/>
  <testcase name="verifyEmptyStateHasBrowseMoviesLink" classname="com.example.ordertest" time="0.091"/>
  <testcase name="verifyOrderCardVisibleWhenOrdersExist" classname="com.example.ordertest" time="0.104"/>
  <testcase name="verifyOrderCardShowsIdDateAndTotal" classname="com.example.ordertest" time="0.218"/>
  <testcase name="verifyOrderItemLineIsRendered" classname="com.example.ordertest" time="0.113"/>
  <testcase name="verifySuccessToastShownWhenSuccessQueryPresent" classname="com.example.ordertest" time="0.119"/>
  <testcase name="verifyNavCartCountUpdatesFromStoredCart" classname="com.example.ordertest" time="0.083"/>
  <testcase name="verifyRedirectToCartWhenCartIsEmpty" classname="com.example.paymenttest" time="0.092">
    <system-err><![CDATA[Feb 23, 2026 3:29:27 PM org.openqa.selenium.devtools.CdpVersionFinder findNearestMatch
WARNING: Unable to find an exact match for CDP version 145, returning the closest version; found: 144; Please update to a Selenium version that supports CDP version 145
]]></system-err>
  </testcase>
  <testcase name="verifyPaymentPageTitle" classname="com.example.paymenttest" time="0.07"/>
  <testcase name="verifyPaymentFormVisible" classname="com.example.paymenttest" time="0.101"/>
  <testcase name="verifyOrderSummaryVisible" classname="com.example.paymenttest" time="0.123"/>
  <testcase name="verifyNavLinksVisible" classname="com.example.paymenttest" time="0.114"/>
  <testcase name="verifyCardNumberAutoFormatting" classname="com.example.paymenttest" time="0.25"/>
  <testcase name="verifyExpiryAutoFormatting" classname="com.example.paymenttest" time="0.165"/>
  <testcase name="verifyCvvAllowsDigitsOnly" classname="com.example.paymenttest" time="0.205"/>
  <testcase name="verifyErrorForEmptyName" classname="com.example.paymenttest" time="1.783"/>
  <testcase name="verifyErrorForInvalidCardNumber" classname="com.example.paymenttest" time="1.849"/>
  <testcase name="verifyErrorForInvalidExpiry" classname="com.example.paymenttest" time="1.718"/>
  <testcase name="verifySuccessfulPaymentRedirectsToOrdersAndClearsCart" classname="com.example.paymenttest" time="1.712"/>
</testsuite>