<?xml version="1.0" encoding="UTF-8"?>
<testng-results ignored="0" total="65" passed="65" failed="0" skipped="0">
  <reporter-output>
  </reporter-output>
  <suite started-at="2026-02-23T09:44:44 IST" name="Auth Suite" finished-at="2026-02-23T09:48:44 IST" duration-ms="239978">
    <groups>
    </groups>
    <test started-at="2026-02-23T09:44:44 IST" name="Auth Tests" finished-at="2026-02-23T09:48:44 IST" duration-ms="239978">
      <class name="com.example.moviedetailstest">
        <test-method is-config="true" signature="setup()[pri:0, instance:com.example.moviedetailstest@4007f65e]" started-at="2026-02-23T09:45:32 IST" name="setup" finished-at="2026-02-23T09:45:32 IST" duration-ms="723" status="PASS">
          <reporter-output>
          </reporter-output>
        </test-method> <!-- setup -->
        <test-method is-config="true" signature="resetState()[pri:0, instance:com.example.moviedetailstest@4007f65e]" started-at="2026-02-23T09:45:32 IST" name="resetState" finished-at="2026-02-23T09:45:32 IST" duration-ms="88" status="PASS">
          <reporter-output>
          </reporter-output>
        </test-method> <!-- resetState -->
        <test-method signature="verifyMovieDetailsPageTitle()[pri:1, instance:com.example.moviedetailstest@4007f65e]" started-at="2026-02-23T09:45:32 IST" name="verifyMovieDetailsPageTitle" finished-at="2026-02-23T09:45:33 IST" duration-ms="495" status="PASS">
          <reporter-output>
          </reporter-output>
        </test-method> <!-- verifyMovieDetailsPageTitle -->
        <test-method is-config="true" signature="resetState()[pri:0, instance:com.example.moviedetailstest@4007f65e]" started-at="2026-02-23T09:45:33 IST" name="resetState" finished-at="2026-02-23T09:45:33 IST" duration-ms="83" status="PASS">
          <reporter-output>
          </reporter-output>
        </test-method> <!-- resetState -->
        <test-method signature="verifyNavigationLinksVisible()[pri:2, instance:com.example.moviedetailstest@4007f65e]" started-at="2026-02-23T09:45:33 IST" name="verifyNavigationLinksVisible" finished-at="2026-02-23T09:45:33 IST" duration-ms="92" status="PASS">
          <reporter-output>
          </reporter-output>
        </test-method> <!-- verifyNavigationLinksVisible -->
        <test-method is-config="true" signature="resetState()[pri:0, instance:com.example.moviedetailstest@4007f65e]" started-at="2026-02-23T09:45:33 IST" name="resetState" finished-at="2026-02-23T09:45:33 IST" duration-ms="71" status="PASS">
          <reporter-output>
          </reporter-output>
        </test-method> <!-- resetState -->
        <test-method signature="verifyDetailContentVisibleForValidMovieId()[pri:3, instance:com.example.moviedetailstest@4007f65e]" started-at="2026-02-23T09:45:33 IST" name="verifyDetailContentVisibleForValidMovieId" finished-at="2026-02-23T09:45:33 IST" duration-ms="88" status="PASS">
          <reporter-output>
          </reporter-output>
        </test-method> <!-- verifyDetailContentVisibleForValidMovieId -->
        <test-method is-config="true" signature="resetState()[pri:0, instance:com.example.moviedetailstest@4007f65e]" started-at="2026-02-23T09:45:33 IST" name="resetState" finished-at="2026-02-23T09:45:33 IST" duration-ms="73" status="PASS">
          <reporter-output>
          </reporter-output>
        </test-method> <!-- resetState -->
        <test-method signature="verifyMovieTitleIsDisplayed()[pri:4, instance:com.example.moviedetailstest@4007f65e]" started-at="2026-02-23T09:45:33 IST" name="verifyMovieTitleIsDisplayed" finished-at="2026-02-23T09:45:33 IST" duration-ms="95" status="PASS">
          <reporter-output>
          </reporter-output>
        </test-method> <!-- verifyMovieTitleIsDisplayed -->
        <test-method is-config="true" signature="resetState()[pri:0, instance:com.example.moviedetailstest@4007f65e]" started-at="2026-02-23T09:45:33 IST" name="resetState" finished-at="2026-02-23T09:45:33 IST" duration-ms="60" status="PASS">
          <reporter-output>
          </reporter-output>
        </test-method> <!-- resetState -->
        <test-method signature="verifyMoviePosterImageLoaded()[pri:5, instance:com.example.moviedetailstest@4007f65e]" started-at="2026-02-23T09:45:33 IST" name="verifyMoviePosterImageLoaded" finished-at="2026-02-23T09:45:33 IST" duration-ms="72" status="PASS">
          <reporter-output>
          </reporter-output>
        </test-method> <!-- verifyMoviePosterImageLoaded -->
        <test-method is-config="true" signature="resetState()[pri:0, instance:com.example.moviedetailstest@4007f65e]" started-at="2026-02-23T09:45:33 IST" name="resetState" finished-at="2026-02-23T09:45:34 IST" duration-ms="67" status="PASS">
          <reporter-output>
          </reporter-output>
        </test-method> <!-- resetState -->
        <test-method signature="verifyMoviePriceFormat()[pri:6, instance:com.example.moviedetailstest@4007f65e]" started-at="2026-02-23T09:45:34 IST" name="verifyMoviePriceFormat" finished-at="2026-02-23T09:45:34 IST" duration-ms="109" status="PASS">
          <reporter-output>
          </reporter-output>
        </test-method> <!-- verifyMoviePriceFormat -->
        <test-method is-config="true" signature="resetState()[pri:0, instance:com.example.moviedetailstest@4007f65e]" started-at="2026-02-23T09:45:34 IST" name="resetState" finished-at="2026-02-23T09:45:34 IST" duration-ms="72" status="PASS">
          <reporter-output>
          </reporter-output>
        </test-method> <!-- resetState -->
        <test-method signature="verifyAddToCartButtonVisibleAndEnabled()[pri:7, instance:com.example.moviedetailstest@4007f65e]" started-at="2026-02-23T09:45:34 IST" name="verifyAddToCartButtonVisibleAndEnabled" finished-at="2026-02-23T09:45:34 IST" duration-ms="67" status="PASS">
          <reporter-output>
          </reporter-output>
        </test-method> <!-- verifyAddToCartButtonVisibleAndEnabled -->
        <test-method is-config="true" signature="resetState()[pri:0, instance:com.example.moviedetailstest@4007f65e]" started-at="2026-02-23T09:45:34 IST" name="resetState" finished-at="2026-02-23T09:45:34 IST" duration-ms="61" status="PASS">
          <reporter-output>
          </reporter-output>
        </test-method> <!-- resetState -->
        <test-method signature="verifyBackToHomeLinkPresent()[pri:8, instance:com.example.moviedetailstest@4007f65e]" started-at="2026-02-23T09:45:34 IST" name="verifyBackToHomeLinkPresent" finished-at="2026-02-23T09:45:34 IST" duration-ms="69" status="PASS">
          <reporter-output>
          </reporter-output>
        </test-method> <!-- verifyBackToHomeLinkPresent -->
        <test-method is-config="true" signature="resetState()[pri:0, instance:com.example.moviedetailstest@4007f65e]" started-at="2026-02-23T09:45:34 IST" name="resetState" finished-at="2026-02-23T09:45:34 IST" duration-ms="64" status="PASS">
          <reporter-output>
          </reporter-output>
        </test-method> <!-- resetState -->
        <test-method signature="verifyAddToCartUpdatesNavbarCountAndShowsToast()[pri:9, instance:com.example.moviedetailstest@4007f65e]" started-at="2026-02-23T09:45:34 IST" name="verifyAddToCartUpdatesNavbarCountAndShowsToast" finished-at="2026-02-23T09:45:34 IST" duration-ms="200" status="PASS">
          <reporter-output>
          </reporter-output>
        </test-method> <!-- verifyAddToCartUpdatesNavbarCountAndShowsToast -->
        <test-method is-config="true" signature="resetState()[pri:0, instance:com.example.moviedetailstest@4007f65e]" started-at="2026-02-23T09:45:34 IST" name="resetState" finished-at="2026-02-23T09:45:34 IST" duration-ms="81" status="PASS">
          <reporter-output>
          </reporter-output>
        </test-method> <!-- resetState -->
        <test-method signature="verifyAddToCartPersistsCartItemInLocalStorage()[pri:10, instance:com.example.moviedetailstest@4007f65e]" started-at="2026-02-23T09:45:34 IST" name="verifyAddToCartPersistsCartItemInLocalStorage" finished-at="2026-02-23T09:45:34 IST" duration-ms="115" status="PASS">
          <reporter-output>
          </reporter-output>
        </test-method> <!-- verifyAddToCartPersistsCartItemInLocalStorage -->
        <test-method is-config="true" signature="resetState()[pri:0, instance:com.example.moviedetailstest@4007f65e]" started-at="2026-02-23T09:45:34 IST" name="resetState" finished-at="2026-02-23T09:45:34 IST" duration-ms="56" status="PASS">
          <reporter-output>
          </reporter-output>
        </test-method> <!-- resetState -->
        <test-method signature="verifyInvalidMovieIdShowsNotFoundMessage()[pri:11, instance:com.example.moviedetailstest@4007f65e]" started-at="2026-02-23T09:45:34 IST" name="verifyInvalidMovieIdShowsNotFoundMessage" finished-at="2026-02-23T09:45:35 IST" duration-ms="68" status="PASS">
          <reporter-output>
          </reporter-output>
        </test-method> <!-- verifyInvalidMovieIdShowsNotFoundMessage -->
        <test-method is-config="true" signature="resetState()[pri:0, instance:com.example.moviedetailstest@4007f65e]" started-at="2026-02-23T09:45:35 IST" name="resetState" finished-at="2026-02-23T09:45:35 IST" duration-ms="61" status="PASS">
          <reporter-output>
          </reporter-output>
        </test-method> <!-- resetState -->
        <test-method signature="verifyMissingMovieIdShowsNotFoundMessage()[pri:12, instance:com.example.moviedetailstest@4007f65e]" started-at="2026-02-23T09:45:35 IST" name="verifyMissingMovieIdShowsNotFoundMessage" finished-at="2026-02-23T09:45:35 IST" duration-ms="67" status="PASS">
          <reporter-output>
          </reporter-output>
        </test-method> <!-- verifyMissingMovieIdShowsNotFoundMessage -->
        <test-method is-config="true" signature="tearDown()[pri:0, instance:com.example.moviedetailstest@4007f65e]" started-at="2026-02-23T09:45:35 IST" name="tearDown" finished-at="2026-02-23T09:45:35 IST" duration-ms="129" status="PASS">
          <reporter-output>
          </reporter-output>
        </test-method> <!-- tearDown -->
      </class> <!-- com.example.moviedetailstest -->
      <class name="com.example.indextest">
        <test-method is-config="true" signature="setup()[pri:0, instance:com.example.indextest@4f32a3ad]" started-at="2026-02-23T09:44:44 IST" name="setup" finished-at="2026-02-23T09:44:45 IST" duration-ms="1155" status="PASS">
          <reporter-output>
          </reporter-output>
        </test-method> <!-- setup -->
        <test-method is-config="true" signature="loadPage()[pri:0, instance:com.example.indextest@4f32a3ad]" started-at="2026-02-23T09:44:45 IST" name="loadPage" finished-at="2026-02-23T09:44:45 IST" duration-ms="132" status="PASS">
          <reporter-output>
          </reporter-output>
        </test-method> <!-- loadPage -->
        <test-method signature="verifyLoginTabDefault()[pri:1, instance:com.example.indextest@4f32a3ad]" started-at="2026-02-23T09:44:46 IST" name="verifyLoginTabDefault" finished-at="2026-02-23T09:44:46 IST" duration-ms="102" status="PASS">
          <reporter-output>
          </reporter-output>
        </test-method> <!-- verifyLoginTabDefault -->
        <test-method is-config="true" signature="loadPage()[pri:0, instance:com.example.indextest@4f32a3ad]" started-at="2026-02-23T09:44:46 IST" name="loadPage" finished-at="2026-02-23T09:44:46 IST" duration-ms="70" status="PASS">
          <reporter-output>
          </reporter-output>
        </test-method> <!-- loadPage -->
        <test-method signature="verifySignupTabSwitch()[pri:2, instance:com.example.indextest@4f32a3ad]" started-at="2026-02-23T09:44:46 IST" name="verifySignupTabSwitch" finished-at="2026-02-23T09:44:46 IST" duration-ms="116" status="PASS">
          <reporter-output>
          </reporter-output>
        </test-method> <!-- verifySignupTabSwitch -->
        <test-method is-config="true" signature="loadPage()[pri:0, instance:com.example.indextest@4f32a3ad]" started-at="2026-02-23T09:44:46 IST" name="loadPage" finished-at="2026-02-23T09:44:46 IST" duration-ms="70" status="PASS">
          <reporter-output>
          </reporter-output>
        </test-method> <!-- loadPage -->
        <test-method signature="verifyLoginEmptyFields()[pri:3, instance:com.example.indextest@4f32a3ad]" started-at="2026-02-23T09:44:46 IST" name="verifyLoginEmptyFields" finished-at="2026-02-23T09:44:46 IST" duration-ms="208" status="PASS">
          <reporter-output>
          </reporter-output>
        </test-method> <!-- verifyLoginEmptyFields -->
        <test-method is-config="true" signature="loadPage()[pri:0, instance:com.example.indextest@4f32a3ad]" started-at="2026-02-23T09:44:46 IST" name="loadPage" finished-at="2026-02-23T09:44:46 IST" duration-ms="58" status="PASS">
          <reporter-output>
          </reporter-output>
        </test-method> <!-- loadPage -->
        <test-method signature="verifySuccessfulSignup()[pri:4, instance:com.example.indextest@4f32a3ad]" started-at="2026-02-23T09:44:46 IST" name="verifySuccessfulSignup" finished-at="2026-02-23T09:44:46 IST" duration-ms="258" status="PASS">
          <reporter-output>
          </reporter-output>
        </test-method> <!-- verifySuccessfulSignup -->
        <test-method is-config="true" signature="loadPage()[pri:0, instance:com.example.indextest@4f32a3ad]" started-at="2026-02-23T09:44:46 IST" name="loadPage" finished-at="2026-02-23T09:44:47 IST" duration-ms="51" status="PASS">
          <reporter-output>
          </reporter-output>
        </test-method> <!-- loadPage -->
        <test-method signature="verifySuccessfulLogin()[pri:5, instance:com.example.indextest@4f32a3ad]" started-at="2026-02-23T09:44:47 IST" name="verifySuccessfulLogin" finished-at="2026-02-23T09:44:47 IST" duration-ms="273" status="PASS">
          <reporter-output>
          </reporter-output>
        </test-method> <!-- verifySuccessfulLogin -->
        <test-method is-config="true" signature="loadPage()[pri:0, instance:com.example.indextest@4f32a3ad]" started-at="2026-02-23T09:44:47 IST" name="loadPage" finished-at="2026-02-23T09:44:47 IST" duration-ms="188" status="PASS">
          <reporter-output>
          </reporter-output>
        </test-method> <!-- loadPage -->
        <test-method signature="verifyIndexPageTitle()[pri:6, instance:com.example.indextest@4f32a3ad]" started-at="2026-02-23T09:44:47 IST" name="verifyIndexPageTitle" finished-at="2026-02-23T09:44:47 IST" duration-ms="8" status="PASS">
          <reporter-output>
          </reporter-output>
        </test-method> <!-- verifyIndexPageTitle -->
        <test-method is-config="true" signature="loadPage()[pri:0, instance:com.example.indextest@4f32a3ad]" started-at="2026-02-23T09:44:47 IST" name="loadPage" finished-at="2026-02-23T09:44:47 IST" duration-ms="56" status="PASS">
          <reporter-output>
          </reporter-output>
        </test-method> <!-- loadPage -->
        <test-method signature="verifyLoginFieldsTypeAndRequired()[pri:7, instance:com.example.indextest@4f32a3ad]" started-at="2026-02-23T09:44:47 IST" name="verifyLoginFieldsTypeAndRequired" finished-at="2026-02-23T09:44:47 IST" duration-ms="57" status="PASS">
          <reporter-output>
          </reporter-output>
        </test-method> <!-- verifyLoginFieldsTypeAndRequired -->
        <test-method is-config="true" signature="loadPage()[pri:0, instance:com.example.indextest@4f32a3ad]" started-at="2026-02-23T09:44:47 IST" name="loadPage" finished-at="2026-02-23T09:44:47 IST" duration-ms="55" status="PASS">
          <reporter-output>
          </reporter-output>
        </test-method> <!-- loadPage -->
        <test-method signature="verifySignupFieldsTypeAndRequired()[pri:8, instance:com.example.indextest@4f32a3ad]" started-at="2026-02-23T09:44:47 IST" name="verifySignupFieldsTypeAndRequired" finished-at="2026-02-23T09:44:47 IST" duration-ms="107" status="PASS">
          <reporter-output>
          </reporter-output>
        </test-method> <!-- verifySignupFieldsTypeAndRequired -->
        <test-method is-config="true" signature="loadPage()[pri:0, instance:com.example.indextest@4f32a3ad]" started-at="2026-02-23T09:44:47 IST" name="loadPage" finished-at="2026-02-23T09:44:47 IST" duration-ms="54" status="PASS">
          <reporter-output>
          </reporter-output>
        </test-method> <!-- loadPage -->
        <test-method signature="verifySwitchBackToLoginTab()[pri:9, instance:com.example.indextest@4f32a3ad]" started-at="2026-02-23T09:44:47 IST" name="verifySwitchBackToLoginTab" finished-at="2026-02-23T09:44:48 IST" duration-ms="153" status="PASS">
          <reporter-output>
          </reporter-output>
        </test-method> <!-- verifySwitchBackToLoginTab -->
        <test-method is-config="true" signature="loadPage()[pri:0, instance:com.example.indextest@4f32a3ad]" started-at="2026-02-23T09:44:48 IST" name="loadPage" finished-at="2026-02-23T09:44:48 IST" duration-ms="63" status="PASS">
          <reporter-output>
          </reporter-output>
        </test-method> <!-- loadPage -->
        <test-method signature="verifyLoginSubmitButtonPresent()[pri:10, instance:com.example.indextest@4f32a3ad]" started-at="2026-02-23T09:44:48 IST" name="verifyLoginSubmitButtonPresent" finished-at="2026-02-23T09:44:48 IST" duration-ms="32" status="PASS">
          <reporter-output>
          </reporter-output>
        </test-method> <!-- verifyLoginSubmitButtonPresent -->
        <test-method is-config="true" signature="loadPage()[pri:0, instance:com.example.indextest@4f32a3ad]" started-at="2026-02-23T09:44:48 IST" name="loadPage" finished-at="2026-02-23T09:44:48 IST" duration-ms="55" status="PASS">
          <reporter-output>
          </reporter-output>
        </test-method> <!-- loadPage -->
        <test-method signature="verifySignupSubmitButtonPresent()[pri:11, instance:com.example.indextest@4f32a3ad]" started-at="2026-02-23T09:44:48 IST" name="verifySignupSubmitButtonPresent" finished-at="2026-02-23T09:44:48 IST" duration-ms="112" status="PASS">
          <reporter-output>
          </reporter-output>
        </test-method> <!-- verifySignupSubmitButtonPresent -->
        <test-method is-config="true" signature="loadPage()[pri:0, instance:com.example.indextest@4f32a3ad]" started-at="2026-02-23T09:44:48 IST" name="loadPage" finished-at="2026-02-23T09:44:48 IST" duration-ms="60" status="PASS">
          <reporter-output>
          </reporter-output>
        </test-method> <!-- loadPage -->
        <test-method signature="verifyLoginTabButtonIsDisplayed()[pri:12, instance:com.example.indextest@4f32a3ad]" started-at="2026-02-23T09:44:48 IST" name="verifyLoginTabButtonIsDisplayed" finished-at="2026-02-23T09:44:48 IST" duration-ms="20" status="PASS">
          <reporter-output>
          </reporter-output>
        </test-method> <!-- verifyLoginTabButtonIsDisplayed -->
        <test-method is-config="true" signature="tearDown()[pri:0, instance:com.example.indextest@4f32a3ad]" started-at="2026-02-23T09:44:48 IST" name="tearDown" finished-at="2026-02-23T09:44:48 IST" duration-ms="160" status="PASS">
          <reporter-output>
          </reporter-output>
        </test-method> <!-- tearDown -->
      </class> <!-- com.example.indextest -->
      <class name="com.example.paymenttest">
        <test-method is-config="true" signature="setup()[pri:0, instance:com.example.paymenttest@5965d37]" started-at="2026-02-23T09:48:36 IST" name="setup" finished-at="2026-02-23T09:48:37 IST" duration-ms="770" status="PASS">
          <reporter-output>
          </reporter-output>
        </test-method> <!-- setup -->
        <test-method is-config="true" signature="resetState()[pri:0, instance:com.example.paymenttest@5965d37]" started-at="2026-02-23T09:48:37 IST" name="resetState" finished-at="2026-02-23T09:48:37 IST" duration-ms="78" status="PASS">
          <reporter-output>
          </reporter-output>
        </test-method> <!-- resetState -->
        <test-method signature="verifyRedirectToCartWhenCartIsEmpty()[pri:1, instance:com.example.paymenttest@5965d37]" started-at="2026-02-23T09:48:37 IST" name="verifyRedirectToCartWhenCartIsEmpty" finished-at="2026-02-23T09:48:37 IST" duration-ms="117" status="PASS">
          <reporter-output>
          </reporter-output>
        </test-method> <!-- verifyRedirectToCartWhenCartIsEmpty -->
        <test-method is-config="true" signature="resetState()[pri:0, instance:com.example.paymenttest@5965d37]" started-at="2026-02-23T09:48:37 IST" name="resetState" finished-at="2026-02-23T09:48:37 IST" duration-ms="69" status="PASS">
          <reporter-output>
          </reporter-output>
        </test-method> <!-- resetState -->
        <test-method signature="verifyPaymentPageTitle()[pri:2, instance:com.example.paymenttest@5965d37]" started-at="2026-02-23T09:48:37 IST" name="verifyPaymentPageTitle" finished-at="2026-02-23T09:48:37 IST" duration-ms="60" status="PASS">
          <reporter-output>
          </reporter-output>
        </test-method> <!-- verifyPaymentPageTitle -->
        <test-method is-config="true" signature="resetState()[pri:0, instance:com.example.paymenttest@5965d37]" started-at="2026-02-23T09:48:37 IST" name="resetState" finished-at="2026-02-23T09:48:37 IST" duration-ms="61" status="PASS">
          <reporter-output>
          </reporter-output>
        </test-method> <!-- resetState -->
        <test-method signature="verifyPaymentFormVisible()[pri:3, instance:com.example.paymenttest@5965d37]" started-at="2026-02-23T09:48:37 IST" name="verifyPaymentFormVisible" finished-at="2026-02-23T09:48:37 IST" duration-ms="80" status="PASS">
          <reporter-output>
          </reporter-output>
        </test-method> <!-- verifyPaymentFormVisible -->
        <test-method is-config="true" signature="resetState()[pri:0, instance:com.example.paymenttest@5965d37]" started-at="2026-02-23T09:48:37 IST" name="resetState" finished-at="2026-02-23T09:48:37 IST" duration-ms="67" status="PASS">
          <reporter-output>
          </reporter-output>
        </test-method> <!-- resetState -->
        <test-method signature="verifyOrderSummaryVisible()[pri:4, instance:com.example.paymenttest@5965d37]" started-at="2026-02-23T09:48:37 IST" name="verifyOrderSummaryVisible" finished-at="2026-02-23T09:48:37 IST" duration-ms="72" status="PASS">
          <reporter-output>
          </reporter-output>
        </test-method> <!-- verifyOrderSummaryVisible -->
        <test-method is-config="true" signature="resetState()[pri:0, instance:com.example.paymenttest@5965d37]" started-at="2026-02-23T09:48:37 IST" name="resetState" finished-at="2026-02-23T09:48:37 IST" duration-ms="68" status="PASS">
          <reporter-output>
          </reporter-output>
        </test-method> <!-- resetState -->
        <test-method signature="verifyNavLinksVisible()[pri:5, instance:com.example.paymenttest@5965d37]" started-at="2026-02-23T09:48:37 IST" name="verifyNavLinksVisible" finished-at="2026-02-23T09:48:38 IST" duration-ms="100" status="PASS">
          <reporter-output>
          </reporter-output>
        </test-method> <!-- verifyNavLinksVisible -->
        <test-method is-config="true" signature="resetState()[pri:0, instance:com.example.paymenttest@5965d37]" started-at="2026-02-23T09:48:38 IST" name="resetState" finished-at="2026-02-23T09:48:38 IST" duration-ms="69" status="PASS">
          <reporter-output>
          </reporter-output>
        </test-method> <!-- resetState -->
        <test-method signature="verifyCardNumberAutoFormatting()[pri:6, instance:com.example.paymenttest@5965d37]" started-at="2026-02-23T09:48:38 IST" name="verifyCardNumberAutoFormatting" finished-at="2026-02-23T09:48:38 IST" duration-ms="144" status="PASS">
          <reporter-output>
          </reporter-output>
        </test-method> <!-- verifyCardNumberAutoFormatting -->
        <test-method is-config="true" signature="resetState()[pri:0, instance:com.example.paymenttest@5965d37]" started-at="2026-02-23T09:48:38 IST" name="resetState" finished-at="2026-02-23T09:48:38 IST" duration-ms="68" status="PASS">
          <reporter-output>
          </reporter-output>
        </test-method> <!-- resetState -->
        <test-method signature="verifyExpiryAutoFormatting()[pri:7, instance:com.example.paymenttest@5965d37]" started-at="2026-02-23T09:48:38 IST" name="verifyExpiryAutoFormatting" finished-at="2026-02-23T09:48:38 IST" duration-ms="127" status="PASS">
          <reporter-output>
          </reporter-output>
        </test-method> <!-- verifyExpiryAutoFormatting -->
        <test-method is-config="true" signature="resetState()[pri:0, instance:com.example.paymenttest@5965d37]" started-at="2026-02-23T09:48:38 IST" name="resetState" finished-at="2026-02-23T09:48:38 IST" duration-ms="72" status="PASS">
          <reporter-output>
          </reporter-output>
        </test-method> <!-- resetState -->
        <test-method signature="verifyCvvAllowsDigitsOnly()[pri:8, instance:com.example.paymenttest@5965d37]" started-at="2026-02-23T09:48:38 IST" name="verifyCvvAllowsDigitsOnly" finished-at="2026-02-23T09:48:38 IST" duration-ms="109" status="PASS">
          <reporter-output>
          </reporter-output>
        </test-method> <!-- verifyCvvAllowsDigitsOnly -->
        <test-method is-config="true" signature="resetState()[pri:0, instance:com.example.paymenttest@5965d37]" started-at="2026-02-23T09:48:38 IST" name="resetState" finished-at="2026-02-23T09:48:38 IST" duration-ms="58" status="PASS">
          <reporter-output>
          </reporter-output>
        </test-method> <!-- resetState -->
        <test-method signature="verifyErrorForEmptyName()[pri:9, instance:com.example.paymenttest@5965d37]" started-at="2026-02-23T09:48:38 IST" name="verifyErrorForEmptyName" finished-at="2026-02-23T09:48:40 IST" duration-ms="1387" status="PASS">
          <reporter-output>
          </reporter-output>
        </test-method> <!-- verifyErrorForEmptyName -->
        <test-method is-config="true" signature="resetState()[pri:0, instance:com.example.paymenttest@5965d37]" started-at="2026-02-23T09:48:40 IST" name="resetState" finished-at="2026-02-23T09:48:40 IST" duration-ms="81" status="PASS">
          <reporter-output>
          </reporter-output>
        </test-method> <!-- resetState -->
        <test-method signature="verifyErrorForInvalidCardNumber()[pri:10, instance:com.example.paymenttest@5965d37]" started-at="2026-02-23T09:48:40 IST" name="verifyErrorForInvalidCardNumber" finished-at="2026-02-23T09:48:41 IST" duration-ms="1348" status="PASS">
          <reporter-output>
          </reporter-output>
        </test-method> <!-- verifyErrorForInvalidCardNumber -->
        <test-method is-config="true" signature="resetState()[pri:0, instance:com.example.paymenttest@5965d37]" started-at="2026-02-23T09:48:41 IST" name="resetState" finished-at="2026-02-23T09:48:41 IST" duration-ms="54" status="PASS">
          <reporter-output>
          </reporter-output>
        </test-method> <!-- resetState -->
        <test-method signature="verifyErrorForInvalidExpiry()[pri:11, instance:com.example.paymenttest@5965d37]" started-at="2026-02-23T09:48:41 IST" name="verifyErrorForInvalidExpiry" finished-at="2026-02-23T09:48:42 IST" duration-ms="1361" status="PASS">
          <reporter-output>
          </reporter-output>
        </test-method> <!-- verifyErrorForInvalidExpiry -->
        <test-method is-config="true" signature="resetState()[pri:0, instance:com.example.paymenttest@5965d37]" started-at="2026-02-23T09:48:42 IST" name="resetState" finished-at="2026-02-23T09:48:43 IST" duration-ms="56" status="PASS">
          <reporter-output>
          </reporter-output>
        </test-method> <!-- resetState -->
        <test-method signature="verifySuccessfulPaymentRedirectsToOrdersAndClearsCart()[pri:12, instance:com.example.paymenttest@5965d37]" started-at="2026-02-23T09:48:43 IST" name="verifySuccessfulPaymentRedirectsToOrdersAndClearsCart" finished-at="2026-02-23T09:48:44 IST" duration-ms="1386" status="PASS">
          <reporter-output>
          </reporter-output>
        </test-method> <!-- verifySuccessfulPaymentRedirectsToOrdersAndClearsCart -->
        <test-method is-config="true" signature="tearDown()[pri:0, instance:com.example.paymenttest@5965d37]" started-at="2026-02-23T09:48:44 IST" name="tearDown" finished-at="2026-02-23T09:48:44 IST" duration-ms="132" status="PASS">
          <reporter-output>
          </reporter-output>
        </test-method> <!-- tearDown -->
      </class> <!-- com.example.paymenttest -->
      <class name="com.example.ordertest">
        <test-method is-config="true" signature="setup()[pri:0, instance:com.example.ordertest@673fdbce]" started-at="2026-02-23T09:48:33 IST" name="setup" finished-at="2026-02-23T09:48:34 IST" duration-ms="803" status="PASS">
          <reporter-output>
          </reporter-output>
        </test-method> <!-- setup -->
        <test-method is-config="true" signature="resetState()[pri:0, instance:com.example.ordertest@673fdbce]" started-at="2026-02-23T09:48:34 IST" name="resetState" finished-at="2026-02-23T09:48:34 IST" duration-ms="88" status="PASS">
          <reporter-output>
          </reporter-output>
        </test-method> <!-- resetState -->
        <test-method signature="verifyOrdersPageTitle()[pri:1, instance:com.example.ordertest@673fdbce]" started-at="2026-02-23T09:48:34 IST" name="verifyOrdersPageTitle" finished-at="2026-02-23T09:48:34 IST" duration-ms="104" status="PASS">
          <reporter-output>
          </reporter-output>
        </test-method> <!-- verifyOrdersPageTitle -->
        <test-method is-config="true" signature="resetState()[pri:0, instance:com.example.ordertest@673fdbce]" started-at="2026-02-23T09:48:34 IST" name="resetState" finished-at="2026-02-23T09:48:34 IST" duration-ms="79" status="PASS">
          <reporter-output>
          </reporter-output>
        </test-method> <!-- resetState -->
        <test-method signature="verifyOrdersUrlContainsOrdersHtml()[pri:2, instance:com.example.ordertest@673fdbce]" started-at="2026-02-23T09:48:34 IST" name="verifyOrdersUrlContainsOrdersHtml" finished-at="2026-02-23T09:48:34 IST" duration-ms="57" status="PASS">
          <reporter-output>
          </reporter-output>
        </test-method> <!-- verifyOrdersUrlContainsOrdersHtml -->
        <test-method is-config="true" signature="resetState()[pri:0, instance:com.example.ordertest@673fdbce]" started-at="2026-02-23T09:48:34 IST" name="resetState" finished-at="2026-02-23T09:48:34 IST" duration-ms="67" status="PASS">
          <reporter-output>
          </reporter-output>
        </test-method> <!-- resetState -->
        <test-method signature="verifyNavigationLinksVisible()[pri:3, instance:com.example.ordertest@673fdbce]" started-at="2026-02-23T09:48:34 IST" name="verifyNavigationLinksVisible" finished-at="2026-02-23T09:48:35 IST" duration-ms="86" status="PASS">
          <reporter-output>
          </reporter-output>
        </test-method> <!-- verifyNavigationLinksVisible -->
        <test-method is-config="true" signature="resetState()[pri:0, instance:com.example.ordertest@673fdbce]" started-at="2026-02-23T09:48:35 IST" name="resetState" finished-at="2026-02-23T09:48:35 IST" duration-ms="73" status="PASS">
          <reporter-output>
          </reporter-output>
        </test-method> <!-- resetState -->
        <test-method signature="verifyOrdersHeadingVisible()[pri:4, instance:com.example.ordertest@673fdbce]" started-at="2026-02-23T09:48:35 IST" name="verifyOrdersHeadingVisible" finished-at="2026-02-23T09:48:35 IST" duration-ms="72" status="PASS">
          <reporter-output>
          </reporter-output>
        </test-method> <!-- verifyOrdersHeadingVisible -->
        <test-method is-config="true" signature="resetState()[pri:0, instance:com.example.ordertest@673fdbce]" started-at="2026-02-23T09:48:35 IST" name="resetState" finished-at="2026-02-23T09:48:35 IST" duration-ms="72" status="PASS">
          <reporter-output>
          </reporter-output>
        </test-method> <!-- resetState -->
        <test-method signature="verifyOrdersListContainerPresent()[pri:5, instance:com.example.ordertest@673fdbce]" started-at="2026-02-23T09:48:35 IST" name="verifyOrdersListContainerPresent" finished-at="2026-02-23T09:48:35 IST" duration-ms="49" status="PASS">
          <reporter-output>
          </reporter-output>
        </test-method> <!-- verifyOrdersListContainerPresent -->
        <test-method is-config="true" signature="resetState()[pri:0, instance:com.example.ordertest@673fdbce]" started-at="2026-02-23T09:48:35 IST" name="resetState" finished-at="2026-02-23T09:48:35 IST" duration-ms="65" status="PASS">
          <reporter-output>
          </reporter-output>
        </test-method> <!-- resetState -->
        <test-method signature="verifyEmptyStateVisibleWhenNoOrders()[pri:6, instance:com.example.ordertest@673fdbce]" started-at="2026-02-23T09:48:35 IST" name="verifyEmptyStateVisibleWhenNoOrders" finished-at="2026-02-23T09:48:35 IST" duration-ms="65" status="PASS">
          <reporter-output>
          </reporter-output>
        </test-method> <!-- verifyEmptyStateVisibleWhenNoOrders -->
        <test-method is-config="true" signature="resetState()[pri:0, instance:com.example.ordertest@673fdbce]" started-at="2026-02-23T09:48:35 IST" name="resetState" finished-at="2026-02-23T09:48:35 IST" duration-ms="66" status="PASS">
          <reporter-output>
          </reporter-output>
        </test-method> <!-- resetState -->
        <test-method signature="verifyEmptyStateHasBrowseMoviesLink()[pri:7, instance:com.example.ordertest@673fdbce]" started-at="2026-02-23T09:48:35 IST" name="verifyEmptyStateHasBrowseMoviesLink" finished-at="2026-02-23T09:48:35 IST" duration-ms="84" status="PASS">
          <reporter-output>
          </reporter-output>
        </test-method> <!-- verifyEmptyStateHasBrowseMoviesLink -->
        <test-method is-config="true" signature="resetState()[pri:0, instance:com.example.ordertest@673fdbce]" started-at="2026-02-23T09:48:35 IST" name="resetState" finished-at="2026-02-23T09:48:35 IST" duration-ms="55" status="PASS">
          <reporter-output>
          </reporter-output>
        </test-method> <!-- resetState -->
        <test-method signature="verifyOrderCardVisibleWhenOrdersExist()[pri:8, instance:com.example.ordertest@673fdbce]" started-at="2026-02-23T09:48:35 IST" name="verifyOrderCardVisibleWhenOrdersExist" finished-at="2026-02-23T09:48:35 IST" duration-ms="83" status="PASS">
          <reporter-output>
          </reporter-output>
        </test-method> <!-- verifyOrderCardVisibleWhenOrdersExist -->
        <test-method is-config="true" signature="resetState()[pri:0, instance:com.example.ordertest@673fdbce]" started-at="2026-02-23T09:48:35 IST" name="resetState" finished-at="2026-02-23T09:48:35 IST" duration-ms="65" status="PASS">
          <reporter-output>
          </reporter-output>
        </test-method> <!-- resetState -->
        <test-method signature="verifyOrderCardShowsIdDateAndTotal()[pri:9, instance:com.example.ordertest@673fdbce]" started-at="2026-02-23T09:48:35 IST" name="verifyOrderCardShowsIdDateAndTotal" finished-at="2026-02-23T09:48:35 IST" duration-ms="125" status="PASS">
          <reporter-output>
          </reporter-output>
        </test-method> <!-- verifyOrderCardShowsIdDateAndTotal -->
        <test-method is-config="true" signature="resetState()[pri:0, instance:com.example.ordertest@673fdbce]" started-at="2026-02-23T09:48:35 IST" name="resetState" finished-at="2026-02-23T09:48:36 IST" duration-ms="53" status="PASS">
          <reporter-output>
          </reporter-output>
        </test-method> <!-- resetState -->
        <test-method signature="verifyOrderItemLineIsRendered()[pri:10, instance:com.example.ordertest@673fdbce]" started-at="2026-02-23T09:48:36 IST" name="verifyOrderItemLineIsRendered" finished-at="2026-02-23T09:48:36 IST" duration-ms="65" status="PASS">
          <reporter-output>
          </reporter-output>
        </test-method> <!-- verifyOrderItemLineIsRendered -->
        <test-method is-config="true" signature="resetState()[pri:0, instance:com.example.ordertest@673fdbce]" started-at="2026-02-23T09:48:36 IST" name="resetState" finished-at="2026-02-23T09:48:36 IST" duration-ms="60" status="PASS">
          <reporter-output>
          </reporter-output>
        </test-method> <!-- resetState -->
        <test-method signature="verifySuccessToastShownWhenSuccessQueryPresent()[pri:11, instance:com.example.ordertest@673fdbce]" started-at="2026-02-23T09:48:36 IST" name="verifySuccessToastShownWhenSuccessQueryPresent" finished-at="2026-02-23T09:48:36 IST" duration-ms="84" status="PASS">
          <reporter-output>
          </reporter-output>
        </test-method> <!-- verifySuccessToastShownWhenSuccessQueryPresent -->
        <test-method is-config="true" signature="resetState()[pri:0, instance:com.example.ordertest@673fdbce]" started-at="2026-02-23T09:48:36 IST" name="resetState" finished-at="2026-02-23T09:48:36 IST" duration-ms="60" status="PASS">
          <reporter-output>
          </reporter-output>
        </test-method> <!-- resetState -->
        <test-method signature="verifyNavCartCountUpdatesFromStoredCart()[pri:12, instance:com.example.ordertest@673fdbce]" started-at="2026-02-23T09:48:36 IST" name="verifyNavCartCountUpdatesFromStoredCart" finished-at="2026-02-23T09:48:36 IST" duration-ms="70" status="PASS">
          <reporter-output>
          </reporter-output>
        </test-method> <!-- verifyNavCartCountUpdatesFromStoredCart -->
        <test-method is-config="true" signature="tearDown()[pri:0, instance:com.example.ordertest@673fdbce]" started-at="2026-02-23T09:48:36 IST" name="tearDown" finished-at="2026-02-23T09:48:36 IST" duration-ms="133" status="PASS">
          <reporter-output>
          </reporter-output>
        </test-method> <!-- tearDown -->
      </class> <!-- com.example.ordertest -->
      <class name="com.example.carttest">
        <test-method is-config="true" signature="setup()[pri:0, instance:com.example.carttest@1a245833]" started-at="2026-02-23T09:45:35 IST" name="setup" finished-at="2026-02-23T09:45:36 IST" duration-ms="773" status="PASS">
          <reporter-output>
          </reporter-output>
        </test-method> <!-- setup -->
        <test-method is-config="true" signature="loadCartPage()[pri:0, instance:com.example.carttest@1a245833]" started-at="2026-02-23T09:45:36 IST" name="loadCartPage" finished-at="2026-02-23T09:45:52 IST" duration-ms="16221" status="PASS">
          <reporter-output>
          </reporter-output>
        </test-method> <!-- loadCartPage -->
        <test-method signature="verifyCartPageTitle()[pri:1, instance:com.example.carttest@1a245833]" started-at="2026-02-23T09:45:52 IST" name="verifyCartPageTitle" finished-at="2026-02-23T09:45:52 IST" duration-ms="6" status="PASS">
          <reporter-output>
          </reporter-output>
        </test-method> <!-- verifyCartPageTitle -->
        <test-method is-config="true" signature="loadCartPage()[pri:0, instance:com.example.carttest@1a245833]" started-at="2026-02-23T09:45:52 IST" name="loadCartPage" finished-at="2026-02-23T09:46:08 IST" duration-ms="16124" status="PASS">
          <reporter-output>
          </reporter-output>
        </test-method> <!-- loadCartPage -->
        <test-method signature="verifyCartUrlContainsCartHtml()[pri:2, instance:com.example.carttest@1a245833]" started-at="2026-02-23T09:46:08 IST" name="verifyCartUrlContainsCartHtml" finished-at="2026-02-23T09:46:08 IST" duration-ms="10" status="PASS">
          <reporter-output>
          </reporter-output>
        </test-method> <!-- verifyCartUrlContainsCartHtml -->
        <test-method is-config="true" signature="loadCartPage()[pri:0, instance:com.example.carttest@1a245833]" started-at="2026-02-23T09:46:08 IST" name="loadCartPage" finished-at="2026-02-23T09:46:24 IST" duration-ms="16095" status="PASS">
          <reporter-output>
          </reporter-output>
        </test-method> <!-- loadCartPage -->
        <test-method signature="verifyCartHeadingVisible()[pri:3, instance:com.example.carttest@1a245833]" started-at="2026-02-23T09:46:24 IST" name="verifyCartHeadingVisible" finished-at="2026-02-23T09:46:24 IST" duration-ms="30" status="PASS">
          <reporter-output>
          </reporter-output>
        </test-method> <!-- verifyCartHeadingVisible -->
        <test-method is-config="true" signature="loadCartPage()[pri:0, instance:com.example.carttest@1a245833]" started-at="2026-02-23T09:46:24 IST" name="loadCartPage" finished-at="2026-02-23T09:46:40 IST" duration-ms="16060" status="PASS">
          <reporter-output>
          </reporter-output>
        </test-method> <!-- loadCartPage -->
        <test-method signature="verifyNavigationLinksVisibleOnCartPage()[pri:4, instance:com.example.carttest@1a245833]" started-at="2026-02-23T09:46:40 IST" name="verifyNavigationLinksVisibleOnCartPage" finished-at="2026-02-23T09:46:40 IST" duration-ms="44" status="PASS">
          <reporter-output>
          </reporter-output>
        </test-method> <!-- verifyNavigationLinksVisibleOnCartPage -->
        <test-method is-config="true" signature="loadCartPage()[pri:0, instance:com.example.carttest@1a245833]" started-at="2026-02-23T09:46:40 IST" name="loadCartPage" finished-at="2026-02-23T09:46:56 IST" duration-ms="16053" status="PASS">
          <reporter-output>
          </reporter-output>
        </test-method> <!-- loadCartPage -->
        <test-method signature="verifyCartContainerVisible()[pri:5, instance:com.example.carttest@1a245833]" started-at="2026-02-23T09:46:56 IST" name="verifyCartContainerVisible" finished-at="2026-02-23T09:46:56 IST" duration-ms="23" status="PASS">
          <reporter-output>
          </reporter-output>
        </test-method> <!-- verifyCartContainerVisible -->
        <test-method is-config="true" signature="loadCartPage()[pri:0, instance:com.example.carttest@1a245833]" started-at="2026-02-23T09:46:56 IST" name="loadCartPage" finished-at="2026-02-23T09:47:12 IST" duration-ms="16110" status="PASS">
          <reporter-output>
          </reporter-output>
        </test-method> <!-- loadCartPage -->
        <test-method signature="verifyCartItemsAreaOrEmptyStateVisible()[pri:6, instance:com.example.carttest@1a245833]" started-at="2026-02-23T09:47:12 IST" name="verifyCartItemsAreaOrEmptyStateVisible" finished-at="2026-02-23T09:47:12 IST" duration-ms="56" status="PASS">
          <reporter-output>
          </reporter-output>
        </test-method> <!-- verifyCartItemsAreaOrEmptyStateVisible -->
        <test-method is-config="true" signature="loadCartPage()[pri:0, instance:com.example.carttest@1a245833]" started-at="2026-02-23T09:47:12 IST" name="loadCartPage" finished-at="2026-02-23T09:47:29 IST" duration-ms="16074" status="PASS">
          <reporter-output>
          </reporter-output>
        </test-method> <!-- loadCartPage -->
        <test-method signature="verifyQuantityControlsWhenItemsExist()[pri:7, instance:com.example.carttest@1a245833]" started-at="2026-02-23T09:47:29 IST" name="verifyQuantityControlsWhenItemsExist" finished-at="2026-02-23T09:47:29 IST" duration-ms="30" status="PASS">
          <reporter-output>
          </reporter-output>
        </test-method> <!-- verifyQuantityControlsWhenItemsExist -->
        <test-method is-config="true" signature="loadCartPage()[pri:0, instance:com.example.carttest@1a245833]" started-at="2026-02-23T09:47:29 IST" name="loadCartPage" finished-at="2026-02-23T09:47:45 IST" duration-ms="16091" status="PASS">
          <reporter-output>
          </reporter-output>
        </test-method> <!-- loadCartPage -->
        <test-method signature="verifyPriceOrSubtotalVisibleForItems()[pri:8, instance:com.example.carttest@1a245833]" started-at="2026-02-23T09:47:45 IST" name="verifyPriceOrSubtotalVisibleForItems" finished-at="2026-02-23T09:47:45 IST" duration-ms="27" status="PASS">
          <reporter-output>
          </reporter-output>
        </test-method> <!-- verifyPriceOrSubtotalVisibleForItems -->
        <test-method is-config="true" signature="loadCartPage()[pri:0, instance:com.example.carttest@1a245833]" started-at="2026-02-23T09:47:45 IST" name="loadCartPage" finished-at="2026-02-23T09:48:01 IST" duration-ms="16088" status="PASS">
          <reporter-output>
          </reporter-output>
        </test-method> <!-- loadCartPage -->
        <test-method signature="verifyTotalSectionVisible()[pri:9, instance:com.example.carttest@1a245833]" started-at="2026-02-23T09:48:01 IST" name="verifyTotalSectionVisible" finished-at="2026-02-23T09:48:01 IST" duration-ms="27" status="PASS">
          <reporter-output>
          </reporter-output>
        </test-method> <!-- verifyTotalSectionVisible -->
        <test-method is-config="true" signature="loadCartPage()[pri:0, instance:com.example.carttest@1a245833]" started-at="2026-02-23T09:48:01 IST" name="loadCartPage" finished-at="2026-02-23T09:48:17 IST" duration-ms="16044" status="PASS">
          <reporter-output>
          </reporter-output>
        </test-method> <!-- loadCartPage -->
        <test-method signature="verifyCheckoutButtonPresence()[pri:10, instance:com.example.carttest@1a245833]" started-at="2026-02-23T09:48:17 IST" name="verifyCheckoutButtonPresence" finished-at="2026-02-23T09:48:17 IST" duration-ms="40" status="PASS">
          <reporter-output>
          </reporter-output>
        </test-method> <!-- verifyCheckoutButtonPresence -->
        <test-method is-config="true" signature="loadCartPage()[pri:0, instance:com.example.carttest@1a245833]" started-at="2026-02-23T09:48:17 IST" name="loadCartPage" finished-at="2026-02-23T09:48:33 IST" duration-ms="16100" status="PASS">
          <reporter-output>
          </reporter-output>
        </test-method> <!-- loadCartPage -->
        <test-method signature="verifyLogoutRedirectFromCart()[pri:11, instance:com.example.carttest@1a245833]" started-at="2026-02-23T09:48:33 IST" name="verifyLogoutRedirectFromCart" finished-at="2026-02-23T09:48:33 IST" duration-ms="112" status="PASS">
          <reporter-output>
          </reporter-output>
        </test-method> <!-- verifyLogoutRedirectFromCart -->
        <test-method is-config="true" signature="tearDown()[pri:0, instance:com.example.carttest@1a245833]" started-at="2026-02-23T09:48:33 IST" name="tearDown" finished-at="2026-02-23T09:48:33 IST" duration-ms="179" status="PASS">
          <reporter-output>
          </reporter-output>
        </test-method> <!-- tearDown -->
      </class> <!-- com.example.carttest -->
      <class name="com.example.hometest">
        <test-method is-config="true" signature="setup()[pri:0, instance:com.example.hometest@6f01b95f]" started-at="2026-02-23T09:44:48 IST" name="setup" finished-at="2026-02-23T09:44:49 IST" duration-ms="790" status="PASS">
          <reporter-output>
          </reporter-output>
        </test-method> <!-- setup -->
        <test-method is-config="true" signature="loadIndexPage()[pri:0, instance:com.example.hometest@6f01b95f]" started-at="2026-02-23T09:44:49 IST" name="loadIndexPage" finished-at="2026-02-23T09:44:54 IST" duration-ms="5123" status="PASS">
          <reporter-output>
          </reporter-output>
        </test-method> <!-- loadIndexPage -->
        <test-method signature="verifyHomePageTitle()[pri:1, instance:com.example.hometest@6f01b95f]" started-at="2026-02-23T09:44:54 IST" name="verifyHomePageTitle" finished-at="2026-02-23T09:45:03 IST" duration-ms="9251" status="PASS">
          <reporter-output>
          </reporter-output>
        </test-method> <!-- verifyHomePageTitle -->
        <test-method is-config="true" signature="loadIndexPage()[pri:0, instance:com.example.hometest@6f01b95f]" started-at="2026-02-23T09:45:03 IST" name="loadIndexPage" finished-at="2026-02-23T09:45:03 IST" duration-ms="186" status="PASS">
          <reporter-output>
          </reporter-output>
        </test-method> <!-- loadIndexPage -->
        <test-method signature="verifyNavigationLinksVisible()[pri:2, instance:com.example.hometest@6f01b95f]" started-at="2026-02-23T09:45:03 IST" name="verifyNavigationLinksVisible" finished-at="2026-02-23T09:45:09 IST" duration-ms="5478" status="PASS">
          <reporter-output>
          </reporter-output>
        </test-method> <!-- verifyNavigationLinksVisible -->
        <test-method is-config="true" signature="loadIndexPage()[pri:0, instance:com.example.hometest@6f01b95f]" started-at="2026-02-23T09:45:09 IST" name="loadIndexPage" finished-at="2026-02-23T09:45:09 IST" duration-ms="163" status="PASS">
          <reporter-output>
          </reporter-output>
        </test-method> <!-- loadIndexPage -->
        <test-method signature="verifySearchBarPresent()[pri:3, instance:com.example.hometest@6f01b95f]" started-at="2026-02-23T09:45:09 IST" name="verifySearchBarPresent" finished-at="2026-02-23T09:45:14 IST" duration-ms="5414" status="PASS">
          <reporter-output>
          </reporter-output>
        </test-method> <!-- verifySearchBarPresent -->
        <test-method is-config="true" signature="loadIndexPage()[pri:0, instance:com.example.hometest@6f01b95f]" started-at="2026-02-23T09:45:14 IST" name="loadIndexPage" finished-at="2026-02-23T09:45:15 IST" duration-ms="170" status="PASS">
          <reporter-output>
          </reporter-output>
        </test-method> <!-- loadIndexPage -->
        <test-method signature="verifyMovieGridVisible()[pri:4, instance:com.example.hometest@6f01b95f]" started-at="2026-02-23T09:45:15 IST" name="verifyMovieGridVisible" finished-at="2026-02-23T09:45:20 IST" duration-ms="5437" status="PASS">
          <reporter-output>
          </reporter-output>
        </test-method> <!-- verifyMovieGridVisible -->
        <test-method is-config="true" signature="loadIndexPage()[pri:0, instance:com.example.hometest@6f01b95f]" started-at="2026-02-23T09:45:20 IST" name="loadIndexPage" finished-at="2026-02-23T09:45:20 IST" duration-ms="158" status="PASS">
          <reporter-output>
          </reporter-output>
        </test-method> <!-- loadIndexPage -->
        <test-method signature="verifyCartCountVisible()[pri:5, instance:com.example.hometest@6f01b95f]" started-at="2026-02-23T09:45:20 IST" name="verifyCartCountVisible" finished-at="2026-02-23T09:45:26 IST" duration-ms="5431" status="PASS">
          <reporter-output>
          </reporter-output>
        </test-method> <!-- verifyCartCountVisible -->
        <test-method is-config="true" signature="loadIndexPage()[pri:0, instance:com.example.hometest@6f01b95f]" started-at="2026-02-23T09:45:26 IST" name="loadIndexPage" finished-at="2026-02-23T09:45:26 IST" duration-ms="169" status="PASS">
          <reporter-output>
          </reporter-output>
        </test-method> <!-- loadIndexPage -->
        <test-method signature="verifyLogoutRedirectsToIndex()[pri:6, instance:com.example.hometest@6f01b95f]" started-at="2026-02-23T09:45:26 IST" name="verifyLogoutRedirectsToIndex" finished-at="2026-02-23T09:45:31 IST" duration-ms="5533" status="PASS">
          <reporter-output>
          </reporter-output>
        </test-method> <!-- verifyLogoutRedirectsToIndex -->
        <test-method is-config="true" signature="tearDown()[pri:0, instance:com.example.hometest@6f01b95f]" started-at="2026-02-23T09:45:31 IST" name="tearDown" finished-at="2026-02-23T09:45:32 IST" duration-ms="150" status="PASS">
          <reporter-output>
          </reporter-output>
        </test-method> <!-- tearDown -->
      </class> <!-- com.example.hometest -->
    </test> <!-- Auth Tests -->
  </suite> <!-- Auth Suite -->
</testng-results>
